<?xml version="1.0" encoding="UTF-8"?>
<testsuites name="Amazon Location" time="39.394" tests="2" failures="0" errors="0">
   <testsuite name="Amazon Location" tests="2" failures="0" errors="0" time="39.394" skipped="0" timestamp="25-01-2024T21:40:32" hostname="tejac - LAPTOP-5AA6QQL1" id="Test Suites/Amazon Validation/Amazon Location">
      <properties>
         <property name="deviceName" value=""/>
         <property name="devicePlatform" value=""/>
         <property name="logFolder" value="C:\\Users\\tejac\\git\\Amazon-App\\Reports\\20240125_214028\\Amazon Validation\\Amazon Location\\20240125_214028"/>
         <property name="logFiles" value="C:\\Users\\tejac\\git\\Amazon-App\\Reports\\20240125_214028\\Amazon Validation\\Amazon Location\\20240125_214028\\execution0.log"/>
         <property name="attachments" value=""/>
         <property name="hostName" value="tejac - LAPTOP-5AA6QQL1"/>
         <property name="os" value="Windows 11 64bit"/>
         <property name="katalonVersion" value="9.2.0.212"/>
         <property name="browser" value="Chrome 121.0.0.0"/>
         <property name="hostAddress" value="192.168.0.143"/>
         <property name="sessionId" value="23638c77aa1c6c67901bd81c7052fc25"/>
         <property name="seleniumVersion" value="3.141.59"/>
         <property name="proxyInformation" value="ProxyInformation { proxyOption=NO_PROXY, proxyServerType=HTTP, username=, password=********, proxyServerAddress=, proxyServerPort=0, executionList=&quot;&quot;, isApplyToDesiredCapabilities=true }"/>
         <property name="platform" value="Windows 11"/>
      </properties>
      <testcase name="Test Cases/Data_Driven_Testing/TC_Amazon_Best sellers" time="20.079" classname="Test Cases/Data_Driven_Testing/TC_Amazon_Best sellers" status="PASSED">
         <system-out><![CDATA[25-01-2024T21:40:33 - [TEST_CASE][PASSED] - Test Cases/Data_Driven_Testing/TC_Amazon_Best sellers: Test Cases/Data_Driven_Testing/TC_Amazon_Best sellers

25-01-2024T21:40:33 - [TEST_STEP][PASSED] - openBrowser(""): Browser is opened with url: ''

25-01-2024T21:40:33 - [MESSAGE][INFO] - Starting 'Chrome' driver

25-01-2024T21:40:33 - [MESSAGE][INFO] - Action delay is set to 0 milliseconds

25-01-2024T21:40:35 - [MESSAGE][PASSED] - Browser is opened with url: ''

25-01-2024T21:40:35 - [TEST_STEP][PASSED] - navigateToUrl("https://www.amazon.com/"): Navigate to 'https://www.amazon.com/' successfully

25-01-2024T21:40:37 - [MESSAGE][PASSED] - Navigate to 'https://www.amazon.com/' successfully

25-01-2024T21:40:37 - [TEST_STEP][PASSED] - click(findTestObject("Object Repository/Amazon_Loc_OR/Page_Amazon.com. Spend less. Smile more/span_Hello, sign in")): Object: 'Object Repository/Amazon_Loc_OR/Page_Amazon.com. Spend less. Smile more/span_Hello, sign in' is clicked on

25-01-2024T21:40:39 - [MESSAGE][PASSED] - Object: 'Object Repository/Amazon_Loc_OR/Page_Amazon.com. Spend less. Smile more/span_Hello, sign in' is clicked on

25-01-2024T21:40:39 - [TEST_STEP][PASSED] - setText(findTestObject("Object Repository/Amazon_Loc_OR/Page_Amazon Sign-In/input_email"), "tejach312@gmail.com"): Text 'tejach312@gmail.com' is set on object 'Object Repository/Amazon_Loc_OR/Page_Amazon Sign-In/input_email'

25-01-2024T21:40:40 - [MESSAGE][PASSED] - Text 'tejach312@gmail.com' is set on object 'Object Repository/Amazon_Loc_OR/Page_Amazon Sign-In/input_email'

25-01-2024T21:40:40 - [TEST_STEP][PASSED] - click(findTestObject("Object Repository/Amazon_Loc_OR/Page_Amazon Sign-In/inputcontinue")): Object: 'Object Repository/Amazon_Loc_OR/Page_Amazon Sign-In/inputcontinue' is clicked on

25-01-2024T21:40:41 - [MESSAGE][PASSED] - Object: 'Object Repository/Amazon_Loc_OR/Page_Amazon Sign-In/inputcontinue' is clicked on

25-01-2024T21:40:41 - [TEST_STEP][PASSED] - setEncryptedText(findTestObject("Object Repository/Amazon_Loc_OR/Page_Amazon Sign-In/input_password"), "MAPjDJh7XRfzOPtg0Z9QNQ=="): Text ****** has been set on object 'Object Repository/Amazon_Loc_OR/Page_Amazon Sign-In/input_password'

25-01-2024T21:40:43 - [MESSAGE][PASSED] - Text ****** has been set on object 'Object Repository/Amazon_Loc_OR/Page_Amazon Sign-In/input_password'

25-01-2024T21:40:43 - [TEST_STEP][PASSED] - click(findTestObject("Object Repository/Amazon_Loc_OR/Page_Amazon Sign-In/inputsignInSubmit")): Object: 'Object Repository/Amazon_Loc_OR/Page_Amazon Sign-In/inputsignInSubmit' is clicked on

25-01-2024T21:40:43 - [MESSAGE][PASSED] - Object: 'Object Repository/Amazon_Loc_OR/Page_Amazon Sign-In/inputsignInSubmit' is clicked on

25-01-2024T21:40:43 - [TEST_STEP][PASSED] - click(findTestObject("Object Repository/Amazon_Loc_OR/Page_Amazon.com. Spend less. Smile more/i_hm-icon nav-sprite")): Object: 'Object Repository/Amazon_Loc_OR/Page_Amazon.com. Spend less. Smile more/i_hm-icon nav-sprite' is clicked on

25-01-2024T21:40:46 - [MESSAGE][PASSED] - Object: 'Object Repository/Amazon_Loc_OR/Page_Amazon.com. Spend less. Smile more/i_hm-icon nav-sprite' is clicked on

25-01-2024T21:40:46 - [TEST_STEP][PASSED] - click(findTestObject("Object Repository/Amazon_Loc_OR/Page_Amazon.com. Spend less. Smile more/a_United States")): Object: 'Object Repository/Amazon_Loc_OR/Page_Amazon.com. Spend less. Smile more/a_United States' is clicked on

25-01-2024T21:40:48 - [MESSAGE][PASSED] - Object: 'Object Repository/Amazon_Loc_OR/Page_Amazon.com. Spend less. Smile more/a_United States' is clicked on

25-01-2024T21:40:48 - [TEST_STEP][PASSED] - click(findTestObject("Object Repository/Amazon_Loc_OR/Page_Go to website/span_United States")): Object: 'Object Repository/Amazon_Loc_OR/Page_Go to website/span_United States' is clicked on

25-01-2024T21:40:50 - [MESSAGE][PASSED] - Object: 'Object Repository/Amazon_Loc_OR/Page_Go to website/span_United States' is clicked on

25-01-2024T21:40:50 - [TEST_STEP][PASSED] - click(findTestObject("Object Repository/Amazon_Loc_OR/Page_Go to website/a_India")): Object: 'Object Repository/Amazon_Loc_OR/Page_Go to website/a_India' is clicked on

25-01-2024T21:40:51 - [MESSAGE][PASSED] - Object: 'Object Repository/Amazon_Loc_OR/Page_Go to website/a_India' is clicked on

25-01-2024T21:40:51 - [TEST_STEP][PASSED] - click(findTestObject("Object Repository/Amazon_Loc_OR/Page_Go to website/input_a-button-input")): Object: 'Object Repository/Amazon_Loc_OR/Page_Go to website/input_a-button-input' is clicked on

25-01-2024T21:40:52 - [MESSAGE][PASSED] - Object: 'Object Repository/Amazon_Loc_OR/Page_Go to website/input_a-button-input' is clicked on

25-01-2024T21:40:52 - [TEST_STEP][PASSED] - closeBrowser(): Browser is closed

25-01-2024T21:40:53 - [MESSAGE][PASSED] - Browser is closed]]></system-out>
         <system-err><![CDATA[]]></system-err>
      </testcase>
      <testcase name="Test Cases/Data_Driven_Testing/TC_Amazon_Best sellers" time="18.957" classname="Test Cases/Data_Driven_Testing/TC_Amazon_Best sellers" status="PASSED">
         <system-out><![CDATA[25-01-2024T21:40:53 - [TEST_CASE][PASSED] - Test Cases/Data_Driven_Testing/TC_Amazon_Best sellers: Test Cases/Data_Driven_Testing/TC_Amazon_Best sellers

25-01-2024T21:40:53 - [TEST_STEP][PASSED] - openBrowser(""): Browser is opened with url: ''

25-01-2024T21:40:53 - [MESSAGE][INFO] - Starting 'Chrome' driver

25-01-2024T21:40:53 - [MESSAGE][INFO] - Action delay is set to 0 milliseconds

25-01-2024T21:40:54 - [MESSAGE][PASSED] - Browser is opened with url: ''

25-01-2024T21:40:54 - [TEST_STEP][PASSED] - navigateToUrl("https://www.amazon.com/"): Navigate to 'https://www.amazon.com/' successfully

25-01-2024T21:40:56 - [MESSAGE][PASSED] - Navigate to 'https://www.amazon.com/' successfully

25-01-2024T21:40:56 - [TEST_STEP][PASSED] - click(findTestObject("Object Repository/Amazon_Loc_OR/Page_Amazon.com. Spend less. Smile more/span_Hello, sign in")): Object: 'Object Repository/Amazon_Loc_OR/Page_Amazon.com. Spend less. Smile more/span_Hello, sign in' is clicked on

25-01-2024T21:40:58 - [MESSAGE][PASSED] - Object: 'Object Repository/Amazon_Loc_OR/Page_Amazon.com. Spend less. Smile more/span_Hello, sign in' is clicked on

25-01-2024T21:40:58 - [TEST_STEP][PASSED] - setText(findTestObject("Object Repository/Amazon_Loc_OR/Page_Amazon Sign-In/input_email"), "tejach312@gmail.com"): Text 'tejach312@gmail.com' is set on object 'Object Repository/Amazon_Loc_OR/Page_Amazon Sign-In/input_email'

25-01-2024T21:40:59 - [MESSAGE][PASSED] - Text 'tejach312@gmail.com' is set on object 'Object Repository/Amazon_Loc_OR/Page_Amazon Sign-In/input_email'

25-01-2024T21:40:59 - [TEST_STEP][PASSED] - click(findTestObject("Object Repository/Amazon_Loc_OR/Page_Amazon Sign-In/inputcontinue")): Object: 'Object Repository/Amazon_Loc_OR/Page_Amazon Sign-In/inputcontinue' is clicked on

25-01-2024T21:41:01 - [MESSAGE][PASSED] - Object: 'Object Repository/Amazon_Loc_OR/Page_Amazon Sign-In/inputcontinue' is clicked on

25-01-2024T21:41:01 - [TEST_STEP][PASSED] - setEncryptedText(findTestObject("Object Repository/Amazon_Loc_OR/Page_Amazon Sign-In/input_password"), "MAPjDJh7XRfzOPtg0Z9QNQ=="): Text ****** has been set on object 'Object Repository/Amazon_Loc_OR/Page_Amazon Sign-In/input_password'

25-01-2024T21:41:02 - [MESSAGE][PASSED] - Text ****** has been set on object 'Object Repository/Amazon_Loc_OR/Page_Amazon Sign-In/input_password'

25-01-2024T21:41:02 - [TEST_STEP][PASSED] - click(findTestObject("Object Repository/Amazon_Loc_OR/Page_Amazon Sign-In/inputsignInSubmit")): Object: 'Object Repository/Amazon_Loc_OR/Page_Amazon Sign-In/inputsignInSubmit' is clicked on

25-01-2024T21:41:02 - [MESSAGE][PASSED] - Object: 'Object Repository/Amazon_Loc_OR/Page_Amazon Sign-In/inputsignInSubmit' is clicked on

25-01-2024T21:41:02 - [TEST_STEP][PASSED] - click(findTestObject("Object Repository/Amazon_Loc_OR/Page_Amazon.com. Spend less. Smile more/i_hm-icon nav-sprite")): Object: 'Object Repository/Amazon_Loc_OR/Page_Amazon.com. Spend less. Smile more/i_hm-icon nav-sprite' is clicked on

25-01-2024T21:41:05 - [MESSAGE][PASSED] - Object: 'Object Repository/Amazon_Loc_OR/Page_Amazon.com. Spend less. Smile more/i_hm-icon nav-sprite' is clicked on

25-01-2024T21:41:05 - [TEST_STEP][PASSED] - click(findTestObject("Object Repository/Amazon_Loc_OR/Page_Amazon.com. Spend less. Smile more/a_United States")): Object: 'Object Repository/Amazon_Loc_OR/Page_Amazon.com. Spend less. Smile more/a_United States' is clicked on

25-01-2024T21:41:07 - [MESSAGE][PASSED] - Object: 'Object Repository/Amazon_Loc_OR/Page_Amazon.com. Spend less. Smile more/a_United States' is clicked on

25-01-2024T21:41:07 - [TEST_STEP][PASSED] - click(findTestObject("Object Repository/Amazon_Loc_OR/Page_Go to website/span_United States")): Object: 'Object Repository/Amazon_Loc_OR/Page_Go to website/span_United States' is clicked on

25-01-2024T21:41:09 - [MESSAGE][PASSED] - Object: 'Object Repository/Amazon_Loc_OR/Page_Go to website/span_United States' is clicked on

25-01-2024T21:41:09 - [TEST_STEP][PASSED] - click(findTestObject("Object Repository/Amazon_Loc_OR/Page_Go to website/a_India")): Object: 'Object Repository/Amazon_Loc_OR/Page_Go to website/a_India' is clicked on

25-01-2024T21:41:10 - [MESSAGE][PASSED] - Object: 'Object Repository/Amazon_Loc_OR/Page_Go to website/a_India' is clicked on

25-01-2024T21:41:10 - [TEST_STEP][PASSED] - click(findTestObject("Object Repository/Amazon_Loc_OR/Page_Go to website/input_a-button-input")): Object: 'Object Repository/Amazon_Loc_OR/Page_Go to website/input_a-button-input' is clicked on

25-01-2024T21:41:11 - [MESSAGE][PASSED] - Object: 'Object Repository/Amazon_Loc_OR/Page_Go to website/input_a-button-input' is clicked on

25-01-2024T21:41:11 - [TEST_STEP][PASSED] - closeBrowser(): Browser is closed

25-01-2024T21:41:12 - [MESSAGE][PASSED] - Browser is closed]]></system-out>
         <system-err><![CDATA[]]></system-err>
      </testcase>
      <system-out><![CDATA[25-01-2024T21:40:32 - [TEST_SUITE][PASSED] - Amazon Location: Test Cases/Data_Driven_Testing/TC_Amazon_Best sellers]]></system-out>
      <system-err><![CDATA[]]></system-err>
   </testsuite>
</testsuites>
