<?xml version="1.0" encoding="UTF-8"?>
<testsuites name="Amazon wish" time="102.125" tests="3" failures="0" errors="0">
   <testsuite name="Amazon wish" tests="3" failures="0" errors="0" time="102.125" skipped="0" timestamp="25-01-2024T20:13:55" hostname="tejac - LAPTOP-5AA6QQL1" id="Test Suites/Amazon Validation/Amazon wish">
      <properties>
         <property name="deviceName" value=""/>
         <property name="devicePlatform" value=""/>
         <property name="logFolder" value="C:\\Users\\tejac\\git\\Amazon-App\\Reports\\20240125_201351\\Amazon Validation\\Amazon wish\\20240125_201351"/>
         <property name="logFiles" value="C:\\Users\\tejac\\git\\Amazon-App\\Reports\\20240125_201351\\Amazon Validation\\Amazon wish\\20240125_201351\\execution0.log"/>
         <property name="attachments" value=""/>
         <property name="hostName" value="tejac - LAPTOP-5AA6QQL1"/>
         <property name="os" value="Windows 11 64bit"/>
         <property name="katalonVersion" value="9.2.0.212"/>
         <property name="browser" value="Chrome 121.0.0.0"/>
         <property name="hostAddress" value="192.168.0.143"/>
         <property name="sessionId" value="a567f5a687a871505c7881743fc68773"/>
         <property name="seleniumVersion" value="3.141.59"/>
         <property name="proxyInformation" value="ProxyInformation { proxyOption=NO_PROXY, proxyServerType=HTTP, username=, password=********, proxyServerAddress=, proxyServerPort=0, executionList=&quot;&quot;, isApplyToDesiredCapabilities=true }"/>
         <property name="platform" value="Windows 11"/>
      </properties>
      <testcase name="Test Cases/Data_Driven_Testing/Tc_Amazon_Wish_03" time="25.355" classname="Test Cases/Data_Driven_Testing/Tc_Amazon_Wish_03" status="PASSED">
         <system-out><![CDATA[25-01-2024T20:13:55 - [TEST_CASE][PASSED] - Test Cases/Data_Driven_Testing/Tc_Amazon_Wish_03: Test Cases/Data_Driven_Testing/Tc_Amazon_Wish_03

25-01-2024T20:13:55 - [TEST_STEP][PASSED] - openBrowser(""): Browser is opened with url: ''

25-01-2024T20:13:55 - [MESSAGE][INFO] - Starting 'Chrome' driver

25-01-2024T20:13:55 - [MESSAGE][INFO] - Action delay is set to 0 milliseconds

25-01-2024T20:13:57 - [MESSAGE][PASSED] - Browser is opened with url: ''

25-01-2024T20:13:57 - [TEST_STEP][PASSED] - navigateToUrl("https://www.amazon.com/"): Navigate to 'https://www.amazon.com/' successfully

25-01-2024T20:14:00 - [MESSAGE][PASSED] - Navigate to 'https://www.amazon.com/' successfully

25-01-2024T20:14:00 - [TEST_STEP][PASSED] - setText(findTestObject("Object Repository/Page_Amazon.com  umbrella/input_field-keywords"), "umbrella"): Text 'umbrella' is set on object 'Object Repository/Page_Amazon.com  umbrella/input_field-keywords'

25-01-2024T20:14:02 - [MESSAGE][PASSED] - Text 'umbrella' is set on object 'Object Repository/Page_Amazon.com  umbrella/input_field-keywords'

25-01-2024T20:14:02 - [TEST_STEP][PASSED] - click(findTestObject("Object Repository/Page_Amazon.com  umbrella/inputnav-search-submit-button")): Object: 'Object Repository/Page_Amazon.com  umbrella/inputnav-search-submit-button' is clicked on

25-01-2024T20:14:08 - [MESSAGE][PASSED] - Object: 'Object Repository/Page_Amazon.com  umbrella/inputnav-search-submit-button' is clicked on

25-01-2024T20:14:08 - [TEST_STEP][PASSED] - click(findTestObject("Object Repository/Page_Amazon.com  umbrella/img_s-image")): Object: 'Object Repository/Page_Amazon.com  umbrella/img_s-image' is clicked on

25-01-2024T20:14:15 - [MESSAGE][PASSED] - Object: 'Object Repository/Page_Amazon.com  umbrella/img_s-image' is clicked on

25-01-2024T20:14:15 - [TEST_STEP][PASSED] - click(findTestObject("Object Repository/Page_Amazon.com Anntrue Windproof Travel Um_6413a8/a_Add to List")): Object: 'Object Repository/Page_Amazon.com Anntrue Windproof Travel Um_6413a8/a_Add to List' is clicked on

25-01-2024T20:14:20 - [MESSAGE][PASSED] - Object: 'Object Repository/Page_Amazon.com Anntrue Windproof Travel Um_6413a8/a_Add to List' is clicked on

25-01-2024T20:14:20 - [TEST_STEP][PASSED] - closeBrowser(): Browser is closed

25-01-2024T20:14:20 - [MESSAGE][PASSED] - Browser is closed]]></system-out>
         <system-err><![CDATA[]]></system-err>
      </testcase>
      <testcase name="Test Cases/Data_Driven_Testing/Tc_Amazon_Wish_03" time="49.762" classname="Test Cases/Data_Driven_Testing/Tc_Amazon_Wish_03" status="PASSED">
         <system-out><![CDATA[25-01-2024T20:14:20 - [TEST_CASE][PASSED] - Test Cases/Data_Driven_Testing/Tc_Amazon_Wish_03: Test Cases/Data_Driven_Testing/Tc_Amazon_Wish_03

25-01-2024T20:14:20 - [TEST_STEP][PASSED] - openBrowser(""): Browser is opened with url: ''

25-01-2024T20:14:20 - [MESSAGE][INFO] - Starting 'Chrome' driver

25-01-2024T20:14:20 - [MESSAGE][INFO] - Action delay is set to 0 milliseconds

25-01-2024T20:14:21 - [MESSAGE][PASSED] - Browser is opened with url: ''

25-01-2024T20:14:21 - [TEST_STEP][PASSED] - navigateToUrl("https://www.amazon.com/"): Navigate to 'https://www.amazon.com/' successfully

25-01-2024T20:14:24 - [MESSAGE][PASSED] - Navigate to 'https://www.amazon.com/' successfully

25-01-2024T20:14:24 - [TEST_STEP][PASSED] - setText(findTestObject("Object Repository/Page_Amazon.com  umbrella/input_field-keywords"), "umbrella"): Text 'umbrella' is set on object 'Object Repository/Page_Amazon.com  umbrella/input_field-keywords'

25-01-2024T20:14:25 - [MESSAGE][PASSED] - Text 'umbrella' is set on object 'Object Repository/Page_Amazon.com  umbrella/input_field-keywords'

25-01-2024T20:14:25 - [TEST_STEP][PASSED] - click(findTestObject("Object Repository/Page_Amazon.com  umbrella/inputnav-search-submit-button")): Object: 'Object Repository/Page_Amazon.com  umbrella/inputnav-search-submit-button' is clicked on

25-01-2024T20:14:30 - [MESSAGE][PASSED] - Object: 'Object Repository/Page_Amazon.com  umbrella/inputnav-search-submit-button' is clicked on

25-01-2024T20:14:30 - [TEST_STEP][PASSED] - click(findTestObject("Object Repository/Page_Amazon.com  umbrella/img_s-image")): Object: 'Object Repository/Page_Amazon.com  umbrella/img_s-image' is clicked on

25-01-2024T20:15:02 - [MESSAGE][INFO] - Unable to find the element located by 'By.xpath: //div[@id='search']/div/div/div/span/div/div[2]/div/div/div/div/span/div/div/div/span/a/div/img'. Please recheck the objects properties to make sure the desired element is located. 

25-01-2024T20:15:02 - [MESSAGE][WARNING] - [SELF-HEALING] Failed to find element with id 'Object Repository/Page_Amazon.com  umbrella/img_s-image'. Try using Self-healing.

25-01-2024T20:15:02 - [MESSAGE][INFO] - [SELF-HEALING] Failed Locator: '//div[@id='search']/div/div/div/span/div/div[2]/div/div/div/div/span/div/div/div/span/a/div/img'.

25-01-2024T20:15:02 - [MESSAGE][INFO] - [SELF-HEALING] Failed Locator: '//img[@alt='Sponsored Ad - Anntrue Windproof Travel Umbrella, Auto Open Close Lightweight Compact Portable Backpack Folding Umbrella, ...']'.

25-01-2024T20:15:02 - [MESSAGE][INFO] - [SELF-HEALING] Working Locator: '//a/div/img'.

25-01-2024T20:15:03 - [MESSAGE][INFO] - [SELF-HEALING] Screenshot: C:/Users/tejac/git/Amazon-App/Reports/Self-healing/Object Repository/Page_Amazon.com  umbrella/img_s-image_position.png

25-01-2024T20:15:03 - [MESSAGE][WARNING] - [SELF-HEALING] The current locator of test object 'Object Repository/Page_Amazon.com  umbrella/img_s-image' was broken. Propose an alternative one: '//a/div/img'.

25-01-2024T20:15:06 - [MESSAGE][PASSED] - Object: 'Object Repository/Page_Amazon.com  umbrella/img_s-image' is clicked on

25-01-2024T20:15:06 - [TEST_STEP][PASSED] - click(findTestObject("Object Repository/Page_Amazon.com Anntrue Windproof Travel Um_6413a8/a_Add to List")): Object: 'Object Repository/Page_Amazon.com Anntrue Windproof Travel Um_6413a8/a_Add to List' is clicked on

25-01-2024T20:15:10 - [MESSAGE][PASSED] - Object: 'Object Repository/Page_Amazon.com Anntrue Windproof Travel Um_6413a8/a_Add to List' is clicked on

25-01-2024T20:15:10 - [TEST_STEP][PASSED] - closeBrowser(): Browser is closed

25-01-2024T20:15:10 - [MESSAGE][PASSED] - Browser is closed]]></system-out>
         <system-err><![CDATA[]]></system-err>
      </testcase>
      <testcase name="Test Cases/Data_Driven_Testing/Tc_Amazon_Wish_03" time="26.707" classname="Test Cases/Data_Driven_Testing/Tc_Amazon_Wish_03" status="PASSED">
         <system-out><![CDATA[25-01-2024T20:15:10 - [TEST_CASE][PASSED] - Test Cases/Data_Driven_Testing/Tc_Amazon_Wish_03: Test Cases/Data_Driven_Testing/Tc_Amazon_Wish_03

25-01-2024T20:15:10 - [TEST_STEP][PASSED] - openBrowser(""): Browser is opened with url: ''

25-01-2024T20:15:10 - [MESSAGE][INFO] - Starting 'Chrome' driver

25-01-2024T20:15:10 - [MESSAGE][INFO] - Action delay is set to 0 milliseconds

25-01-2024T20:15:11 - [MESSAGE][PASSED] - Browser is opened with url: ''

25-01-2024T20:15:11 - [TEST_STEP][PASSED] - navigateToUrl("https://www.amazon.com/"): Navigate to 'https://www.amazon.com/' successfully

25-01-2024T20:15:13 - [MESSAGE][PASSED] - Navigate to 'https://www.amazon.com/' successfully

25-01-2024T20:15:13 - [TEST_STEP][PASSED] - setText(findTestObject("Object Repository/Page_Amazon.com  umbrella/input_field-keywords"), "umbrella"): Text 'umbrella' is set on object 'Object Repository/Page_Amazon.com  umbrella/input_field-keywords'

25-01-2024T20:15:22 - [MESSAGE][PASSED] - Text 'umbrella' is set on object 'Object Repository/Page_Amazon.com  umbrella/input_field-keywords'

25-01-2024T20:15:22 - [TEST_STEP][PASSED] - click(findTestObject("Object Repository/Page_Amazon.com  umbrella/inputnav-search-submit-button")): Object: 'Object Repository/Page_Amazon.com  umbrella/inputnav-search-submit-button' is clicked on

25-01-2024T20:15:28 - [MESSAGE][PASSED] - Object: 'Object Repository/Page_Amazon.com  umbrella/inputnav-search-submit-button' is clicked on

25-01-2024T20:15:28 - [TEST_STEP][PASSED] - click(findTestObject("Object Repository/Page_Amazon.com  umbrella/img_s-image")): Object: 'Object Repository/Page_Amazon.com  umbrella/img_s-image' is clicked on

25-01-2024T20:15:33 - [MESSAGE][PASSED] - Object: 'Object Repository/Page_Amazon.com  umbrella/img_s-image' is clicked on

25-01-2024T20:15:33 - [TEST_STEP][PASSED] - click(findTestObject("Object Repository/Page_Amazon.com Anntrue Windproof Travel Um_6413a8/a_Add to List")): Object: 'Object Repository/Page_Amazon.com Anntrue Windproof Travel Um_6413a8/a_Add to List' is clicked on

25-01-2024T20:15:36 - [MESSAGE][PASSED] - Object: 'Object Repository/Page_Amazon.com Anntrue Windproof Travel Um_6413a8/a_Add to List' is clicked on

25-01-2024T20:15:36 - [TEST_STEP][PASSED] - closeBrowser(): Browser is closed

25-01-2024T20:15:37 - [MESSAGE][PASSED] - Browser is closed]]></system-out>
         <system-err><![CDATA[]]></system-err>
      </testcase>
      <system-out><![CDATA[25-01-2024T20:13:55 - [TEST_SUITE][PASSED] - Amazon wish: Test Cases/Data_Driven_Testing/Tc_Amazon_Wish_03]]></system-out>
      <system-err><![CDATA[]]></system-err>
   </testsuite>
</testsuites>
