<?xml version="1.0" encoding="UTF-8"?>
<testsuites name="Amazon wish" time="64.799" tests="3" failures="0" errors="0">
   <testsuite name="Amazon wish" tests="3" failures="0" errors="0" time="64.799" skipped="0" timestamp="25-01-2024T20:17:46" hostname="tejac - LAPTOP-5AA6QQL1" id="Test Suites/Amazon Validation/Amazon wish">
      <properties>
         <property name="deviceName" value=""/>
         <property name="devicePlatform" value=""/>
         <property name="logFolder" value="C:\\Users\\tejac\\git\\Amazon-App\\Reports\\20240125_201741\\Amazon Validation\\Amazon wish\\20240125_201742"/>
         <property name="logFiles" value="C:\\Users\\tejac\\git\\Amazon-App\\Reports\\20240125_201741\\Amazon Validation\\Amazon wish\\20240125_201742\\execution0.log"/>
         <property name="attachments" value=""/>
         <property name="hostName" value="tejac - LAPTOP-5AA6QQL1"/>
         <property name="os" value="Windows 11 64bit"/>
         <property name="katalonVersion" value="9.2.0.212"/>
         <property name="browser" value="Chrome 121.0.0.0"/>
         <property name="hostAddress" value="192.168.0.143"/>
         <property name="sessionId" value="8d3b600b6c87a62961b5b0dcb7687088"/>
         <property name="seleniumVersion" value="3.141.59"/>
         <property name="proxyInformation" value="ProxyInformation { proxyOption=NO_PROXY, proxyServerType=HTTP, username=, password=********, proxyServerAddress=, proxyServerPort=0, executionList=&quot;&quot;, isApplyToDesiredCapabilities=true }"/>
         <property name="platform" value="Windows 11"/>
      </properties>
      <testcase name="Test Cases/Data_Driven_Testing/Tc_Amazon_Wish_03" time="21.953" classname="Test Cases/Data_Driven_Testing/Tc_Amazon_Wish_03" status="PASSED">
         <system-out><![CDATA[25-01-2024T20:17:46 - [TEST_CASE][PASSED] - Test Cases/Data_Driven_Testing/Tc_Amazon_Wish_03: Test Cases/Data_Driven_Testing/Tc_Amazon_Wish_03

25-01-2024T20:17:47 - [TEST_STEP][PASSED] - openBrowser(""): Browser is opened with url: ''

25-01-2024T20:17:47 - [MESSAGE][INFO] - Starting 'Chrome' driver

25-01-2024T20:17:47 - [MESSAGE][INFO] - Action delay is set to 0 milliseconds

25-01-2024T20:17:49 - [MESSAGE][PASSED] - Browser is opened with url: ''

25-01-2024T20:17:49 - [TEST_STEP][PASSED] - navigateToUrl("https://www.amazon.com/"): Navigate to 'https://www.amazon.com/' successfully

25-01-2024T20:17:51 - [MESSAGE][PASSED] - Navigate to 'https://www.amazon.com/' successfully

25-01-2024T20:17:51 - [TEST_STEP][PASSED] - setText(findTestObject("Object Repository/Page_Amazon.com  umbrella/input_field-keywords"), item): Text 'umbrella' is set on object 'Object Repository/Page_Amazon.com  umbrella/input_field-keywords'

25-01-2024T20:17:52 - [MESSAGE][PASSED] - Text 'umbrella' is set on object 'Object Repository/Page_Amazon.com  umbrella/input_field-keywords'

25-01-2024T20:17:52 - [TEST_STEP][PASSED] - click(findTestObject("Object Repository/Page_Amazon.com  umbrella/inputnav-search-submit-button")): Object: 'Object Repository/Page_Amazon.com  umbrella/inputnav-search-submit-button' is clicked on

25-01-2024T20:17:58 - [MESSAGE][PASSED] - Object: 'Object Repository/Page_Amazon.com  umbrella/inputnav-search-submit-button' is clicked on

25-01-2024T20:17:58 - [TEST_STEP][PASSED] - click(findTestObject("Object Repository/Page_Amazon.com  umbrella/img_s-image")): Object: 'Object Repository/Page_Amazon.com  umbrella/img_s-image' is clicked on

25-01-2024T20:18:04 - [MESSAGE][PASSED] - Object: 'Object Repository/Page_Amazon.com  umbrella/img_s-image' is clicked on

25-01-2024T20:18:04 - [TEST_STEP][PASSED] - click(findTestObject("Object Repository/Page_Amazon.com Anntrue Windproof Travel Um_6413a8/a_Add to List")): Object: 'Object Repository/Page_Amazon.com Anntrue Windproof Travel Um_6413a8/a_Add to List' is clicked on

25-01-2024T20:18:08 - [MESSAGE][PASSED] - Object: 'Object Repository/Page_Amazon.com Anntrue Windproof Travel Um_6413a8/a_Add to List' is clicked on

25-01-2024T20:18:08 - [TEST_STEP][PASSED] - closeBrowser(): Browser is closed

25-01-2024T20:18:08 - [MESSAGE][PASSED] - Browser is closed]]></system-out>
         <system-err><![CDATA[]]></system-err>
      </testcase>
      <testcase name="Test Cases/Data_Driven_Testing/Tc_Amazon_Wish_03" time="17.847" classname="Test Cases/Data_Driven_Testing/Tc_Amazon_Wish_03" status="PASSED">
         <system-out><![CDATA[25-01-2024T20:18:08 - [TEST_CASE][PASSED] - Test Cases/Data_Driven_Testing/Tc_Amazon_Wish_03: Test Cases/Data_Driven_Testing/Tc_Amazon_Wish_03

25-01-2024T20:18:08 - [TEST_STEP][PASSED] - openBrowser(""): Browser is opened with url: ''

25-01-2024T20:18:08 - [MESSAGE][INFO] - Starting 'Chrome' driver

25-01-2024T20:18:08 - [MESSAGE][INFO] - Action delay is set to 0 milliseconds

25-01-2024T20:18:10 - [MESSAGE][PASSED] - Browser is opened with url: ''

25-01-2024T20:18:10 - [TEST_STEP][PASSED] - navigateToUrl("https://www.amazon.com/"): Navigate to 'https://www.amazon.com/' successfully

25-01-2024T20:18:12 - [MESSAGE][PASSED] - Navigate to 'https://www.amazon.com/' successfully

25-01-2024T20:18:12 - [TEST_STEP][PASSED] - setText(findTestObject("Object Repository/Page_Amazon.com  umbrella/input_field-keywords"), item): Text 'vaseline' is set on object 'Object Repository/Page_Amazon.com  umbrella/input_field-keywords'

25-01-2024T20:18:13 - [MESSAGE][PASSED] - Text 'vaseline' is set on object 'Object Repository/Page_Amazon.com  umbrella/input_field-keywords'

25-01-2024T20:18:13 - [TEST_STEP][PASSED] - click(findTestObject("Object Repository/Page_Amazon.com  umbrella/inputnav-search-submit-button")): Object: 'Object Repository/Page_Amazon.com  umbrella/inputnav-search-submit-button' is clicked on

25-01-2024T20:18:18 - [MESSAGE][PASSED] - Object: 'Object Repository/Page_Amazon.com  umbrella/inputnav-search-submit-button' is clicked on

25-01-2024T20:18:18 - [TEST_STEP][PASSED] - click(findTestObject("Object Repository/Page_Amazon.com  umbrella/img_s-image")): Object: 'Object Repository/Page_Amazon.com  umbrella/img_s-image' is clicked on

25-01-2024T20:18:23 - [MESSAGE][PASSED] - Object: 'Object Repository/Page_Amazon.com  umbrella/img_s-image' is clicked on

25-01-2024T20:18:23 - [TEST_STEP][PASSED] - click(findTestObject("Object Repository/Page_Amazon.com Anntrue Windproof Travel Um_6413a8/a_Add to List")): Object: 'Object Repository/Page_Amazon.com Anntrue Windproof Travel Um_6413a8/a_Add to List' is clicked on

25-01-2024T20:18:26 - [MESSAGE][PASSED] - Object: 'Object Repository/Page_Amazon.com Anntrue Windproof Travel Um_6413a8/a_Add to List' is clicked on

25-01-2024T20:18:26 - [TEST_STEP][PASSED] - closeBrowser(): Browser is closed

25-01-2024T20:18:26 - [MESSAGE][PASSED] - Browser is closed]]></system-out>
         <system-err><![CDATA[]]></system-err>
      </testcase>
      <testcase name="Test Cases/Data_Driven_Testing/Tc_Amazon_Wish_03" time="24.672" classname="Test Cases/Data_Driven_Testing/Tc_Amazon_Wish_03" status="PASSED">
         <system-out><![CDATA[25-01-2024T20:18:26 - [TEST_CASE][PASSED] - Test Cases/Data_Driven_Testing/Tc_Amazon_Wish_03: Test Cases/Data_Driven_Testing/Tc_Amazon_Wish_03

25-01-2024T20:18:26 - [TEST_STEP][PASSED] - openBrowser(""): Browser is opened with url: ''

25-01-2024T20:18:26 - [MESSAGE][INFO] - Starting 'Chrome' driver

25-01-2024T20:18:26 - [MESSAGE][INFO] - Action delay is set to 0 milliseconds

25-01-2024T20:18:27 - [MESSAGE][PASSED] - Browser is opened with url: ''

25-01-2024T20:18:27 - [TEST_STEP][PASSED] - navigateToUrl("https://www.amazon.com/"): Navigate to 'https://www.amazon.com/' successfully

25-01-2024T20:18:29 - [MESSAGE][PASSED] - Navigate to 'https://www.amazon.com/' successfully

25-01-2024T20:18:29 - [TEST_STEP][PASSED] - setText(findTestObject("Object Repository/Page_Amazon.com  umbrella/input_field-keywords"), item): Text 'bottle' is set on object 'Object Repository/Page_Amazon.com  umbrella/input_field-keywords'

25-01-2024T20:18:30 - [MESSAGE][PASSED] - Text 'bottle' is set on object 'Object Repository/Page_Amazon.com  umbrella/input_field-keywords'

25-01-2024T20:18:30 - [TEST_STEP][PASSED] - click(findTestObject("Object Repository/Page_Amazon.com  umbrella/inputnav-search-submit-button")): Object: 'Object Repository/Page_Amazon.com  umbrella/inputnav-search-submit-button' is clicked on

25-01-2024T20:18:37 - [MESSAGE][PASSED] - Object: 'Object Repository/Page_Amazon.com  umbrella/inputnav-search-submit-button' is clicked on

25-01-2024T20:18:37 - [TEST_STEP][PASSED] - click(findTestObject("Object Repository/Page_Amazon.com  umbrella/img_s-image")): Object: 'Object Repository/Page_Amazon.com  umbrella/img_s-image' is clicked on

25-01-2024T20:18:46 - [MESSAGE][PASSED] - Object: 'Object Repository/Page_Amazon.com  umbrella/img_s-image' is clicked on

25-01-2024T20:18:46 - [TEST_STEP][PASSED] - click(findTestObject("Object Repository/Page_Amazon.com Anntrue Windproof Travel Um_6413a8/a_Add to List")): Object: 'Object Repository/Page_Amazon.com Anntrue Windproof Travel Um_6413a8/a_Add to List' is clicked on

25-01-2024T20:18:50 - [MESSAGE][PASSED] - Object: 'Object Repository/Page_Amazon.com Anntrue Windproof Travel Um_6413a8/a_Add to List' is clicked on

25-01-2024T20:18:50 - [TEST_STEP][PASSED] - closeBrowser(): Browser is closed

25-01-2024T20:18:51 - [MESSAGE][PASSED] - Browser is closed]]></system-out>
         <system-err><![CDATA[]]></system-err>
      </testcase>
      <system-out><![CDATA[25-01-2024T20:17:46 - [TEST_SUITE][PASSED] - Amazon wish: Test Cases/Data_Driven_Testing/Tc_Amazon_Wish_03]]></system-out>
      <system-err><![CDATA[]]></system-err>
   </testsuite>
</testsuites>
