<?xml version="1.0" encoding="UTF-8"?>
<testsuites name="Amazon Deals" time="46.174" tests="3" failures="0" errors="0">
   <testsuite name="Amazon Deals" tests="3" failures="0" errors="0" time="46.174" skipped="0" timestamp="26-01-2024T13:07:50" hostname="tejac - LAPTOP-5AA6QQL1" id="Test Suites/Amazon Validation/Amazon Deals">
      <properties>
         <property name="deviceName" value=""/>
         <property name="devicePlatform" value=""/>
         <property name="logFolder" value="C:\\Users\\tejac\\git\\Amazon-App\\Reports\\20240126_130747\\Amazon Validation\\Amazon Deals\\20240126_130747"/>
         <property name="logFiles" value="C:\\Users\\tejac\\git\\Amazon-App\\Reports\\20240126_130747\\Amazon Validation\\Amazon Deals\\20240126_130747\\execution0.log"/>
         <property name="attachments" value=""/>
         <property name="hostName" value="tejac - LAPTOP-5AA6QQL1"/>
         <property name="os" value="Windows 11 64bit"/>
         <property name="katalonVersion" value="9.2.0.212"/>
         <property name="browser" value="Chrome 121.0.0.0"/>
         <property name="hostAddress" value="192.168.0.143"/>
         <property name="sessionId" value="339582f310ad5216e72fc63aa1f95844"/>
         <property name="seleniumVersion" value="3.141.59"/>
         <property name="proxyInformation" value="ProxyInformation { proxyOption=NO_PROXY, proxyServerType=HTTP, username=, password=********, proxyServerAddress=, proxyServerPort=0, executionList=&quot;&quot;, isApplyToDesiredCapabilities=true }"/>
         <property name="platform" value="Windows 11"/>
      </properties>
      <testcase name="Test Cases/Data_Driven_Testing/TC_Amazon_TodaysDeals_05" time="17.145" classname="Test Cases/Data_Driven_Testing/TC_Amazon_TodaysDeals_05" status="PASSED">
         <system-out><![CDATA[26-01-2024T13:07:51 - [TEST_CASE][PASSED] - Test Cases/Data_Driven_Testing/TC_Amazon_TodaysDeals_05: Test Cases/Data_Driven_Testing/TC_Amazon_TodaysDeals_05

26-01-2024T13:07:51 - [TEST_STEP][PASSED] - openBrowser(""): Browser is opened with url: ''

26-01-2024T13:07:51 - [MESSAGE][INFO] - Starting 'Chrome' driver

26-01-2024T13:07:51 - [MESSAGE][INFO] - Action delay is set to 0 milliseconds

26-01-2024T13:07:53 - [MESSAGE][PASSED] - Browser is opened with url: ''

26-01-2024T13:07:53 - [TEST_STEP][PASSED] - navigateToUrl("https://www.amazon.com/"): Navigate to 'https://www.amazon.com/' successfully

26-01-2024T13:07:55 - [MESSAGE][PASSED] - Navigate to 'https://www.amazon.com/' successfully

26-01-2024T13:07:55 - [TEST_STEP][PASSED] - click(findTestObject("Object Repository/Amazon_Todays Deals_OR/Page_Amazon.com. Spend less. Smile more/span_Hello, sign in")): Object: 'Object Repository/Amazon_Todays Deals_OR/Page_Amazon.com. Spend less. Smile more/span_Hello, sign in' is clicked on

26-01-2024T13:07:59 - [MESSAGE][PASSED] - Object: 'Object Repository/Amazon_Todays Deals_OR/Page_Amazon.com. Spend less. Smile more/span_Hello, sign in' is clicked on

26-01-2024T13:07:59 - [TEST_STEP][PASSED] - setText(findTestObject("Object Repository/Amazon_Todays Deals_OR/Page_Amazon Sign-In/input_email"), "tejach312@gmail.com"): Text 'tejach312@gmail.com' is set on object 'Object Repository/Amazon_Todays Deals_OR/Page_Amazon Sign-In/input_email'

26-01-2024T13:08:00 - [MESSAGE][PASSED] - Text 'tejach312@gmail.com' is set on object 'Object Repository/Amazon_Todays Deals_OR/Page_Amazon Sign-In/input_email'

26-01-2024T13:08:00 - [TEST_STEP][PASSED] - click(findTestObject("Object Repository/Amazon_Todays Deals_OR/Page_Amazon Sign-In/inputcontinue")): Object: 'Object Repository/Amazon_Todays Deals_OR/Page_Amazon Sign-In/inputcontinue' is clicked on

26-01-2024T13:08:01 - [MESSAGE][PASSED] - Object: 'Object Repository/Amazon_Todays Deals_OR/Page_Amazon Sign-In/inputcontinue' is clicked on

26-01-2024T13:08:01 - [TEST_STEP][PASSED] - setEncryptedText(findTestObject("Object Repository/Amazon_Todays Deals_OR/Page_Amazon Sign-In/input_password"), "MAPjDJh7XRfzOPtg0Z9QNQ=="): Text ****** has been set on object 'Object Repository/Amazon_Todays Deals_OR/Page_Amazon Sign-In/input_password'

26-01-2024T13:08:02 - [MESSAGE][PASSED] - Text ****** has been set on object 'Object Repository/Amazon_Todays Deals_OR/Page_Amazon Sign-In/input_password'

26-01-2024T13:08:02 - [TEST_STEP][PASSED] - click(findTestObject("Object Repository/Amazon_Todays Deals_OR/Page_Amazon Sign-In/inputsignInSubmit")): Object: 'Object Repository/Amazon_Todays Deals_OR/Page_Amazon Sign-In/inputsignInSubmit' is clicked on

26-01-2024T13:08:03 - [MESSAGE][PASSED] - Object: 'Object Repository/Amazon_Todays Deals_OR/Page_Amazon Sign-In/inputsignInSubmit' is clicked on

26-01-2024T13:08:03 - [TEST_STEP][PASSED] - click(findTestObject("Object Repository/Amazon_Todays Deals_OR/Page_Amazon  Deals/a_Todays Deals")): Object: 'Object Repository/Amazon_Todays Deals_OR/Page_Amazon  Deals/a_Todays Deals' is clicked on

26-01-2024T13:08:07 - [MESSAGE][PASSED] - Object: 'Object Repository/Amazon_Todays Deals_OR/Page_Amazon  Deals/a_Todays Deals' is clicked on

26-01-2024T13:08:07 - [TEST_STEP][PASSED] - closeBrowser(): Browser is closed

26-01-2024T13:08:08 - [MESSAGE][PASSED] - Browser is closed]]></system-out>
         <system-err><![CDATA[]]></system-err>
      </testcase>
      <testcase name="Test Cases/Data_Driven_Testing/TC_Amazon_TodaysDeals_05" time="14.66" classname="Test Cases/Data_Driven_Testing/TC_Amazon_TodaysDeals_05" status="PASSED">
         <system-out><![CDATA[26-01-2024T13:08:08 - [TEST_CASE][PASSED] - Test Cases/Data_Driven_Testing/TC_Amazon_TodaysDeals_05: Test Cases/Data_Driven_Testing/TC_Amazon_TodaysDeals_05

26-01-2024T13:08:08 - [TEST_STEP][PASSED] - openBrowser(""): Browser is opened with url: ''

26-01-2024T13:08:08 - [MESSAGE][INFO] - Starting 'Chrome' driver

26-01-2024T13:08:08 - [MESSAGE][INFO] - Action delay is set to 0 milliseconds

26-01-2024T13:08:09 - [MESSAGE][PASSED] - Browser is opened with url: ''

26-01-2024T13:08:09 - [TEST_STEP][PASSED] - navigateToUrl("https://www.amazon.com/"): Navigate to 'https://www.amazon.com/' successfully

26-01-2024T13:08:11 - [MESSAGE][PASSED] - Navigate to 'https://www.amazon.com/' successfully

26-01-2024T13:08:11 - [TEST_STEP][PASSED] - click(findTestObject("Object Repository/Amazon_Todays Deals_OR/Page_Amazon.com. Spend less. Smile more/span_Hello, sign in")): Object: 'Object Repository/Amazon_Todays Deals_OR/Page_Amazon.com. Spend less. Smile more/span_Hello, sign in' is clicked on

26-01-2024T13:08:13 - [MESSAGE][PASSED] - Object: 'Object Repository/Amazon_Todays Deals_OR/Page_Amazon.com. Spend less. Smile more/span_Hello, sign in' is clicked on

26-01-2024T13:08:13 - [TEST_STEP][PASSED] - setText(findTestObject("Object Repository/Amazon_Todays Deals_OR/Page_Amazon Sign-In/input_email"), "tejach312@gmail.com"): Text 'tejach312@gmail.com' is set on object 'Object Repository/Amazon_Todays Deals_OR/Page_Amazon Sign-In/input_email'

26-01-2024T13:08:14 - [MESSAGE][PASSED] - Text 'tejach312@gmail.com' is set on object 'Object Repository/Amazon_Todays Deals_OR/Page_Amazon Sign-In/input_email'

26-01-2024T13:08:14 - [TEST_STEP][PASSED] - click(findTestObject("Object Repository/Amazon_Todays Deals_OR/Page_Amazon Sign-In/inputcontinue")): Object: 'Object Repository/Amazon_Todays Deals_OR/Page_Amazon Sign-In/inputcontinue' is clicked on

26-01-2024T13:08:16 - [MESSAGE][PASSED] - Object: 'Object Repository/Amazon_Todays Deals_OR/Page_Amazon Sign-In/inputcontinue' is clicked on

26-01-2024T13:08:16 - [TEST_STEP][PASSED] - setEncryptedText(findTestObject("Object Repository/Amazon_Todays Deals_OR/Page_Amazon Sign-In/input_password"), "MAPjDJh7XRfzOPtg0Z9QNQ=="): Text ****** has been set on object 'Object Repository/Amazon_Todays Deals_OR/Page_Amazon Sign-In/input_password'

26-01-2024T13:08:17 - [MESSAGE][PASSED] - Text ****** has been set on object 'Object Repository/Amazon_Todays Deals_OR/Page_Amazon Sign-In/input_password'

26-01-2024T13:08:17 - [TEST_STEP][PASSED] - click(findTestObject("Object Repository/Amazon_Todays Deals_OR/Page_Amazon Sign-In/inputsignInSubmit")): Object: 'Object Repository/Amazon_Todays Deals_OR/Page_Amazon Sign-In/inputsignInSubmit' is clicked on

26-01-2024T13:08:17 - [MESSAGE][PASSED] - Object: 'Object Repository/Amazon_Todays Deals_OR/Page_Amazon Sign-In/inputsignInSubmit' is clicked on

26-01-2024T13:08:17 - [TEST_STEP][PASSED] - click(findTestObject("Object Repository/Amazon_Todays Deals_OR/Page_Amazon  Deals/a_Todays Deals")): Object: 'Object Repository/Amazon_Todays Deals_OR/Page_Amazon  Deals/a_Todays Deals' is clicked on

26-01-2024T13:08:22 - [MESSAGE][PASSED] - Object: 'Object Repository/Amazon_Todays Deals_OR/Page_Amazon  Deals/a_Todays Deals' is clicked on

26-01-2024T13:08:22 - [TEST_STEP][PASSED] - closeBrowser(): Browser is closed

26-01-2024T13:08:22 - [MESSAGE][PASSED] - Browser is closed]]></system-out>
         <system-err><![CDATA[]]></system-err>
      </testcase>
      <testcase name="Test Cases/Data_Driven_Testing/TC_Amazon_TodaysDeals_05" time="14.035" classname="Test Cases/Data_Driven_Testing/TC_Amazon_TodaysDeals_05" status="PASSED">
         <system-out><![CDATA[26-01-2024T13:08:22 - [TEST_CASE][PASSED] - Test Cases/Data_Driven_Testing/TC_Amazon_TodaysDeals_05: Test Cases/Data_Driven_Testing/TC_Amazon_TodaysDeals_05

26-01-2024T13:08:22 - [TEST_STEP][PASSED] - openBrowser(""): Browser is opened with url: ''

26-01-2024T13:08:22 - [MESSAGE][INFO] - Starting 'Chrome' driver

26-01-2024T13:08:22 - [MESSAGE][INFO] - Action delay is set to 0 milliseconds

26-01-2024T13:08:24 - [MESSAGE][PASSED] - Browser is opened with url: ''

26-01-2024T13:08:24 - [TEST_STEP][PASSED] - navigateToUrl("https://www.amazon.com/"): Navigate to 'https://www.amazon.com/' successfully

26-01-2024T13:08:25 - [MESSAGE][PASSED] - Navigate to 'https://www.amazon.com/' successfully

26-01-2024T13:08:25 - [TEST_STEP][PASSED] - click(findTestObject("Object Repository/Amazon_Todays Deals_OR/Page_Amazon.com. Spend less. Smile more/span_Hello, sign in")): Object: 'Object Repository/Amazon_Todays Deals_OR/Page_Amazon.com. Spend less. Smile more/span_Hello, sign in' is clicked on

26-01-2024T13:08:27 - [MESSAGE][PASSED] - Object: 'Object Repository/Amazon_Todays Deals_OR/Page_Amazon.com. Spend less. Smile more/span_Hello, sign in' is clicked on

26-01-2024T13:08:27 - [TEST_STEP][PASSED] - setText(findTestObject("Object Repository/Amazon_Todays Deals_OR/Page_Amazon Sign-In/input_email"), "tejach312@gmail.com"): Text 'tejach312@gmail.com' is set on object 'Object Repository/Amazon_Todays Deals_OR/Page_Amazon Sign-In/input_email'

26-01-2024T13:08:28 - [MESSAGE][PASSED] - Text 'tejach312@gmail.com' is set on object 'Object Repository/Amazon_Todays Deals_OR/Page_Amazon Sign-In/input_email'

26-01-2024T13:08:28 - [TEST_STEP][PASSED] - click(findTestObject("Object Repository/Amazon_Todays Deals_OR/Page_Amazon Sign-In/inputcontinue")): Object: 'Object Repository/Amazon_Todays Deals_OR/Page_Amazon Sign-In/inputcontinue' is clicked on

26-01-2024T13:08:30 - [MESSAGE][PASSED] - Object: 'Object Repository/Amazon_Todays Deals_OR/Page_Amazon Sign-In/inputcontinue' is clicked on

26-01-2024T13:08:30 - [TEST_STEP][PASSED] - setEncryptedText(findTestObject("Object Repository/Amazon_Todays Deals_OR/Page_Amazon Sign-In/input_password"), "MAPjDJh7XRfzOPtg0Z9QNQ=="): Text ****** has been set on object 'Object Repository/Amazon_Todays Deals_OR/Page_Amazon Sign-In/input_password'

26-01-2024T13:08:31 - [MESSAGE][PASSED] - Text ****** has been set on object 'Object Repository/Amazon_Todays Deals_OR/Page_Amazon Sign-In/input_password'

26-01-2024T13:08:31 - [TEST_STEP][PASSED] - click(findTestObject("Object Repository/Amazon_Todays Deals_OR/Page_Amazon Sign-In/inputsignInSubmit")): Object: 'Object Repository/Amazon_Todays Deals_OR/Page_Amazon Sign-In/inputsignInSubmit' is clicked on

26-01-2024T13:08:31 - [MESSAGE][PASSED] - Object: 'Object Repository/Amazon_Todays Deals_OR/Page_Amazon Sign-In/inputsignInSubmit' is clicked on

26-01-2024T13:08:31 - [TEST_STEP][PASSED] - click(findTestObject("Object Repository/Amazon_Todays Deals_OR/Page_Amazon  Deals/a_Todays Deals")): Object: 'Object Repository/Amazon_Todays Deals_OR/Page_Amazon  Deals/a_Todays Deals' is clicked on

26-01-2024T13:08:36 - [MESSAGE][PASSED] - Object: 'Object Repository/Amazon_Todays Deals_OR/Page_Amazon  Deals/a_Todays Deals' is clicked on

26-01-2024T13:08:36 - [TEST_STEP][PASSED] - closeBrowser(): Browser is closed

26-01-2024T13:08:36 - [MESSAGE][PASSED] - Browser is closed]]></system-out>
         <system-err><![CDATA[]]></system-err>
      </testcase>
      <system-out><![CDATA[26-01-2024T13:07:50 - [TEST_SUITE][PASSED] - Amazon Deals: Test Cases/Data_Driven_Testing/TC_Amazon_TodaysDeals_05]]></system-out>
      <system-err><![CDATA[]]></system-err>
   </testsuite>
</testsuites>
