<?xml version="1.0" encoding="UTF-8"?>
<testsuites name="Amazon_Login" time="70.808" tests="3" failures="0" errors="0">
   <testsuite name="Amazon_Login" tests="3" failures="0" errors="0" time="70.808" skipped="0" timestamp="25-01-2024T19:42:10" hostname="tejac - LAPTOP-5AA6QQL1" id="Test Suites/Amazon Validation/Amazon_Login">
      <properties>
         <property name="deviceName" value=""/>
         <property name="devicePlatform" value=""/>
         <property name="logFolder" value="C:\\Users\\tejac\\git\\Amazon-App\\Reports\\20240125_194204\\Amazon Validation\\Amazon_Login\\20240125_194205"/>
         <property name="logFiles" value="C:\\Users\\tejac\\git\\Amazon-App\\Reports\\20240125_194204\\Amazon Validation\\Amazon_Login\\20240125_194205\\execution0.log"/>
         <property name="attachments" value=""/>
         <property name="hostName" value="tejac - LAPTOP-5AA6QQL1"/>
         <property name="os" value="Windows 11 64bit"/>
         <property name="katalonVersion" value="9.2.0.212"/>
         <property name="browser" value="Chrome 121.0.0.0"/>
         <property name="hostAddress" value="192.168.0.143"/>
         <property name="sessionId" value="fc6173c4d4e1752c422d57c99b462d87"/>
         <property name="seleniumVersion" value="3.141.59"/>
         <property name="proxyInformation" value="ProxyInformation { proxyOption=NO_PROXY, proxyServerType=HTTP, username=, password=********, proxyServerAddress=, proxyServerPort=0, executionList=&quot;&quot;, isApplyToDesiredCapabilities=true }"/>
         <property name="platform" value="Windows 11"/>
      </properties>
      <testcase name="Test Cases/Data_Driven_Testing/TC_Amazon_Login_01" time="26.295" classname="Test Cases/Data_Driven_Testing/TC_Amazon_Login_01" status="PASSED">
         <system-out><![CDATA[25-01-2024T19:42:10 - [TEST_CASE][PASSED] - Test Cases/Data_Driven_Testing/TC_Amazon_Login_01: Test Cases/Data_Driven_Testing/TC_Amazon_Login_01

25-01-2024T19:42:10 - [TEST_STEP][PASSED] - openBrowser(""): Browser is opened with url: ''

25-01-2024T19:42:11 - [MESSAGE][INFO] - Starting 'Chrome' driver

25-01-2024T19:42:11 - [MESSAGE][INFO] - Action delay is set to 0 milliseconds

25-01-2024T19:42:13 - [MESSAGE][PASSED] - Browser is opened with url: ''

25-01-2024T19:42:13 - [TEST_STEP][PASSED] - navigateToUrl("https://www.amazon.com/"): Navigate to 'https://www.amazon.com/' successfully

25-01-2024T19:42:16 - [MESSAGE][PASSED] - Navigate to 'https://www.amazon.com/' successfully

25-01-2024T19:42:16 - [TEST_STEP][PASSED] - click(findTestObject("Object Repository/Amazon_Login_OR/Page_Amazon.com. Spend less. Smile more/span_Hello, sign in")): Object: 'Object Repository/Amazon_Login_OR/Page_Amazon.com. Spend less. Smile more/span_Hello, sign in' is clicked on

25-01-2024T19:42:31 - [MESSAGE][PASSED] - Object: 'Object Repository/Amazon_Login_OR/Page_Amazon.com. Spend less. Smile more/span_Hello, sign in' is clicked on

25-01-2024T19:42:31 - [TEST_STEP][PASSED] - setText(findTestObject("Object Repository/Amazon_Login_OR/Page_Amazon Sign-In/input_email"), "tejach312@gmail.com"): Text 'tejach312@gmail.com' is set on object 'Object Repository/Amazon_Login_OR/Page_Amazon Sign-In/input_email'

25-01-2024T19:42:33 - [MESSAGE][PASSED] - Text 'tejach312@gmail.com' is set on object 'Object Repository/Amazon_Login_OR/Page_Amazon Sign-In/input_email'

25-01-2024T19:42:33 - [TEST_STEP][PASSED] - click(findTestObject("Object Repository/Amazon_Login_OR/Page_Amazon Sign-In/inputcontinue")): Object: 'Object Repository/Amazon_Login_OR/Page_Amazon Sign-In/inputcontinue' is clicked on

25-01-2024T19:42:34 - [MESSAGE][PASSED] - Object: 'Object Repository/Amazon_Login_OR/Page_Amazon Sign-In/inputcontinue' is clicked on

25-01-2024T19:42:34 - [TEST_STEP][PASSED] - setEncryptedText(findTestObject("Object Repository/Amazon_Login_OR/Page_Amazon Sign-In/input_password"), "MAPjDJh7XRfzOPtg0Z9QNQ=="): Text ****** has been set on object 'Object Repository/Amazon_Login_OR/Page_Amazon Sign-In/input_password'

25-01-2024T19:42:35 - [MESSAGE][PASSED] - Text ****** has been set on object 'Object Repository/Amazon_Login_OR/Page_Amazon Sign-In/input_password'

25-01-2024T19:42:35 - [TEST_STEP][PASSED] - click(findTestObject("Object Repository/Amazon_Login_OR/Page_Amazon Sign-In/inputsignInSubmit")): Object: 'Object Repository/Amazon_Login_OR/Page_Amazon Sign-In/inputsignInSubmit' is clicked on

25-01-2024T19:42:36 - [MESSAGE][PASSED] - Object: 'Object Repository/Amazon_Login_OR/Page_Amazon Sign-In/inputsignInSubmit' is clicked on

25-01-2024T19:42:36 - [TEST_STEP][PASSED] - closeBrowser(): Browser is closed

25-01-2024T19:42:36 - [MESSAGE][PASSED] - Browser is closed]]></system-out>
         <system-err><![CDATA[]]></system-err>
      </testcase>
      <testcase name="Test Cases/Data_Driven_Testing/TC_Amazon_Login_01" time="10.897" classname="Test Cases/Data_Driven_Testing/TC_Amazon_Login_01" status="PASSED">
         <system-out><![CDATA[25-01-2024T19:42:36 - [TEST_CASE][PASSED] - Test Cases/Data_Driven_Testing/TC_Amazon_Login_01: Test Cases/Data_Driven_Testing/TC_Amazon_Login_01

25-01-2024T19:42:36 - [TEST_STEP][PASSED] - openBrowser(""): Browser is opened with url: ''

25-01-2024T19:42:36 - [MESSAGE][INFO] - Starting 'Chrome' driver

25-01-2024T19:42:36 - [MESSAGE][INFO] - Action delay is set to 0 milliseconds

25-01-2024T19:42:38 - [MESSAGE][PASSED] - Browser is opened with url: ''

25-01-2024T19:42:38 - [TEST_STEP][PASSED] - navigateToUrl("https://www.amazon.com/"): Navigate to 'https://www.amazon.com/' successfully

25-01-2024T19:42:40 - [MESSAGE][PASSED] - Navigate to 'https://www.amazon.com/' successfully

25-01-2024T19:42:40 - [TEST_STEP][PASSED] - click(findTestObject("Object Repository/Amazon_Login_OR/Page_Amazon.com. Spend less. Smile more/span_Hello, sign in")): Object: 'Object Repository/Amazon_Login_OR/Page_Amazon.com. Spend less. Smile more/span_Hello, sign in' is clicked on

25-01-2024T19:42:42 - [MESSAGE][PASSED] - Object: 'Object Repository/Amazon_Login_OR/Page_Amazon.com. Spend less. Smile more/span_Hello, sign in' is clicked on

25-01-2024T19:42:42 - [TEST_STEP][PASSED] - setText(findTestObject("Object Repository/Amazon_Login_OR/Page_Amazon Sign-In/input_email"), "tejach312@gmail.com"): Text 'tejach312@gmail.com' is set on object 'Object Repository/Amazon_Login_OR/Page_Amazon Sign-In/input_email'

25-01-2024T19:42:44 - [MESSAGE][PASSED] - Text 'tejach312@gmail.com' is set on object 'Object Repository/Amazon_Login_OR/Page_Amazon Sign-In/input_email'

25-01-2024T19:42:44 - [TEST_STEP][PASSED] - click(findTestObject("Object Repository/Amazon_Login_OR/Page_Amazon Sign-In/inputcontinue")): Object: 'Object Repository/Amazon_Login_OR/Page_Amazon Sign-In/inputcontinue' is clicked on

25-01-2024T19:42:45 - [MESSAGE][PASSED] - Object: 'Object Repository/Amazon_Login_OR/Page_Amazon Sign-In/inputcontinue' is clicked on

25-01-2024T19:42:45 - [TEST_STEP][PASSED] - setEncryptedText(findTestObject("Object Repository/Amazon_Login_OR/Page_Amazon Sign-In/input_password"), "MAPjDJh7XRfzOPtg0Z9QNQ=="): Text ****** has been set on object 'Object Repository/Amazon_Login_OR/Page_Amazon Sign-In/input_password'

25-01-2024T19:42:46 - [MESSAGE][PASSED] - Text ****** has been set on object 'Object Repository/Amazon_Login_OR/Page_Amazon Sign-In/input_password'

25-01-2024T19:42:46 - [TEST_STEP][PASSED] - click(findTestObject("Object Repository/Amazon_Login_OR/Page_Amazon Sign-In/inputsignInSubmit")): Object: 'Object Repository/Amazon_Login_OR/Page_Amazon Sign-In/inputsignInSubmit' is clicked on

25-01-2024T19:42:47 - [MESSAGE][PASSED] - Object: 'Object Repository/Amazon_Login_OR/Page_Amazon Sign-In/inputsignInSubmit' is clicked on

25-01-2024T19:42:47 - [TEST_STEP][PASSED] - closeBrowser(): Browser is closed

25-01-2024T19:42:47 - [MESSAGE][PASSED] - Browser is closed]]></system-out>
         <system-err><![CDATA[]]></system-err>
      </testcase>
      <testcase name="Test Cases/Data_Driven_Testing/TC_Amazon_Login_01" time="33.231" classname="Test Cases/Data_Driven_Testing/TC_Amazon_Login_01" status="PASSED">
         <system-out><![CDATA[25-01-2024T19:42:47 - [TEST_CASE][PASSED] - Test Cases/Data_Driven_Testing/TC_Amazon_Login_01: Test Cases/Data_Driven_Testing/TC_Amazon_Login_01

25-01-2024T19:42:47 - [TEST_STEP][PASSED] - openBrowser(""): Browser is opened with url: ''

25-01-2024T19:42:47 - [MESSAGE][INFO] - Starting 'Chrome' driver

25-01-2024T19:42:47 - [MESSAGE][INFO] - Action delay is set to 0 milliseconds

25-01-2024T19:42:49 - [MESSAGE][PASSED] - Browser is opened with url: ''

25-01-2024T19:42:49 - [TEST_STEP][PASSED] - navigateToUrl("https://www.amazon.com/"): Navigate to 'https://www.amazon.com/' successfully

25-01-2024T19:42:50 - [MESSAGE][PASSED] - Navigate to 'https://www.amazon.com/' successfully

25-01-2024T19:42:50 - [TEST_STEP][PASSED] - click(findTestObject("Object Repository/Amazon_Login_OR/Page_Amazon.com. Spend less. Smile more/span_Hello, sign in")): Object: 'Object Repository/Amazon_Login_OR/Page_Amazon.com. Spend less. Smile more/span_Hello, sign in' is clicked on

25-01-2024T19:43:15 - [MESSAGE][PASSED] - Object: 'Object Repository/Amazon_Login_OR/Page_Amazon.com. Spend less. Smile more/span_Hello, sign in' is clicked on

25-01-2024T19:43:15 - [TEST_STEP][PASSED] - setText(findTestObject("Object Repository/Amazon_Login_OR/Page_Amazon Sign-In/input_email"), "tejach312@gmail.com"): Text 'tejach312@gmail.com' is set on object 'Object Repository/Amazon_Login_OR/Page_Amazon Sign-In/input_email'

25-01-2024T19:43:17 - [MESSAGE][PASSED] - Text 'tejach312@gmail.com' is set on object 'Object Repository/Amazon_Login_OR/Page_Amazon Sign-In/input_email'

25-01-2024T19:43:17 - [TEST_STEP][PASSED] - click(findTestObject("Object Repository/Amazon_Login_OR/Page_Amazon Sign-In/inputcontinue")): Object: 'Object Repository/Amazon_Login_OR/Page_Amazon Sign-In/inputcontinue' is clicked on

25-01-2024T19:43:18 - [MESSAGE][PASSED] - Object: 'Object Repository/Amazon_Login_OR/Page_Amazon Sign-In/inputcontinue' is clicked on

25-01-2024T19:43:18 - [TEST_STEP][PASSED] - setEncryptedText(findTestObject("Object Repository/Amazon_Login_OR/Page_Amazon Sign-In/input_password"), "MAPjDJh7XRfzOPtg0Z9QNQ=="): Text ****** has been set on object 'Object Repository/Amazon_Login_OR/Page_Amazon Sign-In/input_password'

25-01-2024T19:43:20 - [MESSAGE][PASSED] - Text ****** has been set on object 'Object Repository/Amazon_Login_OR/Page_Amazon Sign-In/input_password'

25-01-2024T19:43:20 - [TEST_STEP][PASSED] - click(findTestObject("Object Repository/Amazon_Login_OR/Page_Amazon Sign-In/inputsignInSubmit")): Object: 'Object Repository/Amazon_Login_OR/Page_Amazon Sign-In/inputsignInSubmit' is clicked on

25-01-2024T19:43:20 - [MESSAGE][PASSED] - Object: 'Object Repository/Amazon_Login_OR/Page_Amazon Sign-In/inputsignInSubmit' is clicked on

25-01-2024T19:43:20 - [TEST_STEP][PASSED] - closeBrowser(): Browser is closed

25-01-2024T19:43:20 - [MESSAGE][PASSED] - Browser is closed]]></system-out>
         <system-err><![CDATA[]]></system-err>
      </testcase>
      <system-out><![CDATA[25-01-2024T19:42:10 - [TEST_SUITE][PASSED] - Amazon_Login: Test Cases/Data_Driven_Testing/TC_Amazon_Login_01]]></system-out>
      <system-err><![CDATA[]]></system-err>
   </testsuite>
</testsuites>
