<?xml version="1.0" encoding="UTF-8"?>
<testsuites name="Amazon cart" time="91.038" tests="1" failures="0" errors="0">
   <testsuite name="Amazon cart" tests="1" failures="0" errors="0" time="91.038" skipped="0" timestamp="26-01-2024T10:51:58" hostname="tejac - LAPTOP-5AA6QQL1" id="Test Suites/Amazon Validation/Amazon cart">
      <properties>
         <property name="deviceName" value=""/>
         <property name="devicePlatform" value=""/>
         <property name="logFolder" value="C:\\Users\\tejac\\git\\Amazon-App\\Reports\\20240126_105153\\Amazon Validation\\Amazon cart\\20240126_105153"/>
         <property name="logFiles" value="C:\\Users\\tejac\\git\\Amazon-App\\Reports\\20240126_105153\\Amazon Validation\\Amazon cart\\20240126_105153\\execution0.log"/>
         <property name="attachments" value=""/>
         <property name="hostName" value="tejac - LAPTOP-5AA6QQL1"/>
         <property name="os" value="Windows 11 64bit"/>
         <property name="katalonVersion" value="9.2.0.212"/>
         <property name="browser" value="Chrome 121.0.0.0"/>
         <property name="hostAddress" value="192.168.0.143"/>
         <property name="sessionId" value="3d698d9ce407c19db5139cc56a083344"/>
         <property name="seleniumVersion" value="3.141.59"/>
         <property name="proxyInformation" value="ProxyInformation { proxyOption=NO_PROXY, proxyServerType=HTTP, username=, password=********, proxyServerAddress=, proxyServerPort=0, executionList=&quot;&quot;, isApplyToDesiredCapabilities=true }"/>
         <property name="platform" value="Windows 11"/>
      </properties>
      <testcase name="Test Cases/Data_Driven_Testing/TC_AMAZON_Cart_05" time="5.98" classname="Test Cases/Data_Driven_Testing/TC_AMAZON_Cart_05" status="INCOMPLETE">
         <system-out><![CDATA[26-01-2024T10:53:23 - [TEST_CASE][INCOMPLETE] - Test Cases/Data_Driven_Testing/TC_AMAZON_Cart_05: null

26-01-2024T10:53:23 - [TEST_STEP][PASSED] - openBrowser(""): Browser is opened with url: ''

26-01-2024T10:53:23 - [MESSAGE][WARNING] - A browser is already opened. Closing browser and opening a new one

26-01-2024T10:53:23 - [MESSAGE][INFO] - Starting 'Chrome' driver

26-01-2024T10:53:23 - [MESSAGE][INFO] - Action delay is set to 0 milliseconds

26-01-2024T10:53:25 - [MESSAGE][PASSED] - Browser is opened with url: ''

26-01-2024T10:53:25 - [TEST_STEP][PASSED] - navigateToUrl("https://www.amazon.com/"): Navigate to 'https://www.amazon.com/' successfully

26-01-2024T10:53:29 - [MESSAGE][PASSED] - Navigate to 'https://www.amazon.com/' successfully

26-01-2024T10:53:29 - [TEST_STEP][INCOMPLETE] - click(findTestObject("Object Repository/Amazon cart/Page_Amazon.com. Spend less. Smile more/span_Hello, sign in")): null]]></system-out>
         <system-err><![CDATA[26-01-2024T10:53:23 - [TEST_CASE][INCOMPLETE] - Test Cases/Data_Driven_Testing/TC_AMAZON_Cart_05: null]]></system-err>
      </testcase>
      <system-out><![CDATA[26-01-2024T10:51:58 - [TEST_SUITE][INCOMPLETE] - Amazon cart: null]]></system-out>
      <system-err><![CDATA[26-01-2024T10:51:58 - [TEST_SUITE][INCOMPLETE] - Amazon cart: null]]></system-err>
   </testsuite>
</testsuites>
