<?xml version="1.0" encoding="UTF-8"?>
<testsuites name="Amazon_Wish_search" time="120.351" tests="6" failures="0" errors="0">
   <testsuite name="Amazon_Wish_search" tests="6" failures="0" errors="0" time="120.351" skipped="0" timestamp="26-01-2024T20:36:53" hostname="tejac - LAPTOP-5AA6QQL1" id="Test Suites/Amazon Validation/Amazon_Wish_search">
      <properties>
         <property name="deviceName" value=""/>
         <property name="devicePlatform" value=""/>
         <property name="logFolder" value="C:\\Users\\tejac\\git\\Amazon-App\\Reports\\20240126_203648\\Amazon Validation\\Amazon_Wish_search\\20240126_203649"/>
         <property name="logFiles" value="C:\\Users\\tejac\\git\\Amazon-App\\Reports\\20240126_203648\\Amazon Validation\\Amazon_Wish_search\\20240126_203649\\execution0.log"/>
         <property name="attachments" value=""/>
         <property name="hostName" value="tejac - LAPTOP-5AA6QQL1"/>
         <property name="os" value="Windows 11 64bit"/>
         <property name="katalonVersion" value="9.2.0.212"/>
         <property name="browser" value="Chrome 121.0.0.0"/>
         <property name="hostAddress" value="192.168.0.143"/>
         <property name="sessionId" value="fabc26ca09098d513e27614061568884"/>
         <property name="seleniumVersion" value="3.141.59"/>
         <property name="proxyInformation" value="ProxyInformation { proxyOption=NO_PROXY, proxyServerType=HTTP, username=, password=********, proxyServerAddress=, proxyServerPort=0, executionList=&quot;&quot;, isApplyToDesiredCapabilities=true }"/>
         <property name="platform" value="Windows 11"/>
      </properties>
      <testcase name="Test Cases/Data_Driven_Testing/Tc_Amazon_Wish_03" time="30.299" classname="Test Cases/Data_Driven_Testing/Tc_Amazon_Wish_03" status="PASSED">
         <system-out><![CDATA[26-01-2024T20:36:53 - [TEST_CASE][PASSED] - Test Cases/Data_Driven_Testing/Tc_Amazon_Wish_03: Test Cases/Data_Driven_Testing/Tc_Amazon_Wish_03

26-01-2024T20:36:53 - [TEST_STEP][PASSED] - openBrowser(""): Browser is opened with url: ''

26-01-2024T20:36:54 - [MESSAGE][INFO] - Starting 'Chrome' driver

26-01-2024T20:36:54 - [MESSAGE][INFO] - Action delay is set to 0 milliseconds

26-01-2024T20:36:56 - [MESSAGE][PASSED] - Browser is opened with url: ''

26-01-2024T20:36:56 - [TEST_STEP][PASSED] - navigateToUrl("https://www.amazon.com/"): Navigate to 'https://www.amazon.com/' successfully

26-01-2024T20:36:58 - [MESSAGE][PASSED] - Navigate to 'https://www.amazon.com/' successfully

26-01-2024T20:36:58 - [TEST_STEP][PASSED] - setText(findTestObject("Object Repository/Page_Amazon.com  umbrella/input_field-keywords"), "umbrella"): Text 'umbrella' is set on object 'Object Repository/Page_Amazon.com  umbrella/input_field-keywords'

26-01-2024T20:36:59 - [MESSAGE][PASSED] - Text 'umbrella' is set on object 'Object Repository/Page_Amazon.com  umbrella/input_field-keywords'

26-01-2024T20:36:59 - [TEST_STEP][PASSED] - click(findTestObject("Object Repository/Page_Amazon.com  umbrella/inputnav-search-submit-button")): Object: 'Object Repository/Page_Amazon.com  umbrella/inputnav-search-submit-button' is clicked on

26-01-2024T20:37:07 - [MESSAGE][PASSED] - Object: 'Object Repository/Page_Amazon.com  umbrella/inputnav-search-submit-button' is clicked on

26-01-2024T20:37:07 - [TEST_STEP][PASSED] - click(findTestObject("Object Repository/Page_Amazon.com  umbrella/img_s-image")): Object: 'Object Repository/Page_Amazon.com  umbrella/img_s-image' is clicked on

26-01-2024T20:37:17 - [MESSAGE][PASSED] - Object: 'Object Repository/Page_Amazon.com  umbrella/img_s-image' is clicked on

26-01-2024T20:37:17 - [TEST_STEP][PASSED] - click(findTestObject("Object Repository/Page_Amazon.com Anntrue Windproof Travel Um_6413a8/a_Add to List")): Object: 'Object Repository/Page_Amazon.com Anntrue Windproof Travel Um_6413a8/a_Add to List' is clicked on

26-01-2024T20:37:23 - [MESSAGE][PASSED] - Object: 'Object Repository/Page_Amazon.com Anntrue Windproof Travel Um_6413a8/a_Add to List' is clicked on

26-01-2024T20:37:23 - [TEST_STEP][PASSED] - closeBrowser(): Browser is closed

26-01-2024T20:37:23 - [MESSAGE][PASSED] - Browser is closed]]></system-out>
         <system-err><![CDATA[]]></system-err>
      </testcase>
      <testcase name="Test Cases/Data_Driven_Testing/Tc_Amazon_Wish_03" time="21.103" classname="Test Cases/Data_Driven_Testing/Tc_Amazon_Wish_03" status="PASSED">
         <system-out><![CDATA[26-01-2024T20:37:23 - [TEST_CASE][PASSED] - Test Cases/Data_Driven_Testing/Tc_Amazon_Wish_03: Test Cases/Data_Driven_Testing/Tc_Amazon_Wish_03

26-01-2024T20:37:23 - [TEST_STEP][PASSED] - openBrowser(""): Browser is opened with url: ''

26-01-2024T20:37:23 - [MESSAGE][INFO] - Starting 'Chrome' driver

26-01-2024T20:37:23 - [MESSAGE][INFO] - Action delay is set to 0 milliseconds

26-01-2024T20:37:25 - [MESSAGE][PASSED] - Browser is opened with url: ''

26-01-2024T20:37:25 - [TEST_STEP][PASSED] - navigateToUrl("https://www.amazon.com/"): Navigate to 'https://www.amazon.com/' successfully

26-01-2024T20:37:27 - [MESSAGE][PASSED] - Navigate to 'https://www.amazon.com/' successfully

26-01-2024T20:37:27 - [TEST_STEP][PASSED] - setText(findTestObject("Object Repository/Page_Amazon.com  umbrella/input_field-keywords"), "umbrella"): Text 'umbrella' is set on object 'Object Repository/Page_Amazon.com  umbrella/input_field-keywords'

26-01-2024T20:37:28 - [MESSAGE][PASSED] - Text 'umbrella' is set on object 'Object Repository/Page_Amazon.com  umbrella/input_field-keywords'

26-01-2024T20:37:28 - [TEST_STEP][PASSED] - click(findTestObject("Object Repository/Page_Amazon.com  umbrella/inputnav-search-submit-button")): Object: 'Object Repository/Page_Amazon.com  umbrella/inputnav-search-submit-button' is clicked on

26-01-2024T20:37:34 - [MESSAGE][PASSED] - Object: 'Object Repository/Page_Amazon.com  umbrella/inputnav-search-submit-button' is clicked on

26-01-2024T20:37:34 - [TEST_STEP][PASSED] - click(findTestObject("Object Repository/Page_Amazon.com  umbrella/img_s-image")): Object: 'Object Repository/Page_Amazon.com  umbrella/img_s-image' is clicked on

26-01-2024T20:37:40 - [MESSAGE][PASSED] - Object: 'Object Repository/Page_Amazon.com  umbrella/img_s-image' is clicked on

26-01-2024T20:37:40 - [TEST_STEP][PASSED] - click(findTestObject("Object Repository/Page_Amazon.com Anntrue Windproof Travel Um_6413a8/a_Add to List")): Object: 'Object Repository/Page_Amazon.com Anntrue Windproof Travel Um_6413a8/a_Add to List' is clicked on

26-01-2024T20:37:44 - [MESSAGE][PASSED] - Object: 'Object Repository/Page_Amazon.com Anntrue Windproof Travel Um_6413a8/a_Add to List' is clicked on

26-01-2024T20:37:44 - [TEST_STEP][PASSED] - closeBrowser(): Browser is closed

26-01-2024T20:37:44 - [MESSAGE][PASSED] - Browser is closed]]></system-out>
         <system-err><![CDATA[]]></system-err>
      </testcase>
      <testcase name="Test Cases/Data_Driven_Testing/Tc_Amazon_Wish_03" time="22.98" classname="Test Cases/Data_Driven_Testing/Tc_Amazon_Wish_03" status="PASSED">
         <system-out><![CDATA[26-01-2024T20:37:45 - [TEST_CASE][PASSED] - Test Cases/Data_Driven_Testing/Tc_Amazon_Wish_03: Test Cases/Data_Driven_Testing/Tc_Amazon_Wish_03

26-01-2024T20:37:45 - [TEST_STEP][PASSED] - openBrowser(""): Browser is opened with url: ''

26-01-2024T20:37:45 - [MESSAGE][INFO] - Starting 'Chrome' driver

26-01-2024T20:37:45 - [MESSAGE][INFO] - Action delay is set to 0 milliseconds

26-01-2024T20:37:46 - [MESSAGE][PASSED] - Browser is opened with url: ''

26-01-2024T20:37:46 - [TEST_STEP][PASSED] - navigateToUrl("https://www.amazon.com/"): Navigate to 'https://www.amazon.com/' successfully

26-01-2024T20:37:48 - [MESSAGE][PASSED] - Navigate to 'https://www.amazon.com/' successfully

26-01-2024T20:37:48 - [TEST_STEP][PASSED] - setText(findTestObject("Object Repository/Page_Amazon.com  umbrella/input_field-keywords"), "umbrella"): Text 'umbrella' is set on object 'Object Repository/Page_Amazon.com  umbrella/input_field-keywords'

26-01-2024T20:37:49 - [MESSAGE][PASSED] - Text 'umbrella' is set on object 'Object Repository/Page_Amazon.com  umbrella/input_field-keywords'

26-01-2024T20:37:49 - [TEST_STEP][PASSED] - click(findTestObject("Object Repository/Page_Amazon.com  umbrella/inputnav-search-submit-button")): Object: 'Object Repository/Page_Amazon.com  umbrella/inputnav-search-submit-button' is clicked on

26-01-2024T20:37:55 - [MESSAGE][PASSED] - Object: 'Object Repository/Page_Amazon.com  umbrella/inputnav-search-submit-button' is clicked on

26-01-2024T20:37:55 - [TEST_STEP][PASSED] - click(findTestObject("Object Repository/Page_Amazon.com  umbrella/img_s-image")): Object: 'Object Repository/Page_Amazon.com  umbrella/img_s-image' is clicked on

26-01-2024T20:38:03 - [MESSAGE][PASSED] - Object: 'Object Repository/Page_Amazon.com  umbrella/img_s-image' is clicked on

26-01-2024T20:38:03 - [TEST_STEP][PASSED] - click(findTestObject("Object Repository/Page_Amazon.com Anntrue Windproof Travel Um_6413a8/a_Add to List")): Object: 'Object Repository/Page_Amazon.com Anntrue Windproof Travel Um_6413a8/a_Add to List' is clicked on

26-01-2024T20:38:07 - [MESSAGE][PASSED] - Object: 'Object Repository/Page_Amazon.com Anntrue Windproof Travel Um_6413a8/a_Add to List' is clicked on

26-01-2024T20:38:07 - [TEST_STEP][PASSED] - closeBrowser(): Browser is closed

26-01-2024T20:38:07 - [MESSAGE][PASSED] - Browser is closed]]></system-out>
         <system-err><![CDATA[]]></system-err>
      </testcase>
      <testcase name="Test Cases/Data_Driven_Testing/TC_Amazon_Search_02" time="10.068" classname="Test Cases/Data_Driven_Testing/TC_Amazon_Search_02" status="PASSED">
         <system-out><![CDATA[26-01-2024T20:38:08 - [TEST_CASE][PASSED] - Test Cases/Data_Driven_Testing/TC_Amazon_Search_02: Test Cases/Data_Driven_Testing/TC_Amazon_Search_02

26-01-2024T20:38:08 - [TEST_STEP][PASSED] - openBrowser(""): Browser is opened with url: ''

26-01-2024T20:38:08 - [MESSAGE][INFO] - Starting 'Chrome' driver

26-01-2024T20:38:08 - [MESSAGE][INFO] - Action delay is set to 0 milliseconds

26-01-2024T20:38:09 - [MESSAGE][PASSED] - Browser is opened with url: ''

26-01-2024T20:38:09 - [TEST_STEP][PASSED] - navigateToUrl("https://www.amazon.com/"): Navigate to 'https://www.amazon.com/' successfully

26-01-2024T20:38:11 - [MESSAGE][PASSED] - Navigate to 'https://www.amazon.com/' successfully

26-01-2024T20:38:11 - [TEST_STEP][PASSED] - setText(findTestObject("Object Repository/Amazon_Search_OR/Page_Amazon.com. Spend less. Smile more/input_field-keywords"), "umbrella"): Text 'umbrella' is set on object 'Object Repository/Amazon_Search_OR/Page_Amazon.com. Spend less. Smile more/input_field-keywords'

26-01-2024T20:38:12 - [MESSAGE][PASSED] - Text 'umbrella' is set on object 'Object Repository/Amazon_Search_OR/Page_Amazon.com. Spend less. Smile more/input_field-keywords'

26-01-2024T20:38:12 - [TEST_STEP][PASSED] - click(findTestObject("Object Repository/Amazon_Search_OR/Page_Amazon.com. Spend less. Smile more/inputnav-search-submit-button")): Object: 'Object Repository/Amazon_Search_OR/Page_Amazon.com. Spend less. Smile more/inputnav-search-submit-button' is clicked on

26-01-2024T20:38:17 - [MESSAGE][PASSED] - Object: 'Object Repository/Amazon_Search_OR/Page_Amazon.com. Spend less. Smile more/inputnav-search-submit-button' is clicked on

26-01-2024T20:38:17 - [TEST_STEP][PASSED] - closeBrowser(): Browser is closed

26-01-2024T20:38:18 - [MESSAGE][PASSED] - Browser is closed]]></system-out>
         <system-err><![CDATA[]]></system-err>
      </testcase>
      <testcase name="Test Cases/Data_Driven_Testing/TC_Amazon_Search_02" time="11.661" classname="Test Cases/Data_Driven_Testing/TC_Amazon_Search_02" status="PASSED">
         <system-out><![CDATA[26-01-2024T20:38:18 - [TEST_CASE][PASSED] - Test Cases/Data_Driven_Testing/TC_Amazon_Search_02: Test Cases/Data_Driven_Testing/TC_Amazon_Search_02

26-01-2024T20:38:18 - [TEST_STEP][PASSED] - openBrowser(""): Browser is opened with url: ''

26-01-2024T20:38:18 - [MESSAGE][INFO] - Starting 'Chrome' driver

26-01-2024T20:38:18 - [MESSAGE][INFO] - Action delay is set to 0 milliseconds

26-01-2024T20:38:19 - [MESSAGE][PASSED] - Browser is opened with url: ''

26-01-2024T20:38:19 - [TEST_STEP][PASSED] - navigateToUrl("https://www.amazon.com/"): Navigate to 'https://www.amazon.com/' successfully

26-01-2024T20:38:21 - [MESSAGE][PASSED] - Navigate to 'https://www.amazon.com/' successfully

26-01-2024T20:38:21 - [TEST_STEP][PASSED] - setText(findTestObject("Object Repository/Amazon_Search_OR/Page_Amazon.com. Spend less. Smile more/input_field-keywords"), "umbrella"): Text 'umbrella' is set on object 'Object Repository/Amazon_Search_OR/Page_Amazon.com. Spend less. Smile more/input_field-keywords'

26-01-2024T20:38:22 - [MESSAGE][PASSED] - Text 'umbrella' is set on object 'Object Repository/Amazon_Search_OR/Page_Amazon.com. Spend less. Smile more/input_field-keywords'

26-01-2024T20:38:22 - [TEST_STEP][PASSED] - click(findTestObject("Object Repository/Amazon_Search_OR/Page_Amazon.com. Spend less. Smile more/inputnav-search-submit-button")): Object: 'Object Repository/Amazon_Search_OR/Page_Amazon.com. Spend less. Smile more/inputnav-search-submit-button' is clicked on

26-01-2024T20:38:29 - [MESSAGE][PASSED] - Object: 'Object Repository/Amazon_Search_OR/Page_Amazon.com. Spend less. Smile more/inputnav-search-submit-button' is clicked on

26-01-2024T20:38:29 - [TEST_STEP][PASSED] - closeBrowser(): Browser is closed

26-01-2024T20:38:29 - [MESSAGE][PASSED] - Browser is closed]]></system-out>
         <system-err><![CDATA[]]></system-err>
      </testcase>
      <testcase name="Test Cases/Data_Driven_Testing/TC_Amazon_Search_02" time="23.886" classname="Test Cases/Data_Driven_Testing/TC_Amazon_Search_02" status="PASSED">
         <system-out><![CDATA[26-01-2024T20:38:29 - [TEST_CASE][PASSED] - Test Cases/Data_Driven_Testing/TC_Amazon_Search_02: Test Cases/Data_Driven_Testing/TC_Amazon_Search_02

26-01-2024T20:38:29 - [TEST_STEP][PASSED] - openBrowser(""): Browser is opened with url: ''

26-01-2024T20:38:29 - [MESSAGE][INFO] - Starting 'Chrome' driver

26-01-2024T20:38:29 - [MESSAGE][INFO] - Action delay is set to 0 milliseconds

26-01-2024T20:38:30 - [MESSAGE][PASSED] - Browser is opened with url: ''

26-01-2024T20:38:30 - [TEST_STEP][PASSED] - navigateToUrl("https://www.amazon.com/"): Navigate to 'https://www.amazon.com/' successfully

26-01-2024T20:38:45 - [MESSAGE][PASSED] - Navigate to 'https://www.amazon.com/' successfully

26-01-2024T20:38:45 - [TEST_STEP][PASSED] - setText(findTestObject("Object Repository/Amazon_Search_OR/Page_Amazon.com. Spend less. Smile more/input_field-keywords"), "umbrella"): Text 'umbrella' is set on object 'Object Repository/Amazon_Search_OR/Page_Amazon.com. Spend less. Smile more/input_field-keywords'

26-01-2024T20:38:47 - [MESSAGE][PASSED] - Text 'umbrella' is set on object 'Object Repository/Amazon_Search_OR/Page_Amazon.com. Spend less. Smile more/input_field-keywords'

26-01-2024T20:38:47 - [TEST_STEP][PASSED] - click(findTestObject("Object Repository/Amazon_Search_OR/Page_Amazon.com. Spend less. Smile more/inputnav-search-submit-button")): Object: 'Object Repository/Amazon_Search_OR/Page_Amazon.com. Spend less. Smile more/inputnav-search-submit-button' is clicked on

26-01-2024T20:38:53 - [MESSAGE][PASSED] - Object: 'Object Repository/Amazon_Search_OR/Page_Amazon.com. Spend less. Smile more/inputnav-search-submit-button' is clicked on

26-01-2024T20:38:53 - [TEST_STEP][PASSED] - closeBrowser(): Browser is closed

26-01-2024T20:38:53 - [MESSAGE][PASSED] - Browser is closed]]></system-out>
         <system-err><![CDATA[]]></system-err>
      </testcase>
      <system-out><![CDATA[26-01-2024T20:36:53 - [TEST_SUITE][PASSED] - Amazon_Wish_search: Test Cases/Data_Driven_Testing/TC_Amazon_Search_02]]></system-out>
      <system-err><![CDATA[]]></system-err>
   </testsuite>
</testsuites>
