<?xml version="1.0" encoding="UTF-8"?>
<testsuites name="Amazon cart" time="309.405" tests="2" failures="0" errors="0">
   <testsuite name="Amazon cart" tests="2" failures="0" errors="0" time="309.405" skipped="0" timestamp="26-01-2024T10:47:46" hostname="tejac - LAPTOP-5AA6QQL1" id="Test Suites/Amazon Validation/Amazon cart">
      <properties>
         <property name="deviceName" value=""/>
         <property name="devicePlatform" value=""/>
         <property name="logFolder" value="C:\\Users\\tejac\\git\\Amazon-App\\Reports\\20240126_104742\\Amazon Validation\\Amazon cart\\20240126_104742"/>
         <property name="logFiles" value="C:\\Users\\tejac\\git\\Amazon-App\\Reports\\20240126_104742\\Amazon Validation\\Amazon cart\\20240126_104742\\execution0.log"/>
         <property name="attachments" value=""/>
         <property name="hostName" value="tejac - LAPTOP-5AA6QQL1"/>
         <property name="os" value="Windows 11 64bit"/>
         <property name="katalonVersion" value="9.2.0.212"/>
         <property name="browser" value="Chrome 121.0.0.0"/>
         <property name="hostAddress" value="192.168.0.143"/>
         <property name="sessionId" value="cdcba6c16e10f9effb8877e5e57b51d8"/>
         <property name="seleniumVersion" value="3.141.59"/>
         <property name="proxyInformation" value="ProxyInformation { proxyOption=NO_PROXY, proxyServerType=HTTP, username=, password=********, proxyServerAddress=, proxyServerPort=0, executionList=&quot;&quot;, isApplyToDesiredCapabilities=true }"/>
         <property name="platform" value="Windows 11"/>
      </properties>
      <testcase name="Test Cases/Data_Driven_Testing/TC_AMAZON_Cart_05" time="152.324" classname="Test Cases/Data_Driven_Testing/TC_AMAZON_Cart_05" status="PASSED">
         <system-out><![CDATA[26-01-2024T10:48:40 - [TEST_CASE][PASSED] - Test Cases/Data_Driven_Testing/TC_AMAZON_Cart_05: Test Cases/Data_Driven_Testing/TC_AMAZON_Cart_05

26-01-2024T10:48:40 - [TEST_STEP][PASSED] - openBrowser(""): Browser is opened with url: ''

26-01-2024T10:48:40 - [MESSAGE][WARNING] - A browser is already opened. Closing browser and opening a new one

26-01-2024T10:48:40 - [MESSAGE][INFO] - Starting 'Chrome' driver

26-01-2024T10:48:40 - [MESSAGE][INFO] - Action delay is set to 0 milliseconds

26-01-2024T10:48:42 - [MESSAGE][PASSED] - Browser is opened with url: ''

26-01-2024T10:48:42 - [TEST_STEP][PASSED] - navigateToUrl("https://www.amazon.com/"): Navigate to 'https://www.amazon.com/' successfully

26-01-2024T10:48:44 - [MESSAGE][PASSED] - Navigate to 'https://www.amazon.com/' successfully

26-01-2024T10:48:44 - [TEST_STEP][PASSED] - click(findTestObject("Object Repository/Amazon cart/Page_Amazon.com. Spend less. Smile more/span_Hello, sign in")): Object: 'Object Repository/Amazon cart/Page_Amazon.com. Spend less. Smile more/span_Hello, sign in' is clicked on

26-01-2024T10:49:15 - [MESSAGE][PASSED] - Object: 'Object Repository/Amazon cart/Page_Amazon.com. Spend less. Smile more/span_Hello, sign in' is clicked on

26-01-2024T10:49:15 - [TEST_STEP][PASSED] - setText(findTestObject("Object Repository/Amazon cart/Page_Amazon Sign-In/input_email"), "tejach312@gmail.com"): Text 'tejach312@gmail.com' is set on object 'Object Repository/Amazon cart/Page_Amazon Sign-In/input_email'

26-01-2024T10:49:17 - [MESSAGE][PASSED] - Text 'tejach312@gmail.com' is set on object 'Object Repository/Amazon cart/Page_Amazon Sign-In/input_email'

26-01-2024T10:49:17 - [TEST_STEP][PASSED] - click(findTestObject("Object Repository/Amazon cart/Page_Amazon Sign-In/inputcontinue")): Object: 'Object Repository/Amazon cart/Page_Amazon Sign-In/inputcontinue' is clicked on

26-01-2024T10:49:19 - [MESSAGE][PASSED] - Object: 'Object Repository/Amazon cart/Page_Amazon Sign-In/inputcontinue' is clicked on

26-01-2024T10:49:19 - [TEST_STEP][PASSED] - setEncryptedText(findTestObject("Object Repository/Amazon cart/Page_Amazon Sign-In/input_password"), "MAPjDJh7XRfzOPtg0Z9QNQ=="): Text ****** has been set on object 'Object Repository/Amazon cart/Page_Amazon Sign-In/input_password'

26-01-2024T10:49:20 - [MESSAGE][PASSED] - Text ****** has been set on object 'Object Repository/Amazon cart/Page_Amazon Sign-In/input_password'

26-01-2024T10:49:20 - [TEST_STEP][PASSED] - click(findTestObject("Object Repository/Amazon cart/Page_Amazon Sign-In/inputsignInSubmit")): Object: 'Object Repository/Amazon cart/Page_Amazon Sign-In/inputsignInSubmit' is clicked on

26-01-2024T10:49:20 - [MESSAGE][PASSED] - Object: 'Object Repository/Amazon cart/Page_Amazon Sign-In/inputsignInSubmit' is clicked on

26-01-2024T10:49:20 - [TEST_STEP][PASSED] - setText(findTestObject("Object Repository/Amazon cart/Page_Amazon.com. Spend less. Smile more/input_field-keywords"), "yoga mat"): Text 'yoga mat' is set on object 'Object Repository/Amazon cart/Page_Amazon.com. Spend less. Smile more/input_field-keywords'

26-01-2024T10:50:24 - [MESSAGE][PASSED] - Text 'yoga mat' is set on object 'Object Repository/Amazon cart/Page_Amazon.com. Spend less. Smile more/input_field-keywords'

26-01-2024T10:50:24 - [TEST_STEP][PASSED] - click(findTestObject("Object Repository/Amazon cart/Page_Amazon.com. Spend less. Smile more/inputnav-search-submit-button")): Object: 'Object Repository/Amazon cart/Page_Amazon.com. Spend less. Smile more/inputnav-search-submit-button' is clicked on

26-01-2024T10:51:01 - [MESSAGE][PASSED] - Object: 'Object Repository/Amazon cart/Page_Amazon.com. Spend less. Smile more/inputnav-search-submit-button' is clicked on

26-01-2024T10:51:01 - [TEST_STEP][PASSED] - click(findTestObject("Object Repository/Amazon cart/Page_Amazon.com  yoga mat/span_Amazon Basics 12-Inch Extra Thick Exer_5a4e3b")): Object: 'Object Repository/Amazon cart/Page_Amazon.com  yoga mat/span_Amazon Basics 12-Inch Extra Thick Exer_5a4e3b' is clicked on

26-01-2024T10:51:07 - [MESSAGE][PASSED] - Object: 'Object Repository/Amazon cart/Page_Amazon.com  yoga mat/span_Amazon Basics 12-Inch Extra Thick Exer_5a4e3b' is clicked on

26-01-2024T10:51:07 - [TEST_STEP][PASSED] - click(findTestObject("Object Repository/Amazon cart/Page_Amazon.com  Amazon Basics Extra Thick _041e23/input_submit.add-to-cart")): Object: 'Object Repository/Amazon cart/Page_Amazon.com  Amazon Basics Extra Thick _041e23/input_submit.add-to-cart' is clicked on

26-01-2024T10:51:12 - [MESSAGE][PASSED] - Object: 'Object Repository/Amazon cart/Page_Amazon.com  Amazon Basics Extra Thick _041e23/input_submit.add-to-cart' is clicked on

26-01-2024T10:51:12 - [TEST_STEP][PASSED] - closeBrowser(): Browser is closed

26-01-2024T10:51:12 - [MESSAGE][PASSED] - Browser is closed]]></system-out>
         <system-err><![CDATA[]]></system-err>
      </testcase>
      <testcase name="Test Cases/Data_Driven_Testing/TC_AMAZON_Cart_05" time="103.135" classname="Test Cases/Data_Driven_Testing/TC_AMAZON_Cart_05" status="INCOMPLETE">
         <system-out><![CDATA[26-01-2024T10:51:12 - [TEST_CASE][INCOMPLETE] - Test Cases/Data_Driven_Testing/TC_AMAZON_Cart_05: null

26-01-2024T10:51:12 - [TEST_STEP][PASSED] - openBrowser(""): Browser is opened with url: ''

26-01-2024T10:51:12 - [MESSAGE][INFO] - Starting 'Chrome' driver

26-01-2024T10:51:12 - [MESSAGE][INFO] - Action delay is set to 0 milliseconds

26-01-2024T10:51:13 - [MESSAGE][PASSED] - Browser is opened with url: ''

26-01-2024T10:51:13 - [TEST_STEP][PASSED] - navigateToUrl("https://www.amazon.com/"): Navigate to 'https://www.amazon.com/' successfully

26-01-2024T10:51:15 - [MESSAGE][PASSED] - Navigate to 'https://www.amazon.com/' successfully

26-01-2024T10:51:15 - [TEST_STEP][PASSED] - click(findTestObject("Object Repository/Amazon cart/Page_Amazon.com. Spend less. Smile more/span_Hello, sign in")): Object: 'Object Repository/Amazon cart/Page_Amazon.com. Spend less. Smile more/span_Hello, sign in' is clicked on

26-01-2024T10:51:47 - [MESSAGE][PASSED] - Object: 'Object Repository/Amazon cart/Page_Amazon.com. Spend less. Smile more/span_Hello, sign in' is clicked on

26-01-2024T10:51:47 - [TEST_STEP][PASSED] - setText(findTestObject("Object Repository/Amazon cart/Page_Amazon Sign-In/input_email"), "tejach312@gmail.com"): Text 'tejach312@gmail.com' is set on object 'Object Repository/Amazon cart/Page_Amazon Sign-In/input_email'

26-01-2024T10:51:48 - [MESSAGE][PASSED] - Text 'tejach312@gmail.com' is set on object 'Object Repository/Amazon cart/Page_Amazon Sign-In/input_email'

26-01-2024T10:51:48 - [TEST_STEP][PASSED] - click(findTestObject("Object Repository/Amazon cart/Page_Amazon Sign-In/inputcontinue")): Object: 'Object Repository/Amazon cart/Page_Amazon Sign-In/inputcontinue' is clicked on

26-01-2024T10:51:50 - [MESSAGE][PASSED] - Object: 'Object Repository/Amazon cart/Page_Amazon Sign-In/inputcontinue' is clicked on

26-01-2024T10:51:50 - [TEST_STEP][PASSED] - setEncryptedText(findTestObject("Object Repository/Amazon cart/Page_Amazon Sign-In/input_password"), "MAPjDJh7XRfzOPtg0Z9QNQ=="): Text ****** has been set on object 'Object Repository/Amazon cart/Page_Amazon Sign-In/input_password'

26-01-2024T10:51:51 - [MESSAGE][PASSED] - Text ****** has been set on object 'Object Repository/Amazon cart/Page_Amazon Sign-In/input_password'

26-01-2024T10:51:51 - [TEST_STEP][PASSED] - click(findTestObject("Object Repository/Amazon cart/Page_Amazon Sign-In/inputsignInSubmit")): Object: 'Object Repository/Amazon cart/Page_Amazon Sign-In/inputsignInSubmit' is clicked on

26-01-2024T10:51:51 - [MESSAGE][PASSED] - Object: 'Object Repository/Amazon cart/Page_Amazon Sign-In/inputsignInSubmit' is clicked on

26-01-2024T10:51:51 - [TEST_STEP][PASSED] - setText(findTestObject("Object Repository/Amazon cart/Page_Amazon.com. Spend less. Smile more/input_field-keywords"), "yoga mat"): Text 'yoga mat' is set on object 'Object Repository/Amazon cart/Page_Amazon.com. Spend less. Smile more/input_field-keywords'

26-01-2024T10:52:55 - [MESSAGE][PASSED] - Text 'yoga mat' is set on object 'Object Repository/Amazon cart/Page_Amazon.com. Spend less. Smile more/input_field-keywords'

26-01-2024T10:52:55 - [TEST_STEP][INCOMPLETE] - click(findTestObject("Object Repository/Amazon cart/Page_Amazon.com. Spend less. Smile more/inputnav-search-submit-button")): null]]></system-out>
         <system-err><![CDATA[26-01-2024T10:51:12 - [TEST_CASE][INCOMPLETE] - Test Cases/Data_Driven_Testing/TC_AMAZON_Cart_05: null]]></system-err>
      </testcase>
      <system-out><![CDATA[26-01-2024T10:47:46 - [TEST_SUITE][INCOMPLETE] - Amazon cart: null]]></system-out>
      <system-err><![CDATA[26-01-2024T10:47:46 - [TEST_SUITE][INCOMPLETE] - Amazon cart: null]]></system-err>
   </testsuite>
</testsuites>
