<?xml version="1.0" encoding="UTF-8"?>
<testsuites name="Amazon_Wish_Search" time="207.051" tests="13" failures="0" errors="0">
   <testsuite name="Amazon_Wish_Search" tests="13" failures="0" errors="0" time="207.051" skipped="0" timestamp="26-01-2024T21:59:27" hostname="tejac - LAPTOP-5AA6QQL1" id="Test Suites/Amazon Validation/Amazon_Wish_Search">
      <properties>
         <property name="deviceName" value=""/>
         <property name="devicePlatform" value=""/>
         <property name="logFolder" value="C:\\Users\\tejac\\git\\Amazon-App\\Reports\\20240126_215057\\Amazon Validation\\Amazon_Wish_Search\\20240126_215102"/>
         <property name="logFiles" value="C:\\Users\\tejac\\git\\Amazon-App\\Reports\\20240126_215057\\Amazon Validation\\Amazon_Wish_Search\\20240126_215102\\execution0.log"/>
         <property name="attachments" value=""/>
         <property name="hostName" value="tejac - LAPTOP-5AA6QQL1"/>
         <property name="os" value="Windows 11 64bit"/>
         <property name="katalonVersion" value="9.2.0.212"/>
         <property name="browser" value="Chrome 121.0.0.0"/>
         <property name="hostAddress" value="192.168.0.143"/>
         <property name="sessionId" value="8b1a3fc5041d98274c6ba52ecccf78de"/>
         <property name="seleniumVersion" value="3.141.59"/>
         <property name="proxyInformation" value="ProxyInformation { proxyOption=NO_PROXY, proxyServerType=HTTP, username=, password=********, proxyServerAddress=, proxyServerPort=0, executionList=&quot;&quot;, isApplyToDesiredCapabilities=true }"/>
         <property name="platform" value="Windows 11"/>
      </properties>
      <testcase name="Test Cases/Data_Driven_Testing/TC_Amazon_Search_02" time="13.544" classname="Test Cases/Data_Driven_Testing/TC_Amazon_Search_02" status="PASSED">
         <system-out><![CDATA[26-01-2024T21:59:27 - [TEST_CASE][PASSED] - Test Cases/Data_Driven_Testing/TC_Amazon_Search_02: Test Cases/Data_Driven_Testing/TC_Amazon_Search_02

26-01-2024T21:59:28 - [TEST_STEP][PASSED] - openBrowser(""): Browser is opened with url: ''

26-01-2024T21:59:28 - [MESSAGE][INFO] - Starting 'Chrome' driver

26-01-2024T21:59:28 - [MESSAGE][INFO] - Action delay is set to 0 milliseconds

26-01-2024T21:59:30 - [MESSAGE][PASSED] - Browser is opened with url: ''

26-01-2024T21:59:30 - [TEST_STEP][PASSED] - navigateToUrl("https://www.amazon.com/"): Navigate to 'https://www.amazon.com/' successfully

26-01-2024T21:59:33 - [MESSAGE][PASSED] - Navigate to 'https://www.amazon.com/' successfully

26-01-2024T21:59:33 - [TEST_STEP][PASSED] - setText(findTestObject("Object Repository/Amazon_Search_OR/Page_Amazon.com. Spend less. Smile more/input_field-keywords"), "umbrella"): Text 'umbrella' is set on object 'Object Repository/Amazon_Search_OR/Page_Amazon.com. Spend less. Smile more/input_field-keywords'

26-01-2024T21:59:34 - [MESSAGE][PASSED] - Text 'umbrella' is set on object 'Object Repository/Amazon_Search_OR/Page_Amazon.com. Spend less. Smile more/input_field-keywords'

26-01-2024T21:59:34 - [TEST_STEP][PASSED] - click(findTestObject("Object Repository/Amazon_Search_OR/Page_Amazon.com. Spend less. Smile more/inputnav-search-submit-button")): Object: 'Object Repository/Amazon_Search_OR/Page_Amazon.com. Spend less. Smile more/inputnav-search-submit-button' is clicked on

26-01-2024T21:59:41 - [MESSAGE][PASSED] - Object: 'Object Repository/Amazon_Search_OR/Page_Amazon.com. Spend less. Smile more/inputnav-search-submit-button' is clicked on

26-01-2024T21:59:41 - [TEST_STEP][PASSED] - closeBrowser(): Browser is closed

26-01-2024T21:59:41 - [MESSAGE][PASSED] - Browser is closed]]></system-out>
         <system-err><![CDATA[]]></system-err>
      </testcase>
      <testcase name="Test Cases/Data_Driven_Testing/TC_Amazon_Search_02" time="29.945" classname="Test Cases/Data_Driven_Testing/TC_Amazon_Search_02" status="PASSED">
         <system-out><![CDATA[26-01-2024T21:59:41 - [TEST_CASE][PASSED] - Test Cases/Data_Driven_Testing/TC_Amazon_Search_02: Test Cases/Data_Driven_Testing/TC_Amazon_Search_02

26-01-2024T21:59:41 - [TEST_STEP][PASSED] - openBrowser(""): Browser is opened with url: ''

26-01-2024T21:59:41 - [MESSAGE][INFO] - Starting 'Chrome' driver

26-01-2024T21:59:41 - [MESSAGE][INFO] - Action delay is set to 0 milliseconds

26-01-2024T21:59:43 - [MESSAGE][PASSED] - Browser is opened with url: ''

26-01-2024T21:59:43 - [TEST_STEP][PASSED] - navigateToUrl("https://www.amazon.com/"): Navigate to 'https://www.amazon.com/' successfully

26-01-2024T21:59:45 - [MESSAGE][PASSED] - Navigate to 'https://www.amazon.com/' successfully

26-01-2024T21:59:45 - [TEST_STEP][PASSED] - setText(findTestObject("Object Repository/Amazon_Search_OR/Page_Amazon.com. Spend less. Smile more/input_field-keywords"), "umbrella"): Text 'umbrella' is set on object 'Object Repository/Amazon_Search_OR/Page_Amazon.com. Spend less. Smile more/input_field-keywords'

26-01-2024T22:00:04 - [MESSAGE][PASSED] - Text 'umbrella' is set on object 'Object Repository/Amazon_Search_OR/Page_Amazon.com. Spend less. Smile more/input_field-keywords'

26-01-2024T22:00:04 - [TEST_STEP][PASSED] - click(findTestObject("Object Repository/Amazon_Search_OR/Page_Amazon.com. Spend less. Smile more/inputnav-search-submit-button")): Object: 'Object Repository/Amazon_Search_OR/Page_Amazon.com. Spend less. Smile more/inputnav-search-submit-button' is clicked on

26-01-2024T22:00:11 - [MESSAGE][PASSED] - Object: 'Object Repository/Amazon_Search_OR/Page_Amazon.com. Spend less. Smile more/inputnav-search-submit-button' is clicked on

26-01-2024T22:00:11 - [TEST_STEP][PASSED] - closeBrowser(): Browser is closed

26-01-2024T22:00:11 - [MESSAGE][PASSED] - Browser is closed]]></system-out>
         <system-err><![CDATA[]]></system-err>
      </testcase>
      <testcase name="Test Cases/Data_Driven_Testing/TC_Amazon_Search_02" time="11.441" classname="Test Cases/Data_Driven_Testing/TC_Amazon_Search_02" status="PASSED">
         <system-out><![CDATA[26-01-2024T22:00:11 - [TEST_CASE][PASSED] - Test Cases/Data_Driven_Testing/TC_Amazon_Search_02: Test Cases/Data_Driven_Testing/TC_Amazon_Search_02

26-01-2024T22:00:11 - [TEST_STEP][PASSED] - openBrowser(""): Browser is opened with url: ''

26-01-2024T22:00:11 - [MESSAGE][INFO] - Starting 'Chrome' driver

26-01-2024T22:00:11 - [MESSAGE][INFO] - Action delay is set to 0 milliseconds

26-01-2024T22:00:13 - [MESSAGE][PASSED] - Browser is opened with url: ''

26-01-2024T22:00:13 - [TEST_STEP][PASSED] - navigateToUrl("https://www.amazon.com/"): Navigate to 'https://www.amazon.com/' successfully

26-01-2024T22:00:15 - [MESSAGE][PASSED] - Navigate to 'https://www.amazon.com/' successfully

26-01-2024T22:00:15 - [TEST_STEP][PASSED] - setText(findTestObject("Object Repository/Amazon_Search_OR/Page_Amazon.com. Spend less. Smile more/input_field-keywords"), "umbrella"): Text 'umbrella' is set on object 'Object Repository/Amazon_Search_OR/Page_Amazon.com. Spend less. Smile more/input_field-keywords'

26-01-2024T22:00:16 - [MESSAGE][PASSED] - Text 'umbrella' is set on object 'Object Repository/Amazon_Search_OR/Page_Amazon.com. Spend less. Smile more/input_field-keywords'

26-01-2024T22:00:16 - [TEST_STEP][PASSED] - click(findTestObject("Object Repository/Amazon_Search_OR/Page_Amazon.com. Spend less. Smile more/inputnav-search-submit-button")): Object: 'Object Repository/Amazon_Search_OR/Page_Amazon.com. Spend less. Smile more/inputnav-search-submit-button' is clicked on

26-01-2024T22:00:22 - [MESSAGE][PASSED] - Object: 'Object Repository/Amazon_Search_OR/Page_Amazon.com. Spend less. Smile more/inputnav-search-submit-button' is clicked on

26-01-2024T22:00:22 - [TEST_STEP][PASSED] - closeBrowser(): Browser is closed

26-01-2024T22:00:23 - [MESSAGE][PASSED] - Browser is closed]]></system-out>
         <system-err><![CDATA[]]></system-err>
      </testcase>
      <testcase name="Test Cases/Data_Driven_Testing/TC_Amazon_Search_02" time="11.411" classname="Test Cases/Data_Driven_Testing/TC_Amazon_Search_02" status="PASSED">
         <system-out><![CDATA[26-01-2024T22:00:23 - [TEST_CASE][PASSED] - Test Cases/Data_Driven_Testing/TC_Amazon_Search_02: Test Cases/Data_Driven_Testing/TC_Amazon_Search_02

26-01-2024T22:00:23 - [TEST_STEP][PASSED] - openBrowser(""): Browser is opened with url: ''

26-01-2024T22:00:23 - [MESSAGE][INFO] - Starting 'Chrome' driver

26-01-2024T22:00:23 - [MESSAGE][INFO] - Action delay is set to 0 milliseconds

26-01-2024T22:00:24 - [MESSAGE][PASSED] - Browser is opened with url: ''

26-01-2024T22:00:24 - [TEST_STEP][PASSED] - navigateToUrl("https://www.amazon.com/"): Navigate to 'https://www.amazon.com/' successfully

26-01-2024T22:00:26 - [MESSAGE][PASSED] - Navigate to 'https://www.amazon.com/' successfully

26-01-2024T22:00:26 - [TEST_STEP][PASSED] - setText(findTestObject("Object Repository/Amazon_Search_OR/Page_Amazon.com. Spend less. Smile more/input_field-keywords"), "umbrella"): Text 'umbrella' is set on object 'Object Repository/Amazon_Search_OR/Page_Amazon.com. Spend less. Smile more/input_field-keywords'

26-01-2024T22:00:28 - [MESSAGE][PASSED] - Text 'umbrella' is set on object 'Object Repository/Amazon_Search_OR/Page_Amazon.com. Spend less. Smile more/input_field-keywords'

26-01-2024T22:00:28 - [TEST_STEP][PASSED] - click(findTestObject("Object Repository/Amazon_Search_OR/Page_Amazon.com. Spend less. Smile more/inputnav-search-submit-button")): Object: 'Object Repository/Amazon_Search_OR/Page_Amazon.com. Spend less. Smile more/inputnav-search-submit-button' is clicked on

26-01-2024T22:00:34 - [MESSAGE][PASSED] - Object: 'Object Repository/Amazon_Search_OR/Page_Amazon.com. Spend less. Smile more/inputnav-search-submit-button' is clicked on

26-01-2024T22:00:34 - [TEST_STEP][PASSED] - closeBrowser(): Browser is closed

26-01-2024T22:00:34 - [MESSAGE][PASSED] - Browser is closed]]></system-out>
         <system-err><![CDATA[]]></system-err>
      </testcase>
      <testcase name="Test Cases/Data_Driven_Testing/TC_Amazon_Search_02" time="12.037" classname="Test Cases/Data_Driven_Testing/TC_Amazon_Search_02" status="PASSED">
         <system-out><![CDATA[26-01-2024T22:00:34 - [TEST_CASE][PASSED] - Test Cases/Data_Driven_Testing/TC_Amazon_Search_02: Test Cases/Data_Driven_Testing/TC_Amazon_Search_02

26-01-2024T22:00:34 - [TEST_STEP][PASSED] - openBrowser(""): Browser is opened with url: ''

26-01-2024T22:00:34 - [MESSAGE][INFO] - Starting 'Chrome' driver

26-01-2024T22:00:34 - [MESSAGE][INFO] - Action delay is set to 0 milliseconds

26-01-2024T22:00:35 - [MESSAGE][PASSED] - Browser is opened with url: ''

26-01-2024T22:00:35 - [TEST_STEP][PASSED] - navigateToUrl("https://www.amazon.com/"): Navigate to 'https://www.amazon.com/' successfully

26-01-2024T22:00:38 - [MESSAGE][PASSED] - Navigate to 'https://www.amazon.com/' successfully

26-01-2024T22:00:38 - [TEST_STEP][PASSED] - setText(findTestObject("Object Repository/Amazon_Search_OR/Page_Amazon.com. Spend less. Smile more/input_field-keywords"), "umbrella"): Text 'umbrella' is set on object 'Object Repository/Amazon_Search_OR/Page_Amazon.com. Spend less. Smile more/input_field-keywords'

26-01-2024T22:00:39 - [MESSAGE][PASSED] - Text 'umbrella' is set on object 'Object Repository/Amazon_Search_OR/Page_Amazon.com. Spend less. Smile more/input_field-keywords'

26-01-2024T22:00:39 - [TEST_STEP][PASSED] - click(findTestObject("Object Repository/Amazon_Search_OR/Page_Amazon.com. Spend less. Smile more/inputnav-search-submit-button")): Object: 'Object Repository/Amazon_Search_OR/Page_Amazon.com. Spend less. Smile more/inputnav-search-submit-button' is clicked on

26-01-2024T22:00:46 - [MESSAGE][PASSED] - Object: 'Object Repository/Amazon_Search_OR/Page_Amazon.com. Spend less. Smile more/inputnav-search-submit-button' is clicked on

26-01-2024T22:00:46 - [TEST_STEP][PASSED] - closeBrowser(): Browser is closed

26-01-2024T22:00:46 - [MESSAGE][PASSED] - Browser is closed]]></system-out>
         <system-err><![CDATA[]]></system-err>
      </testcase>
      <testcase name="Test Cases/Data_Driven_Testing/TC_Amazon_Search_02" time="13.523" classname="Test Cases/Data_Driven_Testing/TC_Amazon_Search_02" status="PASSED">
         <system-out><![CDATA[26-01-2024T22:00:46 - [TEST_CASE][PASSED] - Test Cases/Data_Driven_Testing/TC_Amazon_Search_02: Test Cases/Data_Driven_Testing/TC_Amazon_Search_02

26-01-2024T22:00:46 - [TEST_STEP][PASSED] - openBrowser(""): Browser is opened with url: ''

26-01-2024T22:00:46 - [MESSAGE][INFO] - Starting 'Chrome' driver

26-01-2024T22:00:46 - [MESSAGE][INFO] - Action delay is set to 0 milliseconds

26-01-2024T22:00:47 - [MESSAGE][PASSED] - Browser is opened with url: ''

26-01-2024T22:00:47 - [TEST_STEP][PASSED] - navigateToUrl("https://www.amazon.com/"): Navigate to 'https://www.amazon.com/' successfully

26-01-2024T22:00:49 - [MESSAGE][PASSED] - Navigate to 'https://www.amazon.com/' successfully

26-01-2024T22:00:49 - [TEST_STEP][PASSED] - setText(findTestObject("Object Repository/Amazon_Search_OR/Page_Amazon.com. Spend less. Smile more/input_field-keywords"), "umbrella"): Text 'umbrella' is set on object 'Object Repository/Amazon_Search_OR/Page_Amazon.com. Spend less. Smile more/input_field-keywords'

26-01-2024T22:00:53 - [MESSAGE][PASSED] - Text 'umbrella' is set on object 'Object Repository/Amazon_Search_OR/Page_Amazon.com. Spend less. Smile more/input_field-keywords'

26-01-2024T22:00:53 - [TEST_STEP][PASSED] - click(findTestObject("Object Repository/Amazon_Search_OR/Page_Amazon.com. Spend less. Smile more/inputnav-search-submit-button")): Object: 'Object Repository/Amazon_Search_OR/Page_Amazon.com. Spend less. Smile more/inputnav-search-submit-button' is clicked on

26-01-2024T22:00:59 - [MESSAGE][PASSED] - Object: 'Object Repository/Amazon_Search_OR/Page_Amazon.com. Spend less. Smile more/inputnav-search-submit-button' is clicked on

26-01-2024T22:00:59 - [TEST_STEP][PASSED] - closeBrowser(): Browser is closed

26-01-2024T22:01:00 - [MESSAGE][PASSED] - Browser is closed]]></system-out>
         <system-err><![CDATA[]]></system-err>
      </testcase>
      <testcase name="Test Cases/Data_Driven_Testing/TC_Amazon_Search_02" time="12.99" classname="Test Cases/Data_Driven_Testing/TC_Amazon_Search_02" status="PASSED">
         <system-out><![CDATA[26-01-2024T22:01:00 - [TEST_CASE][PASSED] - Test Cases/Data_Driven_Testing/TC_Amazon_Search_02: Test Cases/Data_Driven_Testing/TC_Amazon_Search_02

26-01-2024T22:01:00 - [TEST_STEP][PASSED] - openBrowser(""): Browser is opened with url: ''

26-01-2024T22:01:00 - [MESSAGE][INFO] - Starting 'Chrome' driver

26-01-2024T22:01:00 - [MESSAGE][INFO] - Action delay is set to 0 milliseconds

26-01-2024T22:01:01 - [MESSAGE][PASSED] - Browser is opened with url: ''

26-01-2024T22:01:01 - [TEST_STEP][PASSED] - navigateToUrl("https://www.amazon.com/"): Navigate to 'https://www.amazon.com/' successfully

26-01-2024T22:01:04 - [MESSAGE][PASSED] - Navigate to 'https://www.amazon.com/' successfully

26-01-2024T22:01:04 - [TEST_STEP][PASSED] - setText(findTestObject("Object Repository/Amazon_Search_OR/Page_Amazon.com. Spend less. Smile more/input_field-keywords"), "umbrella"): Text 'umbrella' is set on object 'Object Repository/Amazon_Search_OR/Page_Amazon.com. Spend less. Smile more/input_field-keywords'

26-01-2024T22:01:05 - [MESSAGE][PASSED] - Text 'umbrella' is set on object 'Object Repository/Amazon_Search_OR/Page_Amazon.com. Spend less. Smile more/input_field-keywords'

26-01-2024T22:01:05 - [TEST_STEP][PASSED] - click(findTestObject("Object Repository/Amazon_Search_OR/Page_Amazon.com. Spend less. Smile more/inputnav-search-submit-button")): Object: 'Object Repository/Amazon_Search_OR/Page_Amazon.com. Spend less. Smile more/inputnav-search-submit-button' is clicked on

26-01-2024T22:01:12 - [MESSAGE][PASSED] - Object: 'Object Repository/Amazon_Search_OR/Page_Amazon.com. Spend less. Smile more/inputnav-search-submit-button' is clicked on

26-01-2024T22:01:12 - [TEST_STEP][PASSED] - closeBrowser(): Browser is closed

26-01-2024T22:01:13 - [MESSAGE][PASSED] - Browser is closed]]></system-out>
         <system-err><![CDATA[]]></system-err>
      </testcase>
      <testcase name="Test Cases/Data_Driven_Testing/TC_Amazon_Search_02" time="11.748" classname="Test Cases/Data_Driven_Testing/TC_Amazon_Search_02" status="PASSED">
         <system-out><![CDATA[26-01-2024T22:01:13 - [TEST_CASE][PASSED] - Test Cases/Data_Driven_Testing/TC_Amazon_Search_02: Test Cases/Data_Driven_Testing/TC_Amazon_Search_02

26-01-2024T22:01:13 - [TEST_STEP][PASSED] - openBrowser(""): Browser is opened with url: ''

26-01-2024T22:01:13 - [MESSAGE][INFO] - Starting 'Chrome' driver

26-01-2024T22:01:13 - [MESSAGE][INFO] - Action delay is set to 0 milliseconds

26-01-2024T22:01:14 - [MESSAGE][PASSED] - Browser is opened with url: ''

26-01-2024T22:01:14 - [TEST_STEP][PASSED] - navigateToUrl("https://www.amazon.com/"): Navigate to 'https://www.amazon.com/' successfully

26-01-2024T22:01:17 - [MESSAGE][PASSED] - Navigate to 'https://www.amazon.com/' successfully

26-01-2024T22:01:17 - [TEST_STEP][PASSED] - setText(findTestObject("Object Repository/Amazon_Search_OR/Page_Amazon.com. Spend less. Smile more/input_field-keywords"), "umbrella"): Text 'umbrella' is set on object 'Object Repository/Amazon_Search_OR/Page_Amazon.com. Spend less. Smile more/input_field-keywords'

26-01-2024T22:01:19 - [MESSAGE][PASSED] - Text 'umbrella' is set on object 'Object Repository/Amazon_Search_OR/Page_Amazon.com. Spend less. Smile more/input_field-keywords'

26-01-2024T22:01:19 - [TEST_STEP][PASSED] - click(findTestObject("Object Repository/Amazon_Search_OR/Page_Amazon.com. Spend less. Smile more/inputnav-search-submit-button")): Object: 'Object Repository/Amazon_Search_OR/Page_Amazon.com. Spend less. Smile more/inputnav-search-submit-button' is clicked on

26-01-2024T22:01:24 - [MESSAGE][PASSED] - Object: 'Object Repository/Amazon_Search_OR/Page_Amazon.com. Spend less. Smile more/inputnav-search-submit-button' is clicked on

26-01-2024T22:01:24 - [TEST_STEP][PASSED] - closeBrowser(): Browser is closed

26-01-2024T22:01:24 - [MESSAGE][PASSED] - Browser is closed]]></system-out>
         <system-err><![CDATA[]]></system-err>
      </testcase>
      <testcase name="Test Cases/Data_Driven_Testing/TC_Amazon_Search_02" time="11.522" classname="Test Cases/Data_Driven_Testing/TC_Amazon_Search_02" status="PASSED">
         <system-out><![CDATA[26-01-2024T22:01:24 - [TEST_CASE][PASSED] - Test Cases/Data_Driven_Testing/TC_Amazon_Search_02: Test Cases/Data_Driven_Testing/TC_Amazon_Search_02

26-01-2024T22:01:24 - [TEST_STEP][PASSED] - openBrowser(""): Browser is opened with url: ''

26-01-2024T22:01:24 - [MESSAGE][INFO] - Starting 'Chrome' driver

26-01-2024T22:01:24 - [MESSAGE][INFO] - Action delay is set to 0 milliseconds

26-01-2024T22:01:26 - [MESSAGE][PASSED] - Browser is opened with url: ''

26-01-2024T22:01:26 - [TEST_STEP][PASSED] - navigateToUrl("https://www.amazon.com/"): Navigate to 'https://www.amazon.com/' successfully

26-01-2024T22:01:28 - [MESSAGE][PASSED] - Navigate to 'https://www.amazon.com/' successfully

26-01-2024T22:01:28 - [TEST_STEP][PASSED] - setText(findTestObject("Object Repository/Amazon_Search_OR/Page_Amazon.com. Spend less. Smile more/input_field-keywords"), "umbrella"): Text 'umbrella' is set on object 'Object Repository/Amazon_Search_OR/Page_Amazon.com. Spend less. Smile more/input_field-keywords'

26-01-2024T22:01:29 - [MESSAGE][PASSED] - Text 'umbrella' is set on object 'Object Repository/Amazon_Search_OR/Page_Amazon.com. Spend less. Smile more/input_field-keywords'

26-01-2024T22:01:29 - [TEST_STEP][PASSED] - click(findTestObject("Object Repository/Amazon_Search_OR/Page_Amazon.com. Spend less. Smile more/inputnav-search-submit-button")): Object: 'Object Repository/Amazon_Search_OR/Page_Amazon.com. Spend less. Smile more/inputnav-search-submit-button' is clicked on

26-01-2024T22:01:36 - [MESSAGE][PASSED] - Object: 'Object Repository/Amazon_Search_OR/Page_Amazon.com. Spend less. Smile more/inputnav-search-submit-button' is clicked on

26-01-2024T22:01:36 - [TEST_STEP][PASSED] - closeBrowser(): Browser is closed

26-01-2024T22:01:36 - [MESSAGE][PASSED] - Browser is closed]]></system-out>
         <system-err><![CDATA[]]></system-err>
      </testcase>
      <testcase name="Test Cases/Data_Driven_Testing/TC_Amazon_Search_02" time="14.241" classname="Test Cases/Data_Driven_Testing/TC_Amazon_Search_02" status="PASSED">
         <system-out><![CDATA[26-01-2024T22:01:36 - [TEST_CASE][PASSED] - Test Cases/Data_Driven_Testing/TC_Amazon_Search_02: Test Cases/Data_Driven_Testing/TC_Amazon_Search_02

26-01-2024T22:01:36 - [TEST_STEP][PASSED] - openBrowser(""): Browser is opened with url: ''

26-01-2024T22:01:36 - [MESSAGE][INFO] - Starting 'Chrome' driver

26-01-2024T22:01:36 - [MESSAGE][INFO] - Action delay is set to 0 milliseconds

26-01-2024T22:01:37 - [MESSAGE][PASSED] - Browser is opened with url: ''

26-01-2024T22:01:37 - [TEST_STEP][PASSED] - navigateToUrl("https://www.amazon.com/"): Navigate to 'https://www.amazon.com/' successfully

26-01-2024T22:01:40 - [MESSAGE][PASSED] - Navigate to 'https://www.amazon.com/' successfully

26-01-2024T22:01:40 - [TEST_STEP][PASSED] - setText(findTestObject("Object Repository/Amazon_Search_OR/Page_Amazon.com. Spend less. Smile more/input_field-keywords"), "umbrella"): Text 'umbrella' is set on object 'Object Repository/Amazon_Search_OR/Page_Amazon.com. Spend less. Smile more/input_field-keywords'

26-01-2024T22:01:43 - [MESSAGE][PASSED] - Text 'umbrella' is set on object 'Object Repository/Amazon_Search_OR/Page_Amazon.com. Spend less. Smile more/input_field-keywords'

26-01-2024T22:01:43 - [TEST_STEP][PASSED] - click(findTestObject("Object Repository/Amazon_Search_OR/Page_Amazon.com. Spend less. Smile more/inputnav-search-submit-button")): Object: 'Object Repository/Amazon_Search_OR/Page_Amazon.com. Spend less. Smile more/inputnav-search-submit-button' is clicked on

26-01-2024T22:01:50 - [MESSAGE][PASSED] - Object: 'Object Repository/Amazon_Search_OR/Page_Amazon.com. Spend less. Smile more/inputnav-search-submit-button' is clicked on

26-01-2024T22:01:50 - [TEST_STEP][PASSED] - closeBrowser(): Browser is closed

26-01-2024T22:01:50 - [MESSAGE][PASSED] - Browser is closed]]></system-out>
         <system-err><![CDATA[]]></system-err>
      </testcase>
      <testcase name="Test Cases/Data_Driven_Testing/Tc_Amazon_Wish_03" time="24.021" classname="Test Cases/Data_Driven_Testing/Tc_Amazon_Wish_03" status="PASSED">
         <system-out><![CDATA[26-01-2024T22:01:50 - [TEST_CASE][PASSED] - Test Cases/Data_Driven_Testing/Tc_Amazon_Wish_03: Test Cases/Data_Driven_Testing/Tc_Amazon_Wish_03

26-01-2024T22:01:50 - [TEST_STEP][PASSED] - openBrowser(""): Browser is opened with url: ''

26-01-2024T22:01:50 - [MESSAGE][INFO] - Starting 'Chrome' driver

26-01-2024T22:01:50 - [MESSAGE][INFO] - Action delay is set to 0 milliseconds

26-01-2024T22:01:51 - [MESSAGE][PASSED] - Browser is opened with url: ''

26-01-2024T22:01:51 - [TEST_STEP][PASSED] - navigateToUrl("https://www.amazon.com/"): Navigate to 'https://www.amazon.com/' successfully

26-01-2024T22:01:54 - [MESSAGE][PASSED] - Navigate to 'https://www.amazon.com/' successfully

26-01-2024T22:01:54 - [TEST_STEP][PASSED] - setText(findTestObject("Object Repository/Page_Amazon.com  umbrella/input_field-keywords"), "umbrella"): Text 'umbrella' is set on object 'Object Repository/Page_Amazon.com  umbrella/input_field-keywords'

26-01-2024T22:01:57 - [MESSAGE][PASSED] - Text 'umbrella' is set on object 'Object Repository/Page_Amazon.com  umbrella/input_field-keywords'

26-01-2024T22:01:57 - [TEST_STEP][PASSED] - click(findTestObject("Object Repository/Page_Amazon.com  umbrella/inputnav-search-submit-button")): Object: 'Object Repository/Page_Amazon.com  umbrella/inputnav-search-submit-button' is clicked on

26-01-2024T22:02:04 - [MESSAGE][PASSED] - Object: 'Object Repository/Page_Amazon.com  umbrella/inputnav-search-submit-button' is clicked on

26-01-2024T22:02:04 - [TEST_STEP][PASSED] - click(findTestObject("Object Repository/Page_Amazon.com  umbrella/img_s-image")): Object: 'Object Repository/Page_Amazon.com  umbrella/img_s-image' is clicked on

26-01-2024T22:02:11 - [MESSAGE][PASSED] - Object: 'Object Repository/Page_Amazon.com  umbrella/img_s-image' is clicked on

26-01-2024T22:02:11 - [TEST_STEP][PASSED] - click(findTestObject("Object Repository/Page_Amazon.com Anntrue Windproof Travel Um_6413a8/a_Add to List")): Object: 'Object Repository/Page_Amazon.com Anntrue Windproof Travel Um_6413a8/a_Add to List' is clicked on

26-01-2024T22:02:14 - [MESSAGE][PASSED] - Object: 'Object Repository/Page_Amazon.com Anntrue Windproof Travel Um_6413a8/a_Add to List' is clicked on

26-01-2024T22:02:14 - [TEST_STEP][PASSED] - closeBrowser(): Browser is closed

26-01-2024T22:02:14 - [MESSAGE][PASSED] - Browser is closed]]></system-out>
         <system-err><![CDATA[]]></system-err>
      </testcase>
      <testcase name="Test Cases/Data_Driven_Testing/Tc_Amazon_Wish_03" time="20.422" classname="Test Cases/Data_Driven_Testing/Tc_Amazon_Wish_03" status="PASSED">
         <system-out><![CDATA[26-01-2024T22:02:14 - [TEST_CASE][PASSED] - Test Cases/Data_Driven_Testing/Tc_Amazon_Wish_03: Test Cases/Data_Driven_Testing/Tc_Amazon_Wish_03

26-01-2024T22:02:14 - [TEST_STEP][PASSED] - openBrowser(""): Browser is opened with url: ''

26-01-2024T22:02:14 - [MESSAGE][INFO] - Starting 'Chrome' driver

26-01-2024T22:02:14 - [MESSAGE][INFO] - Action delay is set to 0 milliseconds

26-01-2024T22:02:16 - [MESSAGE][PASSED] - Browser is opened with url: ''

26-01-2024T22:02:16 - [TEST_STEP][PASSED] - navigateToUrl("https://www.amazon.com/"): Navigate to 'https://www.amazon.com/' successfully

26-01-2024T22:02:18 - [MESSAGE][PASSED] - Navigate to 'https://www.amazon.com/' successfully

26-01-2024T22:02:18 - [TEST_STEP][PASSED] - setText(findTestObject("Object Repository/Page_Amazon.com  umbrella/input_field-keywords"), "umbrella"): Text 'umbrella' is set on object 'Object Repository/Page_Amazon.com  umbrella/input_field-keywords'

26-01-2024T22:02:19 - [MESSAGE][PASSED] - Text 'umbrella' is set on object 'Object Repository/Page_Amazon.com  umbrella/input_field-keywords'

26-01-2024T22:02:19 - [TEST_STEP][PASSED] - click(findTestObject("Object Repository/Page_Amazon.com  umbrella/inputnav-search-submit-button")): Object: 'Object Repository/Page_Amazon.com  umbrella/inputnav-search-submit-button' is clicked on

26-01-2024T22:02:25 - [MESSAGE][PASSED] - Object: 'Object Repository/Page_Amazon.com  umbrella/inputnav-search-submit-button' is clicked on

26-01-2024T22:02:25 - [TEST_STEP][PASSED] - click(findTestObject("Object Repository/Page_Amazon.com  umbrella/img_s-image")): Object: 'Object Repository/Page_Amazon.com  umbrella/img_s-image' is clicked on

26-01-2024T22:02:30 - [MESSAGE][PASSED] - Object: 'Object Repository/Page_Amazon.com  umbrella/img_s-image' is clicked on

26-01-2024T22:02:30 - [TEST_STEP][PASSED] - click(findTestObject("Object Repository/Page_Amazon.com Anntrue Windproof Travel Um_6413a8/a_Add to List")): Object: 'Object Repository/Page_Amazon.com Anntrue Windproof Travel Um_6413a8/a_Add to List' is clicked on

26-01-2024T22:02:34 - [MESSAGE][PASSED] - Object: 'Object Repository/Page_Amazon.com Anntrue Windproof Travel Um_6413a8/a_Add to List' is clicked on

26-01-2024T22:02:34 - [TEST_STEP][PASSED] - closeBrowser(): Browser is closed

26-01-2024T22:02:35 - [MESSAGE][PASSED] - Browser is closed]]></system-out>
         <system-err><![CDATA[]]></system-err>
      </testcase>
      <testcase name="Test Cases/Data_Driven_Testing/Tc_Amazon_Wish_03" time="19.647" classname="Test Cases/Data_Driven_Testing/Tc_Amazon_Wish_03" status="PASSED">
         <system-out><![CDATA[26-01-2024T22:02:35 - [TEST_CASE][PASSED] - Test Cases/Data_Driven_Testing/Tc_Amazon_Wish_03: Test Cases/Data_Driven_Testing/Tc_Amazon_Wish_03

26-01-2024T22:02:35 - [TEST_STEP][PASSED] - openBrowser(""): Browser is opened with url: ''

26-01-2024T22:02:35 - [MESSAGE][INFO] - Starting 'Chrome' driver

26-01-2024T22:02:35 - [MESSAGE][INFO] - Action delay is set to 0 milliseconds

26-01-2024T22:02:36 - [MESSAGE][PASSED] - Browser is opened with url: ''

26-01-2024T22:02:36 - [TEST_STEP][PASSED] - navigateToUrl("https://www.amazon.com/"): Navigate to 'https://www.amazon.com/' successfully

26-01-2024T22:02:38 - [MESSAGE][PASSED] - Navigate to 'https://www.amazon.com/' successfully

26-01-2024T22:02:38 - [TEST_STEP][PASSED] - setText(findTestObject("Object Repository/Page_Amazon.com  umbrella/input_field-keywords"), "umbrella"): Text 'umbrella' is set on object 'Object Repository/Page_Amazon.com  umbrella/input_field-keywords'

26-01-2024T22:02:39 - [MESSAGE][PASSED] - Text 'umbrella' is set on object 'Object Repository/Page_Amazon.com  umbrella/input_field-keywords'

26-01-2024T22:02:39 - [TEST_STEP][PASSED] - click(findTestObject("Object Repository/Page_Amazon.com  umbrella/inputnav-search-submit-button")): Object: 'Object Repository/Page_Amazon.com  umbrella/inputnav-search-submit-button' is clicked on

26-01-2024T22:02:46 - [MESSAGE][PASSED] - Object: 'Object Repository/Page_Amazon.com  umbrella/inputnav-search-submit-button' is clicked on

26-01-2024T22:02:46 - [TEST_STEP][PASSED] - click(findTestObject("Object Repository/Page_Amazon.com  umbrella/img_s-image")): Object: 'Object Repository/Page_Amazon.com  umbrella/img_s-image' is clicked on

26-01-2024T22:02:51 - [MESSAGE][PASSED] - Object: 'Object Repository/Page_Amazon.com  umbrella/img_s-image' is clicked on

26-01-2024T22:02:51 - [TEST_STEP][PASSED] - click(findTestObject("Object Repository/Page_Amazon.com Anntrue Windproof Travel Um_6413a8/a_Add to List")): Object: 'Object Repository/Page_Amazon.com Anntrue Windproof Travel Um_6413a8/a_Add to List' is clicked on

26-01-2024T22:02:54 - [MESSAGE][PASSED] - Object: 'Object Repository/Page_Amazon.com Anntrue Windproof Travel Um_6413a8/a_Add to List' is clicked on

26-01-2024T22:02:54 - [TEST_STEP][PASSED] - closeBrowser(): Browser is closed

26-01-2024T22:02:54 - [MESSAGE][PASSED] - Browser is closed]]></system-out>
         <system-err><![CDATA[]]></system-err>
      </testcase>
      <system-out><![CDATA[26-01-2024T21:59:27 - [TEST_SUITE][PASSED] - Amazon_Wish_Search: Test Cases/Data_Driven_Testing/Tc_Amazon_Wish_03]]></system-out>
      <system-err><![CDATA[]]></system-err>
   </testsuite>
</testsuites>
