<?xml version="1.0" encoding="UTF-8"?>
<testsuites name="Amazon_Deals_Zipcode" time="164.367" tests="6" failures="0" errors="0">
   <testsuite name="Amazon_Deals_Zipcode" tests="6" failures="0" errors="0" time="164.367" skipped="0" timestamp="26-01-2024T21:51:08" hostname="tejac - LAPTOP-5AA6QQL1" id="Test Suites/Amazon Validation/Amazon_Deals_Zipcode">
      <properties>
         <property name="deviceName" value=""/>
         <property name="devicePlatform" value=""/>
         <property name="logFolder" value="C:\\Users\\tejac\\git\\Amazon-App\\Reports\\20240126_215057\\Amazon Validation\\Amazon_Deals_Zipcode\\20240126_215058"/>
         <property name="logFiles" value="C:\\Users\\tejac\\git\\Amazon-App\\Reports\\20240126_215057\\Amazon Validation\\Amazon_Deals_Zipcode\\20240126_215058\\execution0.log"/>
         <property name="attachments" value=""/>
         <property name="hostName" value="tejac - LAPTOP-5AA6QQL1"/>
         <property name="os" value="Windows 11 64bit"/>
         <property name="katalonVersion" value="9.2.0.212"/>
         <property name="browser" value="Chrome 121.0.0.0"/>
         <property name="hostAddress" value="192.168.0.143"/>
         <property name="sessionId" value="81ac8bbade32a949397c10d9b3b3a82c"/>
         <property name="seleniumVersion" value="3.141.59"/>
         <property name="proxyInformation" value="ProxyInformation { proxyOption=NO_PROXY, proxyServerType=HTTP, username=, password=********, proxyServerAddress=, proxyServerPort=0, executionList=&quot;&quot;, isApplyToDesiredCapabilities=true }"/>
         <property name="platform" value="Windows 11"/>
      </properties>
      <testcase name="Test Cases/Data_Driven_Testing/TC_Amazon_Zip_06" time="19.606" classname="Test Cases/Data_Driven_Testing/TC_Amazon_Zip_06" status="PASSED">
         <system-out><![CDATA[26-01-2024T21:51:09 - [TEST_CASE][PASSED] - Test Cases/Data_Driven_Testing/TC_Amazon_Zip_06: Test Cases/Data_Driven_Testing/TC_Amazon_Zip_06

26-01-2024T21:51:09 - [TEST_STEP][PASSED] - openBrowser(""): Browser is opened with url: ''

26-01-2024T21:51:09 - [MESSAGE][INFO] - Starting 'Chrome' driver

26-01-2024T21:51:10 - [MESSAGE][INFO] - Action delay is set to 0 milliseconds

26-01-2024T21:51:12 - [MESSAGE][PASSED] - Browser is opened with url: ''

26-01-2024T21:51:12 - [TEST_STEP][PASSED] - navigateToUrl("https://www.amazon.com/"): Navigate to 'https://www.amazon.com/' successfully

26-01-2024T21:51:13 - [MESSAGE][PASSED] - Navigate to 'https://www.amazon.com/' successfully

26-01-2024T21:51:13 - [TEST_STEP][PASSED] - click(findTestObject("Object Repository/Amazon_Location/Page_Amazon.com. Spend less. Smile more/span_Hello, sign in")): Object: 'Object Repository/Amazon_Location/Page_Amazon.com. Spend less. Smile more/span_Hello, sign in' is clicked on

26-01-2024T21:51:16 - [MESSAGE][PASSED] - Object: 'Object Repository/Amazon_Location/Page_Amazon.com. Spend less. Smile more/span_Hello, sign in' is clicked on

26-01-2024T21:51:16 - [TEST_STEP][PASSED] - setText(findTestObject("Object Repository/Amazon_Location/Page_Amazon Sign-In/input_email"), "tejach312@gmail.com"): Text 'tejach312@gmail.com' is set on object 'Object Repository/Amazon_Location/Page_Amazon Sign-In/input_email'

26-01-2024T21:51:17 - [MESSAGE][PASSED] - Text 'tejach312@gmail.com' is set on object 'Object Repository/Amazon_Location/Page_Amazon Sign-In/input_email'

26-01-2024T21:51:17 - [TEST_STEP][PASSED] - click(findTestObject("Object Repository/Amazon_Location/Page_Amazon Sign-In/inputcontinue")): Object: 'Object Repository/Amazon_Location/Page_Amazon Sign-In/inputcontinue' is clicked on

26-01-2024T21:51:19 - [MESSAGE][PASSED] - Object: 'Object Repository/Amazon_Location/Page_Amazon Sign-In/inputcontinue' is clicked on

26-01-2024T21:51:19 - [TEST_STEP][PASSED] - setEncryptedText(findTestObject("Object Repository/Amazon_Location/Page_Amazon Sign-In/input_password"), "MAPjDJh7XRfzOPtg0Z9QNQ=="): Text ****** has been set on object 'Object Repository/Amazon_Location/Page_Amazon Sign-In/input_password'

26-01-2024T21:51:20 - [MESSAGE][PASSED] - Text ****** has been set on object 'Object Repository/Amazon_Location/Page_Amazon Sign-In/input_password'

26-01-2024T21:51:20 - [TEST_STEP][PASSED] - click(findTestObject("Object Repository/Amazon_Location/Page_Amazon Sign-In/inputsignInSubmit")): Object: 'Object Repository/Amazon_Location/Page_Amazon Sign-In/inputsignInSubmit' is clicked on

26-01-2024T21:51:21 - [MESSAGE][PASSED] - Object: 'Object Repository/Amazon_Location/Page_Amazon Sign-In/inputsignInSubmit' is clicked on

26-01-2024T21:51:21 - [TEST_STEP][PASSED] - click(findTestObject("Object Repository/Amazon_Location/Page_Amazon.com. Spend less. Smile more/span_Deliver to")): Object: 'Object Repository/Amazon_Location/Page_Amazon.com. Spend less. Smile more/span_Deliver to' is clicked on

26-01-2024T21:51:26 - [MESSAGE][PASSED] - Object: 'Object Repository/Amazon_Location/Page_Amazon.com. Spend less. Smile more/span_Deliver to' is clicked on

26-01-2024T21:51:26 - [TEST_STEP][PASSED] - setText(findTestObject("Object Repository/Amazon_Location/Page_Amazon.com. Spend less. Smile more/inputGLUXZipUpdateInput"), "10005"): Text '10005' is set on object 'Object Repository/Amazon_Location/Page_Amazon.com. Spend less. Smile more/inputGLUXZipUpdateInput'

26-01-2024T21:51:27 - [MESSAGE][PASSED] - Text '10005' is set on object 'Object Repository/Amazon_Location/Page_Amazon.com. Spend less. Smile more/inputGLUXZipUpdateInput'

26-01-2024T21:51:27 - [TEST_STEP][PASSED] - click(findTestObject("Object Repository/Amazon_Location/Page_Amazon.com. Spend less. Smile more/input_a-button-input")): Object: 'Object Repository/Amazon_Location/Page_Amazon.com. Spend less. Smile more/input_a-button-input' is clicked on

26-01-2024T21:51:28 - [MESSAGE][PASSED] - Object: 'Object Repository/Amazon_Location/Page_Amazon.com. Spend less. Smile more/input_a-button-input' is clicked on

26-01-2024T21:51:28 - [TEST_STEP][PASSED] - closeBrowser(): Browser is closed

26-01-2024T21:51:28 - [MESSAGE][PASSED] - Browser is closed]]></system-out>
         <system-err><![CDATA[]]></system-err>
      </testcase>
      <testcase name="Test Cases/Data_Driven_Testing/TC_Amazon_Zip_06" time="42.774" classname="Test Cases/Data_Driven_Testing/TC_Amazon_Zip_06" status="PASSED">
         <system-out><![CDATA[26-01-2024T21:51:28 - [TEST_CASE][PASSED] - Test Cases/Data_Driven_Testing/TC_Amazon_Zip_06: Test Cases/Data_Driven_Testing/TC_Amazon_Zip_06

26-01-2024T21:51:28 - [TEST_STEP][PASSED] - openBrowser(""): Browser is opened with url: ''

26-01-2024T21:51:29 - [MESSAGE][INFO] - Starting 'Chrome' driver

26-01-2024T21:51:29 - [MESSAGE][INFO] - Action delay is set to 0 milliseconds

26-01-2024T21:51:30 - [MESSAGE][PASSED] - Browser is opened with url: ''

26-01-2024T21:51:30 - [TEST_STEP][PASSED] - navigateToUrl("https://www.amazon.com/"): Navigate to 'https://www.amazon.com/' successfully

26-01-2024T21:51:32 - [MESSAGE][PASSED] - Navigate to 'https://www.amazon.com/' successfully

26-01-2024T21:51:32 - [TEST_STEP][PASSED] - click(findTestObject("Object Repository/Amazon_Location/Page_Amazon.com. Spend less. Smile more/span_Hello, sign in")): Object: 'Object Repository/Amazon_Location/Page_Amazon.com. Spend less. Smile more/span_Hello, sign in' is clicked on

26-01-2024T21:52:02 - [MESSAGE][PASSED] - Object: 'Object Repository/Amazon_Location/Page_Amazon.com. Spend less. Smile more/span_Hello, sign in' is clicked on

26-01-2024T21:52:02 - [TEST_STEP][PASSED] - setText(findTestObject("Object Repository/Amazon_Location/Page_Amazon Sign-In/input_email"), "tejach312@gmail.com"): Text 'tejach312@gmail.com' is set on object 'Object Repository/Amazon_Location/Page_Amazon Sign-In/input_email'

26-01-2024T21:52:03 - [MESSAGE][PASSED] - Text 'tejach312@gmail.com' is set on object 'Object Repository/Amazon_Location/Page_Amazon Sign-In/input_email'

26-01-2024T21:52:03 - [TEST_STEP][PASSED] - click(findTestObject("Object Repository/Amazon_Location/Page_Amazon Sign-In/inputcontinue")): Object: 'Object Repository/Amazon_Location/Page_Amazon Sign-In/inputcontinue' is clicked on

26-01-2024T21:52:04 - [MESSAGE][PASSED] - Object: 'Object Repository/Amazon_Location/Page_Amazon Sign-In/inputcontinue' is clicked on

26-01-2024T21:52:04 - [TEST_STEP][PASSED] - setEncryptedText(findTestObject("Object Repository/Amazon_Location/Page_Amazon Sign-In/input_password"), "MAPjDJh7XRfzOPtg0Z9QNQ=="): Text ****** has been set on object 'Object Repository/Amazon_Location/Page_Amazon Sign-In/input_password'

26-01-2024T21:52:06 - [MESSAGE][PASSED] - Text ****** has been set on object 'Object Repository/Amazon_Location/Page_Amazon Sign-In/input_password'

26-01-2024T21:52:06 - [TEST_STEP][PASSED] - click(findTestObject("Object Repository/Amazon_Location/Page_Amazon Sign-In/inputsignInSubmit")): Object: 'Object Repository/Amazon_Location/Page_Amazon Sign-In/inputsignInSubmit' is clicked on

26-01-2024T21:52:06 - [MESSAGE][PASSED] - Object: 'Object Repository/Amazon_Location/Page_Amazon Sign-In/inputsignInSubmit' is clicked on

26-01-2024T21:52:06 - [TEST_STEP][PASSED] - click(findTestObject("Object Repository/Amazon_Location/Page_Amazon.com. Spend less. Smile more/span_Deliver to")): Object: 'Object Repository/Amazon_Location/Page_Amazon.com. Spend less. Smile more/span_Deliver to' is clicked on

26-01-2024T21:52:09 - [MESSAGE][PASSED] - Object: 'Object Repository/Amazon_Location/Page_Amazon.com. Spend less. Smile more/span_Deliver to' is clicked on

26-01-2024T21:52:09 - [TEST_STEP][PASSED] - setText(findTestObject("Object Repository/Amazon_Location/Page_Amazon.com. Spend less. Smile more/inputGLUXZipUpdateInput"), "10005"): Text '10005' is set on object 'Object Repository/Amazon_Location/Page_Amazon.com. Spend less. Smile more/inputGLUXZipUpdateInput'

26-01-2024T21:52:10 - [MESSAGE][PASSED] - Text '10005' is set on object 'Object Repository/Amazon_Location/Page_Amazon.com. Spend less. Smile more/inputGLUXZipUpdateInput'

26-01-2024T21:52:10 - [TEST_STEP][PASSED] - click(findTestObject("Object Repository/Amazon_Location/Page_Amazon.com. Spend less. Smile more/input_a-button-input")): Object: 'Object Repository/Amazon_Location/Page_Amazon.com. Spend less. Smile more/input_a-button-input' is clicked on

26-01-2024T21:52:11 - [MESSAGE][PASSED] - Object: 'Object Repository/Amazon_Location/Page_Amazon.com. Spend less. Smile more/input_a-button-input' is clicked on

26-01-2024T21:52:11 - [TEST_STEP][PASSED] - closeBrowser(): Browser is closed

26-01-2024T21:52:11 - [MESSAGE][PASSED] - Browser is closed]]></system-out>
         <system-err><![CDATA[]]></system-err>
      </testcase>
      <testcase name="Test Cases/Data_Driven_Testing/TC_Amazon_Zip_06" time="18.987" classname="Test Cases/Data_Driven_Testing/TC_Amazon_Zip_06" status="PASSED">
         <system-out><![CDATA[26-01-2024T21:52:11 - [TEST_CASE][PASSED] - Test Cases/Data_Driven_Testing/TC_Amazon_Zip_06: Test Cases/Data_Driven_Testing/TC_Amazon_Zip_06

26-01-2024T21:52:11 - [TEST_STEP][PASSED] - openBrowser(""): Browser is opened with url: ''

26-01-2024T21:52:11 - [MESSAGE][INFO] - Starting 'Chrome' driver

26-01-2024T21:52:11 - [MESSAGE][INFO] - Action delay is set to 0 milliseconds

26-01-2024T21:52:13 - [MESSAGE][PASSED] - Browser is opened with url: ''

26-01-2024T21:52:13 - [TEST_STEP][PASSED] - navigateToUrl("https://www.amazon.com/"): Navigate to 'https://www.amazon.com/' successfully

26-01-2024T21:52:15 - [MESSAGE][PASSED] - Navigate to 'https://www.amazon.com/' successfully

26-01-2024T21:52:15 - [TEST_STEP][PASSED] - click(findTestObject("Object Repository/Amazon_Location/Page_Amazon.com. Spend less. Smile more/span_Hello, sign in")): Object: 'Object Repository/Amazon_Location/Page_Amazon.com. Spend less. Smile more/span_Hello, sign in' is clicked on

26-01-2024T21:52:17 - [MESSAGE][PASSED] - Object: 'Object Repository/Amazon_Location/Page_Amazon.com. Spend less. Smile more/span_Hello, sign in' is clicked on

26-01-2024T21:52:17 - [TEST_STEP][PASSED] - setText(findTestObject("Object Repository/Amazon_Location/Page_Amazon Sign-In/input_email"), "tejach312@gmail.com"): Text 'tejach312@gmail.com' is set on object 'Object Repository/Amazon_Location/Page_Amazon Sign-In/input_email'

26-01-2024T21:52:19 - [MESSAGE][PASSED] - Text 'tejach312@gmail.com' is set on object 'Object Repository/Amazon_Location/Page_Amazon Sign-In/input_email'

26-01-2024T21:52:19 - [TEST_STEP][PASSED] - click(findTestObject("Object Repository/Amazon_Location/Page_Amazon Sign-In/inputcontinue")): Object: 'Object Repository/Amazon_Location/Page_Amazon Sign-In/inputcontinue' is clicked on

26-01-2024T21:52:20 - [MESSAGE][PASSED] - Object: 'Object Repository/Amazon_Location/Page_Amazon Sign-In/inputcontinue' is clicked on

26-01-2024T21:52:20 - [TEST_STEP][PASSED] - setEncryptedText(findTestObject("Object Repository/Amazon_Location/Page_Amazon Sign-In/input_password"), "MAPjDJh7XRfzOPtg0Z9QNQ=="): Text ****** has been set on object 'Object Repository/Amazon_Location/Page_Amazon Sign-In/input_password'

26-01-2024T21:52:21 - [MESSAGE][PASSED] - Text ****** has been set on object 'Object Repository/Amazon_Location/Page_Amazon Sign-In/input_password'

26-01-2024T21:52:21 - [TEST_STEP][PASSED] - click(findTestObject("Object Repository/Amazon_Location/Page_Amazon Sign-In/inputsignInSubmit")): Object: 'Object Repository/Amazon_Location/Page_Amazon Sign-In/inputsignInSubmit' is clicked on

26-01-2024T21:52:22 - [MESSAGE][PASSED] - Object: 'Object Repository/Amazon_Location/Page_Amazon Sign-In/inputsignInSubmit' is clicked on

26-01-2024T21:52:22 - [TEST_STEP][PASSED] - click(findTestObject("Object Repository/Amazon_Location/Page_Amazon.com. Spend less. Smile more/span_Deliver to")): Object: 'Object Repository/Amazon_Location/Page_Amazon.com. Spend less. Smile more/span_Deliver to' is clicked on

26-01-2024T21:52:27 - [MESSAGE][PASSED] - Object: 'Object Repository/Amazon_Location/Page_Amazon.com. Spend less. Smile more/span_Deliver to' is clicked on

26-01-2024T21:52:27 - [TEST_STEP][PASSED] - setText(findTestObject("Object Repository/Amazon_Location/Page_Amazon.com. Spend less. Smile more/inputGLUXZipUpdateInput"), "10005"): Text '10005' is set on object 'Object Repository/Amazon_Location/Page_Amazon.com. Spend less. Smile more/inputGLUXZipUpdateInput'

26-01-2024T21:52:29 - [MESSAGE][PASSED] - Text '10005' is set on object 'Object Repository/Amazon_Location/Page_Amazon.com. Spend less. Smile more/inputGLUXZipUpdateInput'

26-01-2024T21:52:29 - [TEST_STEP][PASSED] - click(findTestObject("Object Repository/Amazon_Location/Page_Amazon.com. Spend less. Smile more/input_a-button-input")): Object: 'Object Repository/Amazon_Location/Page_Amazon.com. Spend less. Smile more/input_a-button-input' is clicked on

26-01-2024T21:52:30 - [MESSAGE][PASSED] - Object: 'Object Repository/Amazon_Location/Page_Amazon.com. Spend less. Smile more/input_a-button-input' is clicked on

26-01-2024T21:52:30 - [TEST_STEP][PASSED] - closeBrowser(): Browser is closed

26-01-2024T21:52:30 - [MESSAGE][PASSED] - Browser is closed]]></system-out>
         <system-err><![CDATA[]]></system-err>
      </testcase>
      <testcase name="Test Cases/Data_Driven_Testing/TC_Amazon_TodaysDeals_05" time="44.251" classname="Test Cases/Data_Driven_Testing/TC_Amazon_TodaysDeals_05" status="PASSED">
         <system-out><![CDATA[26-01-2024T21:52:30 - [TEST_CASE][PASSED] - Test Cases/Data_Driven_Testing/TC_Amazon_TodaysDeals_05: Test Cases/Data_Driven_Testing/TC_Amazon_TodaysDeals_05

26-01-2024T21:52:30 - [TEST_STEP][PASSED] - openBrowser(""): Browser is opened with url: ''

26-01-2024T21:52:30 - [MESSAGE][INFO] - Starting 'Chrome' driver

26-01-2024T21:52:30 - [MESSAGE][INFO] - Action delay is set to 0 milliseconds

26-01-2024T21:52:32 - [MESSAGE][PASSED] - Browser is opened with url: ''

26-01-2024T21:52:32 - [TEST_STEP][PASSED] - navigateToUrl("https://www.amazon.com/"): Navigate to 'https://www.amazon.com/' successfully

26-01-2024T21:52:34 - [MESSAGE][PASSED] - Navigate to 'https://www.amazon.com/' successfully

26-01-2024T21:52:34 - [TEST_STEP][PASSED] - click(findTestObject("Object Repository/Amazon_Deals_OR/Page_Amazon.com. Spend less. Smile more/span_Hello, sign in")): Object: 'Object Repository/Amazon_Deals_OR/Page_Amazon.com. Spend less. Smile more/span_Hello, sign in' is clicked on

26-01-2024T21:53:04 - [MESSAGE][PASSED] - Object: 'Object Repository/Amazon_Deals_OR/Page_Amazon.com. Spend less. Smile more/span_Hello, sign in' is clicked on

26-01-2024T21:53:04 - [TEST_STEP][PASSED] - setText(findTestObject("Object Repository/Amazon_Deals_OR/Page_Amazon Sign-In/input_email"), "tejach312@gmail.com"): Text 'tejach312@gmail.com' is set on object 'Object Repository/Amazon_Deals_OR/Page_Amazon Sign-In/input_email'

26-01-2024T21:53:06 - [MESSAGE][PASSED] - Text 'tejach312@gmail.com' is set on object 'Object Repository/Amazon_Deals_OR/Page_Amazon Sign-In/input_email'

26-01-2024T21:53:06 - [TEST_STEP][PASSED] - click(findTestObject("Object Repository/Amazon_Deals_OR/Page_Amazon Sign-In/inputcontinue")): Object: 'Object Repository/Amazon_Deals_OR/Page_Amazon Sign-In/inputcontinue' is clicked on

26-01-2024T21:53:07 - [MESSAGE][PASSED] - Object: 'Object Repository/Amazon_Deals_OR/Page_Amazon Sign-In/inputcontinue' is clicked on

26-01-2024T21:53:07 - [TEST_STEP][PASSED] - setEncryptedText(findTestObject("Object Repository/Amazon_Deals_OR/Page_Amazon Sign-In/input_password"), "MAPjDJh7XRfzOPtg0Z9QNQ=="): Text ****** has been set on object 'Object Repository/Amazon_Deals_OR/Page_Amazon Sign-In/input_password'

26-01-2024T21:53:08 - [MESSAGE][PASSED] - Text ****** has been set on object 'Object Repository/Amazon_Deals_OR/Page_Amazon Sign-In/input_password'

26-01-2024T21:53:08 - [TEST_STEP][PASSED] - click(findTestObject("Object Repository/Amazon_Deals_OR/Page_Amazon Sign-In/inputsignInSubmit")): Object: 'Object Repository/Amazon_Deals_OR/Page_Amazon Sign-In/inputsignInSubmit' is clicked on

26-01-2024T21:53:09 - [MESSAGE][PASSED] - Object: 'Object Repository/Amazon_Deals_OR/Page_Amazon Sign-In/inputsignInSubmit' is clicked on

26-01-2024T21:53:09 - [TEST_STEP][PASSED] - click(findTestObject("Object Repository/Amazon_Deals_OR/Page_Amazon.com. Spend less. Smile more/a_Todays Deals")): Object: 'Object Repository/Amazon_Deals_OR/Page_Amazon.com. Spend less. Smile more/a_Todays Deals' is clicked on

26-01-2024T21:53:14 - [MESSAGE][PASSED] - Object: 'Object Repository/Amazon_Deals_OR/Page_Amazon.com. Spend less. Smile more/a_Todays Deals' is clicked on

26-01-2024T21:53:14 - [TEST_STEP][PASSED] - closeBrowser(): Browser is closed

26-01-2024T21:53:14 - [MESSAGE][PASSED] - Browser is closed]]></system-out>
         <system-err><![CDATA[]]></system-err>
      </testcase>
      <testcase name="Test Cases/Data_Driven_Testing/TC_Amazon_TodaysDeals_05" time="19.009" classname="Test Cases/Data_Driven_Testing/TC_Amazon_TodaysDeals_05" status="PASSED">
         <system-out><![CDATA[26-01-2024T21:53:14 - [TEST_CASE][PASSED] - Test Cases/Data_Driven_Testing/TC_Amazon_TodaysDeals_05: Test Cases/Data_Driven_Testing/TC_Amazon_TodaysDeals_05

26-01-2024T21:53:14 - [TEST_STEP][PASSED] - openBrowser(""): Browser is opened with url: ''

26-01-2024T21:53:14 - [MESSAGE][INFO] - Starting 'Chrome' driver

26-01-2024T21:53:14 - [MESSAGE][INFO] - Action delay is set to 0 milliseconds

26-01-2024T21:53:16 - [MESSAGE][PASSED] - Browser is opened with url: ''

26-01-2024T21:53:16 - [TEST_STEP][PASSED] - navigateToUrl("https://www.amazon.com/"): Navigate to 'https://www.amazon.com/' successfully

26-01-2024T21:53:19 - [MESSAGE][PASSED] - Navigate to 'https://www.amazon.com/' successfully

26-01-2024T21:53:19 - [TEST_STEP][PASSED] - click(findTestObject("Object Repository/Amazon_Deals_OR/Page_Amazon.com. Spend less. Smile more/span_Hello, sign in")): Object: 'Object Repository/Amazon_Deals_OR/Page_Amazon.com. Spend less. Smile more/span_Hello, sign in' is clicked on

26-01-2024T21:53:20 - [MESSAGE][PASSED] - Object: 'Object Repository/Amazon_Deals_OR/Page_Amazon.com. Spend less. Smile more/span_Hello, sign in' is clicked on

26-01-2024T21:53:20 - [TEST_STEP][PASSED] - setText(findTestObject("Object Repository/Amazon_Deals_OR/Page_Amazon Sign-In/input_email"), "tejach312@gmail.com"): Text 'tejach312@gmail.com' is set on object 'Object Repository/Amazon_Deals_OR/Page_Amazon Sign-In/input_email'

26-01-2024T21:53:22 - [MESSAGE][PASSED] - Text 'tejach312@gmail.com' is set on object 'Object Repository/Amazon_Deals_OR/Page_Amazon Sign-In/input_email'

26-01-2024T21:53:22 - [TEST_STEP][PASSED] - click(findTestObject("Object Repository/Amazon_Deals_OR/Page_Amazon Sign-In/inputcontinue")): Object: 'Object Repository/Amazon_Deals_OR/Page_Amazon Sign-In/inputcontinue' is clicked on

26-01-2024T21:53:23 - [MESSAGE][PASSED] - Object: 'Object Repository/Amazon_Deals_OR/Page_Amazon Sign-In/inputcontinue' is clicked on

26-01-2024T21:53:23 - [TEST_STEP][PASSED] - setEncryptedText(findTestObject("Object Repository/Amazon_Deals_OR/Page_Amazon Sign-In/input_password"), "MAPjDJh7XRfzOPtg0Z9QNQ=="): Text ****** has been set on object 'Object Repository/Amazon_Deals_OR/Page_Amazon Sign-In/input_password'

26-01-2024T21:53:25 - [MESSAGE][PASSED] - Text ****** has been set on object 'Object Repository/Amazon_Deals_OR/Page_Amazon Sign-In/input_password'

26-01-2024T21:53:25 - [TEST_STEP][PASSED] - click(findTestObject("Object Repository/Amazon_Deals_OR/Page_Amazon Sign-In/inputsignInSubmit")): Object: 'Object Repository/Amazon_Deals_OR/Page_Amazon Sign-In/inputsignInSubmit' is clicked on

26-01-2024T21:53:25 - [MESSAGE][PASSED] - Object: 'Object Repository/Amazon_Deals_OR/Page_Amazon Sign-In/inputsignInSubmit' is clicked on

26-01-2024T21:53:25 - [TEST_STEP][PASSED] - click(findTestObject("Object Repository/Amazon_Deals_OR/Page_Amazon.com. Spend less. Smile more/a_Todays Deals")): Object: 'Object Repository/Amazon_Deals_OR/Page_Amazon.com. Spend less. Smile more/a_Todays Deals' is clicked on

26-01-2024T21:53:33 - [MESSAGE][PASSED] - Object: 'Object Repository/Amazon_Deals_OR/Page_Amazon.com. Spend less. Smile more/a_Todays Deals' is clicked on

26-01-2024T21:53:33 - [TEST_STEP][PASSED] - closeBrowser(): Browser is closed

26-01-2024T21:53:33 - [MESSAGE][PASSED] - Browser is closed]]></system-out>
         <system-err><![CDATA[]]></system-err>
      </testcase>
      <testcase name="Test Cases/Data_Driven_Testing/TC_Amazon_TodaysDeals_05" time="19.051" classname="Test Cases/Data_Driven_Testing/TC_Amazon_TodaysDeals_05" status="PASSED">
         <system-out><![CDATA[26-01-2024T21:53:34 - [TEST_CASE][PASSED] - Test Cases/Data_Driven_Testing/TC_Amazon_TodaysDeals_05: Test Cases/Data_Driven_Testing/TC_Amazon_TodaysDeals_05

26-01-2024T21:53:34 - [TEST_STEP][PASSED] - openBrowser(""): Browser is opened with url: ''

26-01-2024T21:53:34 - [MESSAGE][INFO] - Starting 'Chrome' driver

26-01-2024T21:53:34 - [MESSAGE][INFO] - Action delay is set to 0 milliseconds

26-01-2024T21:53:35 - [MESSAGE][PASSED] - Browser is opened with url: ''

26-01-2024T21:53:35 - [TEST_STEP][PASSED] - navigateToUrl("https://www.amazon.com/"): Navigate to 'https://www.amazon.com/' successfully

26-01-2024T21:53:37 - [MESSAGE][PASSED] - Navigate to 'https://www.amazon.com/' successfully

26-01-2024T21:53:37 - [TEST_STEP][PASSED] - click(findTestObject("Object Repository/Amazon_Deals_OR/Page_Amazon.com. Spend less. Smile more/span_Hello, sign in")): Object: 'Object Repository/Amazon_Deals_OR/Page_Amazon.com. Spend less. Smile more/span_Hello, sign in' is clicked on

26-01-2024T21:53:39 - [MESSAGE][PASSED] - Object: 'Object Repository/Amazon_Deals_OR/Page_Amazon.com. Spend less. Smile more/span_Hello, sign in' is clicked on

26-01-2024T21:53:39 - [TEST_STEP][PASSED] - setText(findTestObject("Object Repository/Amazon_Deals_OR/Page_Amazon Sign-In/input_email"), "tejach312@gmail.com"): Text 'tejach312@gmail.com' is set on object 'Object Repository/Amazon_Deals_OR/Page_Amazon Sign-In/input_email'

26-01-2024T21:53:40 - [MESSAGE][PASSED] - Text 'tejach312@gmail.com' is set on object 'Object Repository/Amazon_Deals_OR/Page_Amazon Sign-In/input_email'

26-01-2024T21:53:40 - [TEST_STEP][PASSED] - click(findTestObject("Object Repository/Amazon_Deals_OR/Page_Amazon Sign-In/inputcontinue")): Object: 'Object Repository/Amazon_Deals_OR/Page_Amazon Sign-In/inputcontinue' is clicked on

26-01-2024T21:53:42 - [MESSAGE][PASSED] - Object: 'Object Repository/Amazon_Deals_OR/Page_Amazon Sign-In/inputcontinue' is clicked on

26-01-2024T21:53:42 - [TEST_STEP][PASSED] - setEncryptedText(findTestObject("Object Repository/Amazon_Deals_OR/Page_Amazon Sign-In/input_password"), "MAPjDJh7XRfzOPtg0Z9QNQ=="): Text ****** has been set on object 'Object Repository/Amazon_Deals_OR/Page_Amazon Sign-In/input_password'

26-01-2024T21:53:43 - [MESSAGE][PASSED] - Text ****** has been set on object 'Object Repository/Amazon_Deals_OR/Page_Amazon Sign-In/input_password'

26-01-2024T21:53:43 - [TEST_STEP][PASSED] - click(findTestObject("Object Repository/Amazon_Deals_OR/Page_Amazon Sign-In/inputsignInSubmit")): Object: 'Object Repository/Amazon_Deals_OR/Page_Amazon Sign-In/inputsignInSubmit' is clicked on

26-01-2024T21:53:44 - [MESSAGE][PASSED] - Object: 'Object Repository/Amazon_Deals_OR/Page_Amazon Sign-In/inputsignInSubmit' is clicked on

26-01-2024T21:53:44 - [TEST_STEP][PASSED] - click(findTestObject("Object Repository/Amazon_Deals_OR/Page_Amazon.com. Spend less. Smile more/a_Todays Deals")): Object: 'Object Repository/Amazon_Deals_OR/Page_Amazon.com. Spend less. Smile more/a_Todays Deals' is clicked on

26-01-2024T21:53:52 - [MESSAGE][PASSED] - Object: 'Object Repository/Amazon_Deals_OR/Page_Amazon.com. Spend less. Smile more/a_Todays Deals' is clicked on

26-01-2024T21:53:52 - [TEST_STEP][PASSED] - closeBrowser(): Browser is closed

26-01-2024T21:53:53 - [MESSAGE][PASSED] - Browser is closed]]></system-out>
         <system-err><![CDATA[]]></system-err>
      </testcase>
      <system-out><![CDATA[26-01-2024T21:51:08 - [TEST_SUITE][PASSED] - Amazon_Deals_Zipcode: Test Cases/Data_Driven_Testing/TC_Amazon_TodaysDeals_05]]></system-out>
      <system-err><![CDATA[]]></system-err>
   </testsuite>
</testsuites>
