<?xml version="1.0" encoding="UTF-8"?>
<testsuites name="Amazon_Deals_Zipcode" time="172.044" tests="6" failures="0" errors="0">
   <testsuite name="Amazon_Deals_Zipcode" tests="6" failures="0" errors="0" time="172.044" skipped="0" timestamp="26-01-2024T23:15:33" hostname="tejac - LAPTOP-5AA6QQL1" id="Test Suites/Amazon Test Suite/Amazon_Deals_Zipcode">
      <properties>
         <property name="deviceName" value=""/>
         <property name="devicePlatform" value=""/>
         <property name="logFolder" value="C:\\Users\\tejac\\git\\Amazon-App\\Reports\\20240126_231512\\Amazon Test Suite\\Amazon_Deals_Zipcode\\20240126_231513"/>
         <property name="logFiles" value="C:\\Users\\tejac\\git\\Amazon-App\\Reports\\20240126_231512\\Amazon Test Suite\\Amazon_Deals_Zipcode\\20240126_231513\\execution0.log"/>
         <property name="attachments" value=""/>
         <property name="hostName" value="tejac - LAPTOP-5AA6QQL1"/>
         <property name="os" value="Windows 11 64bit"/>
         <property name="katalonVersion" value="9.2.0.212"/>
         <property name="browser" value="Chrome 121.0.0.0"/>
         <property name="hostAddress" value="192.168.0.143"/>
         <property name="sessionId" value="96e36e8411215cca17f0a1c9e7b4523d"/>
         <property name="seleniumVersion" value="3.141.59"/>
         <property name="proxyInformation" value="ProxyInformation { proxyOption=NO_PROXY, proxyServerType=HTTP, username=, password=********, proxyServerAddress=, proxyServerPort=0, executionList=&quot;&quot;, isApplyToDesiredCapabilities=true }"/>
         <property name="platform" value="Windows 11"/>
      </properties>
      <testcase name="Test Cases/Data_Driven_Testing/TC_Amazon_Zip_06" time="39.356" classname="Test Cases/Data_Driven_Testing/TC_Amazon_Zip_06" status="PASSED">
         <system-out><![CDATA[26-01-2024T23:15:34 - [TEST_CASE][PASSED] - Test Cases/Data_Driven_Testing/TC_Amazon_Zip_06: Test Cases/Data_Driven_Testing/TC_Amazon_Zip_06

26-01-2024T23:15:35 - [TEST_STEP][PASSED] - openBrowser(""): Browser is opened with url: ''

26-01-2024T23:15:36 - [MESSAGE][INFO] - Starting 'Chrome' driver

26-01-2024T23:15:37 - [MESSAGE][INFO] - Action delay is set to 0 milliseconds

26-01-2024T23:15:41 - [MESSAGE][PASSED] - Browser is opened with url: ''

26-01-2024T23:15:41 - [TEST_STEP][PASSED] - navigateToUrl("https://www.amazon.com/"): Navigate to 'https://www.amazon.com/' successfully

26-01-2024T23:15:42 - [MESSAGE][PASSED] - Navigate to 'https://www.amazon.com/' successfully

26-01-2024T23:15:42 - [TEST_STEP][PASSED] - click(findTestObject("Object Repository/Amazon_Location/Page_Amazon.com. Spend less. Smile more/span_Hello, sign in")): Object: 'Object Repository/Amazon_Location/Page_Amazon.com. Spend less. Smile more/span_Hello, sign in' is clicked on

26-01-2024T23:15:54 - [MESSAGE][PASSED] - Object: 'Object Repository/Amazon_Location/Page_Amazon.com. Spend less. Smile more/span_Hello, sign in' is clicked on

26-01-2024T23:15:54 - [TEST_STEP][PASSED] - setText(findTestObject("Object Repository/Amazon_Location/Page_Amazon Sign-In/input_email"), "tejach312@gmail.com"): Text 'tejach312@gmail.com' is set on object 'Object Repository/Amazon_Location/Page_Amazon Sign-In/input_email'

26-01-2024T23:15:56 - [MESSAGE][PASSED] - Text 'tejach312@gmail.com' is set on object 'Object Repository/Amazon_Location/Page_Amazon Sign-In/input_email'

26-01-2024T23:15:56 - [TEST_STEP][PASSED] - click(findTestObject("Object Repository/Amazon_Location/Page_Amazon Sign-In/inputcontinue")): Object: 'Object Repository/Amazon_Location/Page_Amazon Sign-In/inputcontinue' is clicked on

26-01-2024T23:16:01 - [MESSAGE][PASSED] - Object: 'Object Repository/Amazon_Location/Page_Amazon Sign-In/inputcontinue' is clicked on

26-01-2024T23:16:01 - [TEST_STEP][PASSED] - setEncryptedText(findTestObject("Object Repository/Amazon_Location/Page_Amazon Sign-In/input_password"), "MAPjDJh7XRfzOPtg0Z9QNQ=="): Text ****** has been set on object 'Object Repository/Amazon_Location/Page_Amazon Sign-In/input_password'

26-01-2024T23:16:02 - [MESSAGE][PASSED] - Text ****** has been set on object 'Object Repository/Amazon_Location/Page_Amazon Sign-In/input_password'

26-01-2024T23:16:02 - [TEST_STEP][PASSED] - click(findTestObject("Object Repository/Amazon_Location/Page_Amazon Sign-In/inputsignInSubmit")): Object: 'Object Repository/Amazon_Location/Page_Amazon Sign-In/inputsignInSubmit' is clicked on

26-01-2024T23:16:03 - [MESSAGE][PASSED] - Object: 'Object Repository/Amazon_Location/Page_Amazon Sign-In/inputsignInSubmit' is clicked on

26-01-2024T23:16:03 - [TEST_STEP][PASSED] - click(findTestObject("Object Repository/Amazon_Location/Page_Amazon.com. Spend less. Smile more/span_Deliver to")): Object: 'Object Repository/Amazon_Location/Page_Amazon.com. Spend less. Smile more/span_Deliver to' is clicked on

26-01-2024T23:16:10 - [MESSAGE][PASSED] - Object: 'Object Repository/Amazon_Location/Page_Amazon.com. Spend less. Smile more/span_Deliver to' is clicked on

26-01-2024T23:16:10 - [TEST_STEP][PASSED] - setText(findTestObject("Object Repository/Amazon_Location/Page_Amazon.com. Spend less. Smile more/inputGLUXZipUpdateInput"), "10005"): Text '10005' is set on object 'Object Repository/Amazon_Location/Page_Amazon.com. Spend less. Smile more/inputGLUXZipUpdateInput'

26-01-2024T23:16:12 - [MESSAGE][PASSED] - Text '10005' is set on object 'Object Repository/Amazon_Location/Page_Amazon.com. Spend less. Smile more/inputGLUXZipUpdateInput'

26-01-2024T23:16:12 - [TEST_STEP][PASSED] - click(findTestObject("Object Repository/Amazon_Location/Page_Amazon.com. Spend less. Smile more/input_a-button-input")): Object: 'Object Repository/Amazon_Location/Page_Amazon.com. Spend less. Smile more/input_a-button-input' is clicked on

26-01-2024T23:16:13 - [MESSAGE][PASSED] - Object: 'Object Repository/Amazon_Location/Page_Amazon.com. Spend less. Smile more/input_a-button-input' is clicked on

26-01-2024T23:16:13 - [TEST_STEP][PASSED] - closeBrowser(): Browser is closed

26-01-2024T23:16:13 - [MESSAGE][PASSED] - Browser is closed]]></system-out>
         <system-err><![CDATA[]]></system-err>
      </testcase>
      <testcase name="Test Cases/Data_Driven_Testing/TC_Amazon_Zip_06" time="25.265" classname="Test Cases/Data_Driven_Testing/TC_Amazon_Zip_06" status="PASSED">
         <system-out><![CDATA[26-01-2024T23:16:14 - [TEST_CASE][PASSED] - Test Cases/Data_Driven_Testing/TC_Amazon_Zip_06: Test Cases/Data_Driven_Testing/TC_Amazon_Zip_06

26-01-2024T23:16:14 - [TEST_STEP][PASSED] - openBrowser(""): Browser is opened with url: ''

26-01-2024T23:16:14 - [MESSAGE][INFO] - Starting 'Chrome' driver

26-01-2024T23:16:14 - [MESSAGE][INFO] - Action delay is set to 0 milliseconds

26-01-2024T23:16:16 - [MESSAGE][PASSED] - Browser is opened with url: ''

26-01-2024T23:16:16 - [TEST_STEP][PASSED] - navigateToUrl("https://www.amazon.com/"): Navigate to 'https://www.amazon.com/' successfully

26-01-2024T23:16:19 - [MESSAGE][PASSED] - Navigate to 'https://www.amazon.com/' successfully

26-01-2024T23:16:19 - [TEST_STEP][PASSED] - click(findTestObject("Object Repository/Amazon_Location/Page_Amazon.com. Spend less. Smile more/span_Hello, sign in")): Object: 'Object Repository/Amazon_Location/Page_Amazon.com. Spend less. Smile more/span_Hello, sign in' is clicked on

26-01-2024T23:16:22 - [MESSAGE][PASSED] - Object: 'Object Repository/Amazon_Location/Page_Amazon.com. Spend less. Smile more/span_Hello, sign in' is clicked on

26-01-2024T23:16:22 - [TEST_STEP][PASSED] - setText(findTestObject("Object Repository/Amazon_Location/Page_Amazon Sign-In/input_email"), "tejach312@gmail.com"): Text 'tejach312@gmail.com' is set on object 'Object Repository/Amazon_Location/Page_Amazon Sign-In/input_email'

26-01-2024T23:16:23 - [MESSAGE][PASSED] - Text 'tejach312@gmail.com' is set on object 'Object Repository/Amazon_Location/Page_Amazon Sign-In/input_email'

26-01-2024T23:16:23 - [TEST_STEP][PASSED] - click(findTestObject("Object Repository/Amazon_Location/Page_Amazon Sign-In/inputcontinue")): Object: 'Object Repository/Amazon_Location/Page_Amazon Sign-In/inputcontinue' is clicked on

26-01-2024T23:16:24 - [MESSAGE][PASSED] - Object: 'Object Repository/Amazon_Location/Page_Amazon Sign-In/inputcontinue' is clicked on

26-01-2024T23:16:24 - [TEST_STEP][PASSED] - setEncryptedText(findTestObject("Object Repository/Amazon_Location/Page_Amazon Sign-In/input_password"), "MAPjDJh7XRfzOPtg0Z9QNQ=="): Text ****** has been set on object 'Object Repository/Amazon_Location/Page_Amazon Sign-In/input_password'

26-01-2024T23:16:26 - [MESSAGE][PASSED] - Text ****** has been set on object 'Object Repository/Amazon_Location/Page_Amazon Sign-In/input_password'

26-01-2024T23:16:26 - [TEST_STEP][PASSED] - click(findTestObject("Object Repository/Amazon_Location/Page_Amazon Sign-In/inputsignInSubmit")): Object: 'Object Repository/Amazon_Location/Page_Amazon Sign-In/inputsignInSubmit' is clicked on

26-01-2024T23:16:26 - [MESSAGE][PASSED] - Object: 'Object Repository/Amazon_Location/Page_Amazon Sign-In/inputsignInSubmit' is clicked on

26-01-2024T23:16:26 - [TEST_STEP][PASSED] - click(findTestObject("Object Repository/Amazon_Location/Page_Amazon.com. Spend less. Smile more/span_Deliver to")): Object: 'Object Repository/Amazon_Location/Page_Amazon.com. Spend less. Smile more/span_Deliver to' is clicked on

26-01-2024T23:16:35 - [MESSAGE][PASSED] - Object: 'Object Repository/Amazon_Location/Page_Amazon.com. Spend less. Smile more/span_Deliver to' is clicked on

26-01-2024T23:16:35 - [TEST_STEP][PASSED] - setText(findTestObject("Object Repository/Amazon_Location/Page_Amazon.com. Spend less. Smile more/inputGLUXZipUpdateInput"), "10005"): Text '10005' is set on object 'Object Repository/Amazon_Location/Page_Amazon.com. Spend less. Smile more/inputGLUXZipUpdateInput'

26-01-2024T23:16:38 - [MESSAGE][PASSED] - Text '10005' is set on object 'Object Repository/Amazon_Location/Page_Amazon.com. Spend less. Smile more/inputGLUXZipUpdateInput'

26-01-2024T23:16:38 - [TEST_STEP][PASSED] - click(findTestObject("Object Repository/Amazon_Location/Page_Amazon.com. Spend less. Smile more/input_a-button-input")): Object: 'Object Repository/Amazon_Location/Page_Amazon.com. Spend less. Smile more/input_a-button-input' is clicked on

26-01-2024T23:16:38 - [MESSAGE][PASSED] - Object: 'Object Repository/Amazon_Location/Page_Amazon.com. Spend less. Smile more/input_a-button-input' is clicked on

26-01-2024T23:16:38 - [TEST_STEP][PASSED] - closeBrowser(): Browser is closed

26-01-2024T23:16:39 - [MESSAGE][PASSED] - Browser is closed]]></system-out>
         <system-err><![CDATA[]]></system-err>
      </testcase>
      <testcase name="Test Cases/Data_Driven_Testing/TC_Amazon_Zip_06" time="23.577" classname="Test Cases/Data_Driven_Testing/TC_Amazon_Zip_06" status="PASSED">
         <system-out><![CDATA[26-01-2024T23:16:39 - [TEST_CASE][PASSED] - Test Cases/Data_Driven_Testing/TC_Amazon_Zip_06: Test Cases/Data_Driven_Testing/TC_Amazon_Zip_06

26-01-2024T23:16:39 - [TEST_STEP][PASSED] - openBrowser(""): Browser is opened with url: ''

26-01-2024T23:16:39 - [MESSAGE][INFO] - Starting 'Chrome' driver

26-01-2024T23:16:39 - [MESSAGE][INFO] - Action delay is set to 0 milliseconds

26-01-2024T23:16:41 - [MESSAGE][PASSED] - Browser is opened with url: ''

26-01-2024T23:16:41 - [TEST_STEP][PASSED] - navigateToUrl("https://www.amazon.com/"): Navigate to 'https://www.amazon.com/' successfully

26-01-2024T23:16:43 - [MESSAGE][PASSED] - Navigate to 'https://www.amazon.com/' successfully

26-01-2024T23:16:43 - [TEST_STEP][PASSED] - click(findTestObject("Object Repository/Amazon_Location/Page_Amazon.com. Spend less. Smile more/span_Hello, sign in")): Object: 'Object Repository/Amazon_Location/Page_Amazon.com. Spend less. Smile more/span_Hello, sign in' is clicked on

26-01-2024T23:16:46 - [MESSAGE][PASSED] - Object: 'Object Repository/Amazon_Location/Page_Amazon.com. Spend less. Smile more/span_Hello, sign in' is clicked on

26-01-2024T23:16:46 - [TEST_STEP][PASSED] - setText(findTestObject("Object Repository/Amazon_Location/Page_Amazon Sign-In/input_email"), "tejach312@gmail.com"): Text 'tejach312@gmail.com' is set on object 'Object Repository/Amazon_Location/Page_Amazon Sign-In/input_email'

26-01-2024T23:16:48 - [MESSAGE][PASSED] - Text 'tejach312@gmail.com' is set on object 'Object Repository/Amazon_Location/Page_Amazon Sign-In/input_email'

26-01-2024T23:16:48 - [TEST_STEP][PASSED] - click(findTestObject("Object Repository/Amazon_Location/Page_Amazon Sign-In/inputcontinue")): Object: 'Object Repository/Amazon_Location/Page_Amazon Sign-In/inputcontinue' is clicked on

26-01-2024T23:16:49 - [MESSAGE][PASSED] - Object: 'Object Repository/Amazon_Location/Page_Amazon Sign-In/inputcontinue' is clicked on

26-01-2024T23:16:49 - [TEST_STEP][PASSED] - setEncryptedText(findTestObject("Object Repository/Amazon_Location/Page_Amazon Sign-In/input_password"), "MAPjDJh7XRfzOPtg0Z9QNQ=="): Text ****** has been set on object 'Object Repository/Amazon_Location/Page_Amazon Sign-In/input_password'

26-01-2024T23:16:52 - [MESSAGE][PASSED] - Text ****** has been set on object 'Object Repository/Amazon_Location/Page_Amazon Sign-In/input_password'

26-01-2024T23:16:52 - [TEST_STEP][PASSED] - click(findTestObject("Object Repository/Amazon_Location/Page_Amazon Sign-In/inputsignInSubmit")): Object: 'Object Repository/Amazon_Location/Page_Amazon Sign-In/inputsignInSubmit' is clicked on

26-01-2024T23:16:52 - [MESSAGE][PASSED] - Object: 'Object Repository/Amazon_Location/Page_Amazon Sign-In/inputsignInSubmit' is clicked on

26-01-2024T23:16:52 - [TEST_STEP][PASSED] - click(findTestObject("Object Repository/Amazon_Location/Page_Amazon.com. Spend less. Smile more/span_Deliver to")): Object: 'Object Repository/Amazon_Location/Page_Amazon.com. Spend less. Smile more/span_Deliver to' is clicked on

26-01-2024T23:17:00 - [MESSAGE][PASSED] - Object: 'Object Repository/Amazon_Location/Page_Amazon.com. Spend less. Smile more/span_Deliver to' is clicked on

26-01-2024T23:17:00 - [TEST_STEP][PASSED] - setText(findTestObject("Object Repository/Amazon_Location/Page_Amazon.com. Spend less. Smile more/inputGLUXZipUpdateInput"), "10005"): Text '10005' is set on object 'Object Repository/Amazon_Location/Page_Amazon.com. Spend less. Smile more/inputGLUXZipUpdateInput'

26-01-2024T23:17:01 - [MESSAGE][PASSED] - Text '10005' is set on object 'Object Repository/Amazon_Location/Page_Amazon.com. Spend less. Smile more/inputGLUXZipUpdateInput'

26-01-2024T23:17:01 - [TEST_STEP][PASSED] - click(findTestObject("Object Repository/Amazon_Location/Page_Amazon.com. Spend less. Smile more/input_a-button-input")): Object: 'Object Repository/Amazon_Location/Page_Amazon.com. Spend less. Smile more/input_a-button-input' is clicked on

26-01-2024T23:17:02 - [MESSAGE][PASSED] - Object: 'Object Repository/Amazon_Location/Page_Amazon.com. Spend less. Smile more/input_a-button-input' is clicked on

26-01-2024T23:17:02 - [TEST_STEP][PASSED] - closeBrowser(): Browser is closed

26-01-2024T23:17:02 - [MESSAGE][PASSED] - Browser is closed]]></system-out>
         <system-err><![CDATA[]]></system-err>
      </testcase>
      <testcase name="Test Cases/Data_Driven_Testing/TC_Amazon_TodaysDeals_05" time="20.48" classname="Test Cases/Data_Driven_Testing/TC_Amazon_TodaysDeals_05" status="PASSED">
         <system-out><![CDATA[26-01-2024T23:17:03 - [TEST_CASE][PASSED] - Test Cases/Data_Driven_Testing/TC_Amazon_TodaysDeals_05: Test Cases/Data_Driven_Testing/TC_Amazon_TodaysDeals_05

26-01-2024T23:17:03 - [TEST_STEP][PASSED] - openBrowser(""): Browser is opened with url: ''

26-01-2024T23:17:03 - [MESSAGE][INFO] - Starting 'Chrome' driver

26-01-2024T23:17:03 - [MESSAGE][INFO] - Action delay is set to 0 milliseconds

26-01-2024T23:17:05 - [MESSAGE][PASSED] - Browser is opened with url: ''

26-01-2024T23:17:05 - [TEST_STEP][PASSED] - navigateToUrl("https://www.amazon.com/"): Navigate to 'https://www.amazon.com/' successfully

26-01-2024T23:17:05 - [MESSAGE][PASSED] - Navigate to 'https://www.amazon.com/' successfully

26-01-2024T23:17:05 - [TEST_STEP][PASSED] - click(findTestObject("Object Repository/Amazon_Deals_OR/Page_Amazon.com. Spend less. Smile more/span_Hello, sign in")): Object: 'Object Repository/Amazon_Deals_OR/Page_Amazon.com. Spend less. Smile more/span_Hello, sign in' is clicked on

26-01-2024T23:17:10 - [MESSAGE][PASSED] - Object: 'Object Repository/Amazon_Deals_OR/Page_Amazon.com. Spend less. Smile more/span_Hello, sign in' is clicked on

26-01-2024T23:17:10 - [TEST_STEP][PASSED] - setText(findTestObject("Object Repository/Amazon_Deals_OR/Page_Amazon Sign-In/input_email"), "tejach312@gmail.com"): Text 'tejach312@gmail.com' is set on object 'Object Repository/Amazon_Deals_OR/Page_Amazon Sign-In/input_email'

26-01-2024T23:17:11 - [MESSAGE][PASSED] - Text 'tejach312@gmail.com' is set on object 'Object Repository/Amazon_Deals_OR/Page_Amazon Sign-In/input_email'

26-01-2024T23:17:11 - [TEST_STEP][PASSED] - click(findTestObject("Object Repository/Amazon_Deals_OR/Page_Amazon Sign-In/inputcontinue")): Object: 'Object Repository/Amazon_Deals_OR/Page_Amazon Sign-In/inputcontinue' is clicked on

26-01-2024T23:17:12 - [MESSAGE][PASSED] - Object: 'Object Repository/Amazon_Deals_OR/Page_Amazon Sign-In/inputcontinue' is clicked on

26-01-2024T23:17:12 - [TEST_STEP][PASSED] - setEncryptedText(findTestObject("Object Repository/Amazon_Deals_OR/Page_Amazon Sign-In/input_password"), "MAPjDJh7XRfzOPtg0Z9QNQ=="): Text ****** has been set on object 'Object Repository/Amazon_Deals_OR/Page_Amazon Sign-In/input_password'

26-01-2024T23:17:14 - [MESSAGE][PASSED] - Text ****** has been set on object 'Object Repository/Amazon_Deals_OR/Page_Amazon Sign-In/input_password'

26-01-2024T23:17:14 - [TEST_STEP][PASSED] - click(findTestObject("Object Repository/Amazon_Deals_OR/Page_Amazon Sign-In/inputsignInSubmit")): Object: 'Object Repository/Amazon_Deals_OR/Page_Amazon Sign-In/inputsignInSubmit' is clicked on

26-01-2024T23:17:14 - [MESSAGE][PASSED] - Object: 'Object Repository/Amazon_Deals_OR/Page_Amazon Sign-In/inputsignInSubmit' is clicked on

26-01-2024T23:17:14 - [TEST_STEP][PASSED] - click(findTestObject("Object Repository/Amazon_Deals_OR/Page_Amazon.com. Spend less. Smile more/a_Todays Deals")): Object: 'Object Repository/Amazon_Deals_OR/Page_Amazon.com. Spend less. Smile more/a_Todays Deals' is clicked on

26-01-2024T23:17:23 - [MESSAGE][PASSED] - Object: 'Object Repository/Amazon_Deals_OR/Page_Amazon.com. Spend less. Smile more/a_Todays Deals' is clicked on

26-01-2024T23:17:23 - [TEST_STEP][PASSED] - closeBrowser(): Browser is closed

26-01-2024T23:17:23 - [MESSAGE][PASSED] - Browser is closed]]></system-out>
         <system-err><![CDATA[]]></system-err>
      </testcase>
      <testcase name="Test Cases/Data_Driven_Testing/TC_Amazon_TodaysDeals_05" time="24.514" classname="Test Cases/Data_Driven_Testing/TC_Amazon_TodaysDeals_05" status="PASSED">
         <system-out><![CDATA[26-01-2024T23:17:23 - [TEST_CASE][PASSED] - Test Cases/Data_Driven_Testing/TC_Amazon_TodaysDeals_05: Test Cases/Data_Driven_Testing/TC_Amazon_TodaysDeals_05

26-01-2024T23:17:23 - [TEST_STEP][PASSED] - openBrowser(""): Browser is opened with url: ''

26-01-2024T23:17:23 - [MESSAGE][INFO] - Starting 'Chrome' driver

26-01-2024T23:17:23 - [MESSAGE][INFO] - Action delay is set to 0 milliseconds

26-01-2024T23:17:25 - [MESSAGE][PASSED] - Browser is opened with url: ''

26-01-2024T23:17:25 - [TEST_STEP][PASSED] - navigateToUrl("https://www.amazon.com/"): Navigate to 'https://www.amazon.com/' successfully

26-01-2024T23:17:27 - [MESSAGE][PASSED] - Navigate to 'https://www.amazon.com/' successfully

26-01-2024T23:17:27 - [TEST_STEP][PASSED] - click(findTestObject("Object Repository/Amazon_Deals_OR/Page_Amazon.com. Spend less. Smile more/span_Hello, sign in")): Object: 'Object Repository/Amazon_Deals_OR/Page_Amazon.com. Spend less. Smile more/span_Hello, sign in' is clicked on

26-01-2024T23:17:30 - [MESSAGE][PASSED] - Object: 'Object Repository/Amazon_Deals_OR/Page_Amazon.com. Spend less. Smile more/span_Hello, sign in' is clicked on

26-01-2024T23:17:30 - [TEST_STEP][PASSED] - setText(findTestObject("Object Repository/Amazon_Deals_OR/Page_Amazon Sign-In/input_email"), "tejach312@gmail.com"): Text 'tejach312@gmail.com' is set on object 'Object Repository/Amazon_Deals_OR/Page_Amazon Sign-In/input_email'

26-01-2024T23:17:31 - [MESSAGE][PASSED] - Text 'tejach312@gmail.com' is set on object 'Object Repository/Amazon_Deals_OR/Page_Amazon Sign-In/input_email'

26-01-2024T23:17:31 - [TEST_STEP][PASSED] - click(findTestObject("Object Repository/Amazon_Deals_OR/Page_Amazon Sign-In/inputcontinue")): Object: 'Object Repository/Amazon_Deals_OR/Page_Amazon Sign-In/inputcontinue' is clicked on

26-01-2024T23:17:32 - [MESSAGE][PASSED] - Object: 'Object Repository/Amazon_Deals_OR/Page_Amazon Sign-In/inputcontinue' is clicked on

26-01-2024T23:17:32 - [TEST_STEP][PASSED] - setEncryptedText(findTestObject("Object Repository/Amazon_Deals_OR/Page_Amazon Sign-In/input_password"), "MAPjDJh7XRfzOPtg0Z9QNQ=="): Text ****** has been set on object 'Object Repository/Amazon_Deals_OR/Page_Amazon Sign-In/input_password'

26-01-2024T23:17:34 - [MESSAGE][PASSED] - Text ****** has been set on object 'Object Repository/Amazon_Deals_OR/Page_Amazon Sign-In/input_password'

26-01-2024T23:17:34 - [TEST_STEP][PASSED] - click(findTestObject("Object Repository/Amazon_Deals_OR/Page_Amazon Sign-In/inputsignInSubmit")): Object: 'Object Repository/Amazon_Deals_OR/Page_Amazon Sign-In/inputsignInSubmit' is clicked on

26-01-2024T23:17:35 - [MESSAGE][PASSED] - Object: 'Object Repository/Amazon_Deals_OR/Page_Amazon Sign-In/inputsignInSubmit' is clicked on

26-01-2024T23:17:35 - [TEST_STEP][PASSED] - click(findTestObject("Object Repository/Amazon_Deals_OR/Page_Amazon.com. Spend less. Smile more/a_Todays Deals")): Object: 'Object Repository/Amazon_Deals_OR/Page_Amazon.com. Spend less. Smile more/a_Todays Deals' is clicked on

26-01-2024T23:17:47 - [MESSAGE][PASSED] - Object: 'Object Repository/Amazon_Deals_OR/Page_Amazon.com. Spend less. Smile more/a_Todays Deals' is clicked on

26-01-2024T23:17:47 - [TEST_STEP][PASSED] - closeBrowser(): Browser is closed

26-01-2024T23:17:48 - [MESSAGE][PASSED] - Browser is closed]]></system-out>
         <system-err><![CDATA[]]></system-err>
      </testcase>
      <testcase name="Test Cases/Data_Driven_Testing/TC_Amazon_TodaysDeals_05" time="37.647" classname="Test Cases/Data_Driven_Testing/TC_Amazon_TodaysDeals_05" status="PASSED">
         <system-out><![CDATA[26-01-2024T23:17:48 - [TEST_CASE][PASSED] - Test Cases/Data_Driven_Testing/TC_Amazon_TodaysDeals_05: Test Cases/Data_Driven_Testing/TC_Amazon_TodaysDeals_05

26-01-2024T23:17:48 - [TEST_STEP][PASSED] - openBrowser(""): Browser is opened with url: ''

26-01-2024T23:17:48 - [MESSAGE][INFO] - Starting 'Chrome' driver

26-01-2024T23:17:48 - [MESSAGE][INFO] - Action delay is set to 0 milliseconds

26-01-2024T23:17:50 - [MESSAGE][PASSED] - Browser is opened with url: ''

26-01-2024T23:17:50 - [TEST_STEP][PASSED] - navigateToUrl("https://www.amazon.com/"): Navigate to 'https://www.amazon.com/' successfully

26-01-2024T23:17:59 - [MESSAGE][PASSED] - Navigate to 'https://www.amazon.com/' successfully

26-01-2024T23:17:59 - [TEST_STEP][PASSED] - click(findTestObject("Object Repository/Amazon_Deals_OR/Page_Amazon.com. Spend less. Smile more/span_Hello, sign in")): Object: 'Object Repository/Amazon_Deals_OR/Page_Amazon.com. Spend less. Smile more/span_Hello, sign in' is clicked on

26-01-2024T23:18:04 - [MESSAGE][PASSED] - Object: 'Object Repository/Amazon_Deals_OR/Page_Amazon.com. Spend less. Smile more/span_Hello, sign in' is clicked on

26-01-2024T23:18:04 - [TEST_STEP][PASSED] - setText(findTestObject("Object Repository/Amazon_Deals_OR/Page_Amazon Sign-In/input_email"), "tejach312@gmail.com"): Text 'tejach312@gmail.com' is set on object 'Object Repository/Amazon_Deals_OR/Page_Amazon Sign-In/input_email'

26-01-2024T23:18:05 - [MESSAGE][PASSED] - Text 'tejach312@gmail.com' is set on object 'Object Repository/Amazon_Deals_OR/Page_Amazon Sign-In/input_email'

26-01-2024T23:18:05 - [TEST_STEP][PASSED] - click(findTestObject("Object Repository/Amazon_Deals_OR/Page_Amazon Sign-In/inputcontinue")): Object: 'Object Repository/Amazon_Deals_OR/Page_Amazon Sign-In/inputcontinue' is clicked on

26-01-2024T23:18:07 - [MESSAGE][PASSED] - Object: 'Object Repository/Amazon_Deals_OR/Page_Amazon Sign-In/inputcontinue' is clicked on

26-01-2024T23:18:07 - [TEST_STEP][PASSED] - setEncryptedText(findTestObject("Object Repository/Amazon_Deals_OR/Page_Amazon Sign-In/input_password"), "MAPjDJh7XRfzOPtg0Z9QNQ=="): Text ****** has been set on object 'Object Repository/Amazon_Deals_OR/Page_Amazon Sign-In/input_password'

26-01-2024T23:18:09 - [MESSAGE][PASSED] - Text ****** has been set on object 'Object Repository/Amazon_Deals_OR/Page_Amazon Sign-In/input_password'

26-01-2024T23:18:09 - [TEST_STEP][PASSED] - click(findTestObject("Object Repository/Amazon_Deals_OR/Page_Amazon Sign-In/inputsignInSubmit")): Object: 'Object Repository/Amazon_Deals_OR/Page_Amazon Sign-In/inputsignInSubmit' is clicked on

26-01-2024T23:18:10 - [MESSAGE][PASSED] - Object: 'Object Repository/Amazon_Deals_OR/Page_Amazon Sign-In/inputsignInSubmit' is clicked on

26-01-2024T23:18:10 - [TEST_STEP][PASSED] - click(findTestObject("Object Repository/Amazon_Deals_OR/Page_Amazon.com. Spend less. Smile more/a_Todays Deals")): Object: 'Object Repository/Amazon_Deals_OR/Page_Amazon.com. Spend less. Smile more/a_Todays Deals' is clicked on

26-01-2024T23:18:25 - [MESSAGE][PASSED] - Object: 'Object Repository/Amazon_Deals_OR/Page_Amazon.com. Spend less. Smile more/a_Todays Deals' is clicked on

26-01-2024T23:18:25 - [TEST_STEP][PASSED] - closeBrowser(): Browser is closed

26-01-2024T23:18:25 - [MESSAGE][PASSED] - Browser is closed]]></system-out>
         <system-err><![CDATA[]]></system-err>
      </testcase>
      <system-out><![CDATA[26-01-2024T23:15:33 - [TEST_SUITE][PASSED] - Amazon_Deals_Zipcode: Test Cases/Data_Driven_Testing/TC_Amazon_TodaysDeals_05]]></system-out>
      <system-err><![CDATA[]]></system-err>
   </testsuite>
</testsuites>
