<?xml version="1.0" encoding="UTF-8"?>
<testsuites name="Amazon_Deals_Zipcode" time="142.965" tests="6" failures="0" errors="0">
   <testsuite name="Amazon_Deals_Zipcode" tests="6" failures="0" errors="0" time="142.965" skipped="0" timestamp="26-01-2024T22:25:01" hostname="tejac - LAPTOP-5AA6QQL1" id="Test Suites/Amazon Validation/Amazon_Deals_Zipcode">
      <properties>
         <property name="deviceName" value=""/>
         <property name="devicePlatform" value=""/>
         <property name="logFolder" value="C:\\Users\\tejac\\git\\Amazon-App\\Reports\\20240126_222450\\Amazon Validation\\Amazon_Deals_Zipcode\\20240126_222451"/>
         <property name="logFiles" value="C:\\Users\\tejac\\git\\Amazon-App\\Reports\\20240126_222450\\Amazon Validation\\Amazon_Deals_Zipcode\\20240126_222451\\execution0.log"/>
         <property name="attachments" value=""/>
         <property name="hostName" value="tejac - LAPTOP-5AA6QQL1"/>
         <property name="os" value="Windows 11 64bit"/>
         <property name="katalonVersion" value="9.2.0.212"/>
         <property name="browser" value="Chrome 121.0.0.0"/>
         <property name="hostAddress" value="192.168.0.143"/>
         <property name="sessionId" value="635a322f93964dbd8d66c29b52304eda"/>
         <property name="seleniumVersion" value="3.141.59"/>
         <property name="proxyInformation" value="ProxyInformation { proxyOption=NO_PROXY, proxyServerType=HTTP, username=, password=********, proxyServerAddress=, proxyServerPort=0, executionList=&quot;&quot;, isApplyToDesiredCapabilities=true }"/>
         <property name="platform" value="Windows 11"/>
      </properties>
      <testcase name="Test Cases/Data_Driven_Testing/TC_Amazon_Zip_06" time="21.102" classname="Test Cases/Data_Driven_Testing/TC_Amazon_Zip_06" status="PASSED">
         <system-out><![CDATA[26-01-2024T22:25:02 - [TEST_CASE][PASSED] - Test Cases/Data_Driven_Testing/TC_Amazon_Zip_06: Test Cases/Data_Driven_Testing/TC_Amazon_Zip_06

26-01-2024T22:25:02 - [TEST_STEP][PASSED] - openBrowser(""): Browser is opened with url: ''

26-01-2024T22:25:03 - [MESSAGE][INFO] - Starting 'Chrome' driver

26-01-2024T22:25:03 - [MESSAGE][INFO] - Action delay is set to 0 milliseconds

26-01-2024T22:25:05 - [MESSAGE][PASSED] - Browser is opened with url: ''

26-01-2024T22:25:05 - [TEST_STEP][PASSED] - navigateToUrl("https://www.amazon.com/"): Navigate to 'https://www.amazon.com/' successfully

26-01-2024T22:25:07 - [MESSAGE][PASSED] - Navigate to 'https://www.amazon.com/' successfully

26-01-2024T22:25:07 - [TEST_STEP][PASSED] - click(findTestObject("Object Repository/Amazon_Location/Page_Amazon.com. Spend less. Smile more/span_Hello, sign in")): Object: 'Object Repository/Amazon_Location/Page_Amazon.com. Spend less. Smile more/span_Hello, sign in' is clicked on

26-01-2024T22:25:09 - [MESSAGE][PASSED] - Object: 'Object Repository/Amazon_Location/Page_Amazon.com. Spend less. Smile more/span_Hello, sign in' is clicked on

26-01-2024T22:25:09 - [TEST_STEP][PASSED] - setText(findTestObject("Object Repository/Amazon_Location/Page_Amazon Sign-In/input_email"), "tejach312@gmail.com"): Text 'tejach312@gmail.com' is set on object 'Object Repository/Amazon_Location/Page_Amazon Sign-In/input_email'

26-01-2024T22:25:11 - [MESSAGE][PASSED] - Text 'tejach312@gmail.com' is set on object 'Object Repository/Amazon_Location/Page_Amazon Sign-In/input_email'

26-01-2024T22:25:11 - [TEST_STEP][PASSED] - click(findTestObject("Object Repository/Amazon_Location/Page_Amazon Sign-In/inputcontinue")): Object: 'Object Repository/Amazon_Location/Page_Amazon Sign-In/inputcontinue' is clicked on

26-01-2024T22:25:12 - [MESSAGE][PASSED] - Object: 'Object Repository/Amazon_Location/Page_Amazon Sign-In/inputcontinue' is clicked on

26-01-2024T22:25:12 - [TEST_STEP][PASSED] - setEncryptedText(findTestObject("Object Repository/Amazon_Location/Page_Amazon Sign-In/input_password"), "MAPjDJh7XRfzOPtg0Z9QNQ=="): Text ****** has been set on object 'Object Repository/Amazon_Location/Page_Amazon Sign-In/input_password'

26-01-2024T22:25:14 - [MESSAGE][PASSED] - Text ****** has been set on object 'Object Repository/Amazon_Location/Page_Amazon Sign-In/input_password'

26-01-2024T22:25:14 - [TEST_STEP][PASSED] - click(findTestObject("Object Repository/Amazon_Location/Page_Amazon Sign-In/inputsignInSubmit")): Object: 'Object Repository/Amazon_Location/Page_Amazon Sign-In/inputsignInSubmit' is clicked on

26-01-2024T22:25:14 - [MESSAGE][PASSED] - Object: 'Object Repository/Amazon_Location/Page_Amazon Sign-In/inputsignInSubmit' is clicked on

26-01-2024T22:25:14 - [TEST_STEP][PASSED] - click(findTestObject("Object Repository/Amazon_Location/Page_Amazon.com. Spend less. Smile more/span_Deliver to")): Object: 'Object Repository/Amazon_Location/Page_Amazon.com. Spend less. Smile more/span_Deliver to' is clicked on

26-01-2024T22:25:20 - [MESSAGE][PASSED] - Object: 'Object Repository/Amazon_Location/Page_Amazon.com. Spend less. Smile more/span_Deliver to' is clicked on

26-01-2024T22:25:20 - [TEST_STEP][PASSED] - setText(findTestObject("Object Repository/Amazon_Location/Page_Amazon.com. Spend less. Smile more/inputGLUXZipUpdateInput"), "10005"): Text '10005' is set on object 'Object Repository/Amazon_Location/Page_Amazon.com. Spend less. Smile more/inputGLUXZipUpdateInput'

26-01-2024T22:25:22 - [MESSAGE][PASSED] - Text '10005' is set on object 'Object Repository/Amazon_Location/Page_Amazon.com. Spend less. Smile more/inputGLUXZipUpdateInput'

26-01-2024T22:25:22 - [TEST_STEP][PASSED] - click(findTestObject("Object Repository/Amazon_Location/Page_Amazon.com. Spend less. Smile more/input_a-button-input")): Object: 'Object Repository/Amazon_Location/Page_Amazon.com. Spend less. Smile more/input_a-button-input' is clicked on

26-01-2024T22:25:22 - [MESSAGE][PASSED] - Object: 'Object Repository/Amazon_Location/Page_Amazon.com. Spend less. Smile more/input_a-button-input' is clicked on

26-01-2024T22:25:22 - [TEST_STEP][PASSED] - closeBrowser(): Browser is closed

26-01-2024T22:25:23 - [MESSAGE][PASSED] - Browser is closed]]></system-out>
         <system-err><![CDATA[]]></system-err>
      </testcase>
      <testcase name="Test Cases/Data_Driven_Testing/TC_Amazon_Zip_06" time="18.202" classname="Test Cases/Data_Driven_Testing/TC_Amazon_Zip_06" status="PASSED">
         <system-out><![CDATA[26-01-2024T22:25:23 - [TEST_CASE][PASSED] - Test Cases/Data_Driven_Testing/TC_Amazon_Zip_06: Test Cases/Data_Driven_Testing/TC_Amazon_Zip_06

26-01-2024T22:25:23 - [TEST_STEP][PASSED] - openBrowser(""): Browser is opened with url: ''

26-01-2024T22:25:23 - [MESSAGE][INFO] - Starting 'Chrome' driver

26-01-2024T22:25:23 - [MESSAGE][INFO] - Action delay is set to 0 milliseconds

26-01-2024T22:25:25 - [MESSAGE][PASSED] - Browser is opened with url: ''

26-01-2024T22:25:25 - [TEST_STEP][PASSED] - navigateToUrl("https://www.amazon.com/"): Navigate to 'https://www.amazon.com/' successfully

26-01-2024T22:25:27 - [MESSAGE][PASSED] - Navigate to 'https://www.amazon.com/' successfully

26-01-2024T22:25:27 - [TEST_STEP][PASSED] - click(findTestObject("Object Repository/Amazon_Location/Page_Amazon.com. Spend less. Smile more/span_Hello, sign in")): Object: 'Object Repository/Amazon_Location/Page_Amazon.com. Spend less. Smile more/span_Hello, sign in' is clicked on

26-01-2024T22:25:28 - [MESSAGE][PASSED] - Object: 'Object Repository/Amazon_Location/Page_Amazon.com. Spend less. Smile more/span_Hello, sign in' is clicked on

26-01-2024T22:25:28 - [TEST_STEP][PASSED] - setText(findTestObject("Object Repository/Amazon_Location/Page_Amazon Sign-In/input_email"), "tejach312@gmail.com"): Text 'tejach312@gmail.com' is set on object 'Object Repository/Amazon_Location/Page_Amazon Sign-In/input_email'

26-01-2024T22:25:30 - [MESSAGE][PASSED] - Text 'tejach312@gmail.com' is set on object 'Object Repository/Amazon_Location/Page_Amazon Sign-In/input_email'

26-01-2024T22:25:30 - [TEST_STEP][PASSED] - click(findTestObject("Object Repository/Amazon_Location/Page_Amazon Sign-In/inputcontinue")): Object: 'Object Repository/Amazon_Location/Page_Amazon Sign-In/inputcontinue' is clicked on

26-01-2024T22:25:31 - [MESSAGE][PASSED] - Object: 'Object Repository/Amazon_Location/Page_Amazon Sign-In/inputcontinue' is clicked on

26-01-2024T22:25:31 - [TEST_STEP][PASSED] - setEncryptedText(findTestObject("Object Repository/Amazon_Location/Page_Amazon Sign-In/input_password"), "MAPjDJh7XRfzOPtg0Z9QNQ=="): Text ****** has been set on object 'Object Repository/Amazon_Location/Page_Amazon Sign-In/input_password'

26-01-2024T22:25:32 - [MESSAGE][PASSED] - Text ****** has been set on object 'Object Repository/Amazon_Location/Page_Amazon Sign-In/input_password'

26-01-2024T22:25:32 - [TEST_STEP][PASSED] - click(findTestObject("Object Repository/Amazon_Location/Page_Amazon Sign-In/inputsignInSubmit")): Object: 'Object Repository/Amazon_Location/Page_Amazon Sign-In/inputsignInSubmit' is clicked on

26-01-2024T22:25:33 - [MESSAGE][PASSED] - Object: 'Object Repository/Amazon_Location/Page_Amazon Sign-In/inputsignInSubmit' is clicked on

26-01-2024T22:25:33 - [TEST_STEP][PASSED] - click(findTestObject("Object Repository/Amazon_Location/Page_Amazon.com. Spend less. Smile more/span_Deliver to")): Object: 'Object Repository/Amazon_Location/Page_Amazon.com. Spend less. Smile more/span_Deliver to' is clicked on

26-01-2024T22:25:38 - [MESSAGE][PASSED] - Object: 'Object Repository/Amazon_Location/Page_Amazon.com. Spend less. Smile more/span_Deliver to' is clicked on

26-01-2024T22:25:38 - [TEST_STEP][PASSED] - setText(findTestObject("Object Repository/Amazon_Location/Page_Amazon.com. Spend less. Smile more/inputGLUXZipUpdateInput"), "10005"): Text '10005' is set on object 'Object Repository/Amazon_Location/Page_Amazon.com. Spend less. Smile more/inputGLUXZipUpdateInput'

26-01-2024T22:25:40 - [MESSAGE][PASSED] - Text '10005' is set on object 'Object Repository/Amazon_Location/Page_Amazon.com. Spend less. Smile more/inputGLUXZipUpdateInput'

26-01-2024T22:25:40 - [TEST_STEP][PASSED] - click(findTestObject("Object Repository/Amazon_Location/Page_Amazon.com. Spend less. Smile more/input_a-button-input")): Object: 'Object Repository/Amazon_Location/Page_Amazon.com. Spend less. Smile more/input_a-button-input' is clicked on

26-01-2024T22:25:41 - [MESSAGE][PASSED] - Object: 'Object Repository/Amazon_Location/Page_Amazon.com. Spend less. Smile more/input_a-button-input' is clicked on

26-01-2024T22:25:41 - [TEST_STEP][PASSED] - closeBrowser(): Browser is closed

26-01-2024T22:25:41 - [MESSAGE][PASSED] - Browser is closed]]></system-out>
         <system-err><![CDATA[]]></system-err>
      </testcase>
      <testcase name="Test Cases/Data_Driven_Testing/TC_Amazon_Zip_06" time="18.217" classname="Test Cases/Data_Driven_Testing/TC_Amazon_Zip_06" status="PASSED">
         <system-out><![CDATA[26-01-2024T22:25:41 - [TEST_CASE][PASSED] - Test Cases/Data_Driven_Testing/TC_Amazon_Zip_06: Test Cases/Data_Driven_Testing/TC_Amazon_Zip_06

26-01-2024T22:25:41 - [TEST_STEP][PASSED] - openBrowser(""): Browser is opened with url: ''

26-01-2024T22:25:41 - [MESSAGE][INFO] - Starting 'Chrome' driver

26-01-2024T22:25:41 - [MESSAGE][INFO] - Action delay is set to 0 milliseconds

26-01-2024T22:25:43 - [MESSAGE][PASSED] - Browser is opened with url: ''

26-01-2024T22:25:43 - [TEST_STEP][PASSED] - navigateToUrl("https://www.amazon.com/"): Navigate to 'https://www.amazon.com/' successfully

26-01-2024T22:25:45 - [MESSAGE][PASSED] - Navigate to 'https://www.amazon.com/' successfully

26-01-2024T22:25:45 - [TEST_STEP][PASSED] - click(findTestObject("Object Repository/Amazon_Location/Page_Amazon.com. Spend less. Smile more/span_Hello, sign in")): Object: 'Object Repository/Amazon_Location/Page_Amazon.com. Spend less. Smile more/span_Hello, sign in' is clicked on

26-01-2024T22:25:47 - [MESSAGE][PASSED] - Object: 'Object Repository/Amazon_Location/Page_Amazon.com. Spend less. Smile more/span_Hello, sign in' is clicked on

26-01-2024T22:25:47 - [TEST_STEP][PASSED] - setText(findTestObject("Object Repository/Amazon_Location/Page_Amazon Sign-In/input_email"), "tejach312@gmail.com"): Text 'tejach312@gmail.com' is set on object 'Object Repository/Amazon_Location/Page_Amazon Sign-In/input_email'

26-01-2024T22:25:48 - [MESSAGE][PASSED] - Text 'tejach312@gmail.com' is set on object 'Object Repository/Amazon_Location/Page_Amazon Sign-In/input_email'

26-01-2024T22:25:48 - [TEST_STEP][PASSED] - click(findTestObject("Object Repository/Amazon_Location/Page_Amazon Sign-In/inputcontinue")): Object: 'Object Repository/Amazon_Location/Page_Amazon Sign-In/inputcontinue' is clicked on

26-01-2024T22:25:50 - [MESSAGE][PASSED] - Object: 'Object Repository/Amazon_Location/Page_Amazon Sign-In/inputcontinue' is clicked on

26-01-2024T22:25:50 - [TEST_STEP][PASSED] - setEncryptedText(findTestObject("Object Repository/Amazon_Location/Page_Amazon Sign-In/input_password"), "MAPjDJh7XRfzOPtg0Z9QNQ=="): Text ****** has been set on object 'Object Repository/Amazon_Location/Page_Amazon Sign-In/input_password'

26-01-2024T22:25:51 - [MESSAGE][PASSED] - Text ****** has been set on object 'Object Repository/Amazon_Location/Page_Amazon Sign-In/input_password'

26-01-2024T22:25:51 - [TEST_STEP][PASSED] - click(findTestObject("Object Repository/Amazon_Location/Page_Amazon Sign-In/inputsignInSubmit")): Object: 'Object Repository/Amazon_Location/Page_Amazon Sign-In/inputsignInSubmit' is clicked on

26-01-2024T22:25:51 - [MESSAGE][PASSED] - Object: 'Object Repository/Amazon_Location/Page_Amazon Sign-In/inputsignInSubmit' is clicked on

26-01-2024T22:25:51 - [TEST_STEP][PASSED] - click(findTestObject("Object Repository/Amazon_Location/Page_Amazon.com. Spend less. Smile more/span_Deliver to")): Object: 'Object Repository/Amazon_Location/Page_Amazon.com. Spend less. Smile more/span_Deliver to' is clicked on

26-01-2024T22:25:57 - [MESSAGE][PASSED] - Object: 'Object Repository/Amazon_Location/Page_Amazon.com. Spend less. Smile more/span_Deliver to' is clicked on

26-01-2024T22:25:57 - [TEST_STEP][PASSED] - setText(findTestObject("Object Repository/Amazon_Location/Page_Amazon.com. Spend less. Smile more/inputGLUXZipUpdateInput"), "10005"): Text '10005' is set on object 'Object Repository/Amazon_Location/Page_Amazon.com. Spend less. Smile more/inputGLUXZipUpdateInput'

26-01-2024T22:25:59 - [MESSAGE][PASSED] - Text '10005' is set on object 'Object Repository/Amazon_Location/Page_Amazon.com. Spend less. Smile more/inputGLUXZipUpdateInput'

26-01-2024T22:25:59 - [TEST_STEP][PASSED] - click(findTestObject("Object Repository/Amazon_Location/Page_Amazon.com. Spend less. Smile more/input_a-button-input")): Object: 'Object Repository/Amazon_Location/Page_Amazon.com. Spend less. Smile more/input_a-button-input' is clicked on

26-01-2024T22:25:59 - [MESSAGE][PASSED] - Object: 'Object Repository/Amazon_Location/Page_Amazon.com. Spend less. Smile more/input_a-button-input' is clicked on

26-01-2024T22:25:59 - [TEST_STEP][PASSED] - closeBrowser(): Browser is closed

26-01-2024T22:25:59 - [MESSAGE][PASSED] - Browser is closed]]></system-out>
         <system-err><![CDATA[]]></system-err>
      </testcase>
      <testcase name="Test Cases/Data_Driven_Testing/TC_Amazon_TodaysDeals_05" time="21.284" classname="Test Cases/Data_Driven_Testing/TC_Amazon_TodaysDeals_05" status="PASSED">
         <system-out><![CDATA[26-01-2024T22:26:00 - [TEST_CASE][PASSED] - Test Cases/Data_Driven_Testing/TC_Amazon_TodaysDeals_05: Test Cases/Data_Driven_Testing/TC_Amazon_TodaysDeals_05

26-01-2024T22:26:00 - [TEST_STEP][PASSED] - openBrowser(""): Browser is opened with url: ''

26-01-2024T22:26:00 - [MESSAGE][INFO] - Starting 'Chrome' driver

26-01-2024T22:26:00 - [MESSAGE][INFO] - Action delay is set to 0 milliseconds

26-01-2024T22:26:01 - [MESSAGE][PASSED] - Browser is opened with url: ''

26-01-2024T22:26:01 - [TEST_STEP][PASSED] - navigateToUrl("https://www.amazon.com/"): Navigate to 'https://www.amazon.com/' successfully

26-01-2024T22:26:03 - [MESSAGE][PASSED] - Navigate to 'https://www.amazon.com/' successfully

26-01-2024T22:26:03 - [TEST_STEP][PASSED] - click(findTestObject("Object Repository/Amazon_Deals_OR/Page_Amazon.com. Spend less. Smile more/span_Hello, sign in")): Object: 'Object Repository/Amazon_Deals_OR/Page_Amazon.com. Spend less. Smile more/span_Hello, sign in' is clicked on

26-01-2024T22:26:05 - [MESSAGE][PASSED] - Object: 'Object Repository/Amazon_Deals_OR/Page_Amazon.com. Spend less. Smile more/span_Hello, sign in' is clicked on

26-01-2024T22:26:05 - [TEST_STEP][PASSED] - setText(findTestObject("Object Repository/Amazon_Deals_OR/Page_Amazon Sign-In/input_email"), "tejach312@gmail.com"): Text 'tejach312@gmail.com' is set on object 'Object Repository/Amazon_Deals_OR/Page_Amazon Sign-In/input_email'

26-01-2024T22:26:07 - [MESSAGE][PASSED] - Text 'tejach312@gmail.com' is set on object 'Object Repository/Amazon_Deals_OR/Page_Amazon Sign-In/input_email'

26-01-2024T22:26:07 - [TEST_STEP][PASSED] - click(findTestObject("Object Repository/Amazon_Deals_OR/Page_Amazon Sign-In/inputcontinue")): Object: 'Object Repository/Amazon_Deals_OR/Page_Amazon Sign-In/inputcontinue' is clicked on

26-01-2024T22:26:09 - [MESSAGE][PASSED] - Object: 'Object Repository/Amazon_Deals_OR/Page_Amazon Sign-In/inputcontinue' is clicked on

26-01-2024T22:26:09 - [TEST_STEP][PASSED] - setEncryptedText(findTestObject("Object Repository/Amazon_Deals_OR/Page_Amazon Sign-In/input_password"), "MAPjDJh7XRfzOPtg0Z9QNQ=="): Text ****** has been set on object 'Object Repository/Amazon_Deals_OR/Page_Amazon Sign-In/input_password'

26-01-2024T22:26:10 - [MESSAGE][PASSED] - Text ****** has been set on object 'Object Repository/Amazon_Deals_OR/Page_Amazon Sign-In/input_password'

26-01-2024T22:26:10 - [TEST_STEP][PASSED] - click(findTestObject("Object Repository/Amazon_Deals_OR/Page_Amazon Sign-In/inputsignInSubmit")): Object: 'Object Repository/Amazon_Deals_OR/Page_Amazon Sign-In/inputsignInSubmit' is clicked on

26-01-2024T22:26:11 - [MESSAGE][PASSED] - Object: 'Object Repository/Amazon_Deals_OR/Page_Amazon Sign-In/inputsignInSubmit' is clicked on

26-01-2024T22:26:11 - [TEST_STEP][PASSED] - click(findTestObject("Object Repository/Amazon_Deals_OR/Page_Amazon.com. Spend less. Smile more/a_Todays Deals")): Object: 'Object Repository/Amazon_Deals_OR/Page_Amazon.com. Spend less. Smile more/a_Todays Deals' is clicked on

26-01-2024T22:26:20 - [MESSAGE][PASSED] - Object: 'Object Repository/Amazon_Deals_OR/Page_Amazon.com. Spend less. Smile more/a_Todays Deals' is clicked on

26-01-2024T22:26:20 - [TEST_STEP][PASSED] - closeBrowser(): Browser is closed

26-01-2024T22:26:21 - [MESSAGE][PASSED] - Browser is closed]]></system-out>
         <system-err><![CDATA[]]></system-err>
      </testcase>
      <testcase name="Test Cases/Data_Driven_Testing/TC_Amazon_TodaysDeals_05" time="22.068" classname="Test Cases/Data_Driven_Testing/TC_Amazon_TodaysDeals_05" status="PASSED">
         <system-out><![CDATA[26-01-2024T22:26:21 - [TEST_CASE][PASSED] - Test Cases/Data_Driven_Testing/TC_Amazon_TodaysDeals_05: Test Cases/Data_Driven_Testing/TC_Amazon_TodaysDeals_05

26-01-2024T22:26:21 - [TEST_STEP][PASSED] - openBrowser(""): Browser is opened with url: ''

26-01-2024T22:26:21 - [MESSAGE][INFO] - Starting 'Chrome' driver

26-01-2024T22:26:21 - [MESSAGE][INFO] - Action delay is set to 0 milliseconds

26-01-2024T22:26:22 - [MESSAGE][PASSED] - Browser is opened with url: ''

26-01-2024T22:26:22 - [TEST_STEP][PASSED] - navigateToUrl("https://www.amazon.com/"): Navigate to 'https://www.amazon.com/' successfully

26-01-2024T22:26:25 - [MESSAGE][PASSED] - Navigate to 'https://www.amazon.com/' successfully

26-01-2024T22:26:25 - [TEST_STEP][PASSED] - click(findTestObject("Object Repository/Amazon_Deals_OR/Page_Amazon.com. Spend less. Smile more/span_Hello, sign in")): Object: 'Object Repository/Amazon_Deals_OR/Page_Amazon.com. Spend less. Smile more/span_Hello, sign in' is clicked on

26-01-2024T22:26:32 - [MESSAGE][PASSED] - Object: 'Object Repository/Amazon_Deals_OR/Page_Amazon.com. Spend less. Smile more/span_Hello, sign in' is clicked on

26-01-2024T22:26:32 - [TEST_STEP][PASSED] - setText(findTestObject("Object Repository/Amazon_Deals_OR/Page_Amazon Sign-In/input_email"), "tejach312@gmail.com"): Text 'tejach312@gmail.com' is set on object 'Object Repository/Amazon_Deals_OR/Page_Amazon Sign-In/input_email'

26-01-2024T22:26:34 - [MESSAGE][PASSED] - Text 'tejach312@gmail.com' is set on object 'Object Repository/Amazon_Deals_OR/Page_Amazon Sign-In/input_email'

26-01-2024T22:26:34 - [TEST_STEP][PASSED] - click(findTestObject("Object Repository/Amazon_Deals_OR/Page_Amazon Sign-In/inputcontinue")): Object: 'Object Repository/Amazon_Deals_OR/Page_Amazon Sign-In/inputcontinue' is clicked on

26-01-2024T22:26:36 - [MESSAGE][PASSED] - Object: 'Object Repository/Amazon_Deals_OR/Page_Amazon Sign-In/inputcontinue' is clicked on

26-01-2024T22:26:36 - [TEST_STEP][PASSED] - setEncryptedText(findTestObject("Object Repository/Amazon_Deals_OR/Page_Amazon Sign-In/input_password"), "MAPjDJh7XRfzOPtg0Z9QNQ=="): Text ****** has been set on object 'Object Repository/Amazon_Deals_OR/Page_Amazon Sign-In/input_password'

26-01-2024T22:26:37 - [MESSAGE][PASSED] - Text ****** has been set on object 'Object Repository/Amazon_Deals_OR/Page_Amazon Sign-In/input_password'

26-01-2024T22:26:37 - [TEST_STEP][PASSED] - click(findTestObject("Object Repository/Amazon_Deals_OR/Page_Amazon Sign-In/inputsignInSubmit")): Object: 'Object Repository/Amazon_Deals_OR/Page_Amazon Sign-In/inputsignInSubmit' is clicked on

26-01-2024T22:26:37 - [MESSAGE][PASSED] - Object: 'Object Repository/Amazon_Deals_OR/Page_Amazon Sign-In/inputsignInSubmit' is clicked on

26-01-2024T22:26:37 - [TEST_STEP][PASSED] - click(findTestObject("Object Repository/Amazon_Deals_OR/Page_Amazon.com. Spend less. Smile more/a_Todays Deals")): Object: 'Object Repository/Amazon_Deals_OR/Page_Amazon.com. Spend less. Smile more/a_Todays Deals' is clicked on

26-01-2024T22:26:42 - [MESSAGE][PASSED] - Object: 'Object Repository/Amazon_Deals_OR/Page_Amazon.com. Spend less. Smile more/a_Todays Deals' is clicked on

26-01-2024T22:26:42 - [TEST_STEP][PASSED] - closeBrowser(): Browser is closed

26-01-2024T22:26:43 - [MESSAGE][PASSED] - Browser is closed]]></system-out>
         <system-err><![CDATA[]]></system-err>
      </testcase>
      <testcase name="Test Cases/Data_Driven_Testing/TC_Amazon_TodaysDeals_05" time="41.108" classname="Test Cases/Data_Driven_Testing/TC_Amazon_TodaysDeals_05" status="PASSED">
         <system-out><![CDATA[26-01-2024T22:26:43 - [TEST_CASE][PASSED] - Test Cases/Data_Driven_Testing/TC_Amazon_TodaysDeals_05: Test Cases/Data_Driven_Testing/TC_Amazon_TodaysDeals_05

26-01-2024T22:26:43 - [TEST_STEP][PASSED] - openBrowser(""): Browser is opened with url: ''

26-01-2024T22:26:43 - [MESSAGE][INFO] - Starting 'Chrome' driver

26-01-2024T22:26:43 - [MESSAGE][INFO] - Action delay is set to 0 milliseconds

26-01-2024T22:26:44 - [MESSAGE][PASSED] - Browser is opened with url: ''

26-01-2024T22:26:44 - [TEST_STEP][PASSED] - navigateToUrl("https://www.amazon.com/"): Navigate to 'https://www.amazon.com/' successfully

26-01-2024T22:26:46 - [MESSAGE][PASSED] - Navigate to 'https://www.amazon.com/' successfully

26-01-2024T22:26:46 - [TEST_STEP][PASSED] - click(findTestObject("Object Repository/Amazon_Deals_OR/Page_Amazon.com. Spend less. Smile more/span_Hello, sign in")): Object: 'Object Repository/Amazon_Deals_OR/Page_Amazon.com. Spend less. Smile more/span_Hello, sign in' is clicked on

26-01-2024T22:27:12 - [MESSAGE][PASSED] - Object: 'Object Repository/Amazon_Deals_OR/Page_Amazon.com. Spend less. Smile more/span_Hello, sign in' is clicked on

26-01-2024T22:27:12 - [TEST_STEP][PASSED] - setText(findTestObject("Object Repository/Amazon_Deals_OR/Page_Amazon Sign-In/input_email"), "tejach312@gmail.com"): Text 'tejach312@gmail.com' is set on object 'Object Repository/Amazon_Deals_OR/Page_Amazon Sign-In/input_email'

26-01-2024T22:27:14 - [MESSAGE][PASSED] - Text 'tejach312@gmail.com' is set on object 'Object Repository/Amazon_Deals_OR/Page_Amazon Sign-In/input_email'

26-01-2024T22:27:14 - [TEST_STEP][PASSED] - click(findTestObject("Object Repository/Amazon_Deals_OR/Page_Amazon Sign-In/inputcontinue")): Object: 'Object Repository/Amazon_Deals_OR/Page_Amazon Sign-In/inputcontinue' is clicked on

26-01-2024T22:27:15 - [MESSAGE][PASSED] - Object: 'Object Repository/Amazon_Deals_OR/Page_Amazon Sign-In/inputcontinue' is clicked on

26-01-2024T22:27:15 - [TEST_STEP][PASSED] - setEncryptedText(findTestObject("Object Repository/Amazon_Deals_OR/Page_Amazon Sign-In/input_password"), "MAPjDJh7XRfzOPtg0Z9QNQ=="): Text ****** has been set on object 'Object Repository/Amazon_Deals_OR/Page_Amazon Sign-In/input_password'

26-01-2024T22:27:17 - [MESSAGE][PASSED] - Text ****** has been set on object 'Object Repository/Amazon_Deals_OR/Page_Amazon Sign-In/input_password'

26-01-2024T22:27:17 - [TEST_STEP][PASSED] - click(findTestObject("Object Repository/Amazon_Deals_OR/Page_Amazon Sign-In/inputsignInSubmit")): Object: 'Object Repository/Amazon_Deals_OR/Page_Amazon Sign-In/inputsignInSubmit' is clicked on

26-01-2024T22:27:17 - [MESSAGE][PASSED] - Object: 'Object Repository/Amazon_Deals_OR/Page_Amazon Sign-In/inputsignInSubmit' is clicked on

26-01-2024T22:27:17 - [TEST_STEP][PASSED] - click(findTestObject("Object Repository/Amazon_Deals_OR/Page_Amazon.com. Spend less. Smile more/a_Todays Deals")): Object: 'Object Repository/Amazon_Deals_OR/Page_Amazon.com. Spend less. Smile more/a_Todays Deals' is clicked on

26-01-2024T22:27:24 - [MESSAGE][PASSED] - Object: 'Object Repository/Amazon_Deals_OR/Page_Amazon.com. Spend less. Smile more/a_Todays Deals' is clicked on

26-01-2024T22:27:24 - [TEST_STEP][PASSED] - closeBrowser(): Browser is closed

26-01-2024T22:27:24 - [MESSAGE][PASSED] - Browser is closed]]></system-out>
         <system-err><![CDATA[]]></system-err>
      </testcase>
      <system-out><![CDATA[26-01-2024T22:25:01 - [TEST_SUITE][PASSED] - Amazon_Deals_Zipcode: Test Cases/Data_Driven_Testing/TC_Amazon_TodaysDeals_05]]></system-out>
      <system-err><![CDATA[]]></system-err>
   </testsuite>
</testsuites>
